<?xml version="1.0" encoding="UTF-8"?>
<robot generator="Robot 3.1.2 (Python 3.5.3 on linux)" generated="20200323 20:53:41.469" rpa="false">
<suite name="Array Test &amp; Number Test &amp; Statistics Test" id="s1">
<suite source="/var/lib/jenkins/workspace/robot/array_test.robot" name="Array Test" id="s1-s1">
<test name="Generatiing valid array." id="s1-s1-t1">
<kw library="libraries.ArrayGeneratorLibrary" name="Generate integer array">
<arguments>
<arg>${size}</arg>
<arg>${minimum}</arg>
<arg>${maximum}</arg>
</arguments>
<assign>
<var>${array}</var>
</assign>
<msg timestamp="20200323 20:53:41.499" level="INFO">${array} = [5, 10, 6, 1, 7, 4, 2, 4, 1, 2, 8, 8, 8, 8, 1, 4, 1, 4, 1, 5, 2, 5, 5, 6, 7, 2, 9, 6, 3, 2, 1, 5, 1, 10, 4, 7, 2, 5, 10, 3, 6, 4, 7, 3, 4, 6, 10, 5, 4, 4, 3, 8, 10, 2, 4, 1, 10, 4, 6, 8, 10, 2, 8, 2, ...</msg>
<status status="PASS" endtime="20200323 20:53:41.499" starttime="20200323 20:53:41.499"></status>
</kw>
<kw library="BuiltIn" name="Evaluate">
<doc>Evaluates the given expression in Python and returns the results.</doc>
<arguments>
<arg>len($array)</arg>
</arguments>
<assign>
<var>${length}</var>
</assign>
<msg timestamp="20200323 20:53:41.502" level="INFO">${length} = 100</msg>
<status status="PASS" endtime="20200323 20:53:41.502" starttime="20200323 20:53:41.499"></status>
</kw>
<kw library="BuiltIn" name="Evaluate">
<doc>Evaluates the given expression in Python and returns the results.</doc>
<arguments>
<arg>min($array)</arg>
</arguments>
<assign>
<var>${min}</var>
</assign>
<msg timestamp="20200323 20:53:41.503" level="INFO">${min} = 1</msg>
<status status="PASS" endtime="20200323 20:53:41.503" starttime="20200323 20:53:41.502"></status>
</kw>
<kw library="BuiltIn" name="Evaluate">
<doc>Evaluates the given expression in Python and returns the results.</doc>
<arguments>
<arg>max($array)</arg>
</arguments>
<assign>
<var>${max}</var>
</assign>
<msg timestamp="20200323 20:53:41.504" level="INFO">${max} = 10</msg>
<status status="PASS" endtime="20200323 20:53:41.504" starttime="20200323 20:53:41.503"></status>
</kw>
<kw library="BuiltIn" name="Should Be Equal">
<doc>Fails if the given objects are unequal.</doc>
<arguments>
<arg>${length}</arg>
<arg>${size}</arg>
</arguments>
<status status="PASS" endtime="20200323 20:53:41.504" starttime="20200323 20:53:41.504"></status>
</kw>
<kw library="BuiltIn" name="Should Be True">
<doc>Fails if the given condition is not true.</doc>
<arguments>
<arg>${min} &gt;= ${minimum}</arg>
</arguments>
<status status="PASS" endtime="20200323 20:53:41.505" starttime="20200323 20:53:41.505"></status>
</kw>
<kw library="BuiltIn" name="Should Be True">
<doc>Fails if the given condition is not true.</doc>
<arguments>
<arg>${max} &lt;= ${maximum}</arg>
</arguments>
<status status="PASS" endtime="20200323 20:53:41.505" starttime="20200323 20:53:41.505"></status>
</kw>
<tags>
<tag>SimpleTest</tag>
</tags>
<status status="PASS" endtime="20200323 20:53:41.506" critical="yes" starttime="20200323 20:53:41.498"></status>
</test>
<test name="Generatiing valid array using decorator." id="s1-s1-t2">
<kw name="Generate 10 numbers, from 1 to 10">
<assign>
<var>${array}</var>
</assign>
<kw library="libraries.ArrayGeneratorLibrary" name="Generate integer array">
<arguments>
<arg>${n}</arg>
<arg>${from}</arg>
<arg>${to}</arg>
</arguments>
<assign>
<var>${result}</var>
</assign>
<msg timestamp="20200323 20:53:41.507" level="INFO">${result} = [8, 10, 5, 7, 9, 10, 6, 4, 6, 10]</msg>
<status status="PASS" endtime="20200323 20:53:41.507" starttime="20200323 20:53:41.507"></status>
</kw>
<msg timestamp="20200323 20:53:41.507" level="INFO">${array} = [8, 10, 5, 7, 9, 10, 6, 4, 6, 10]</msg>
<status status="PASS" endtime="20200323 20:53:41.507" starttime="20200323 20:53:41.506"></status>
</kw>
<kw library="BuiltIn" name="Evaluate">
<doc>Evaluates the given expression in Python and returns the results.</doc>
<arguments>
<arg>len($array)</arg>
</arguments>
<assign>
<var>${length}</var>
</assign>
<msg timestamp="20200323 20:53:41.508" level="INFO">${length} = 10</msg>
<status status="PASS" endtime="20200323 20:53:41.508" starttime="20200323 20:53:41.507"></status>
</kw>
<kw library="BuiltIn" name="Evaluate">
<doc>Evaluates the given expression in Python and returns the results.</doc>
<arguments>
<arg>min($array)</arg>
</arguments>
<assign>
<var>${min}</var>
</assign>
<msg timestamp="20200323 20:53:41.509" level="INFO">${min} = 4</msg>
<status status="PASS" endtime="20200323 20:53:41.509" starttime="20200323 20:53:41.508"></status>
</kw>
<kw library="BuiltIn" name="Evaluate">
<doc>Evaluates the given expression in Python and returns the results.</doc>
<arguments>
<arg>max($array)</arg>
</arguments>
<assign>
<var>${max}</var>
</assign>
<msg timestamp="20200323 20:53:41.510" level="INFO">${max} = 10</msg>
<status status="PASS" endtime="20200323 20:53:41.510" starttime="20200323 20:53:41.509"></status>
</kw>
<kw library="BuiltIn" name="Should Be Equal">
<doc>Fails if the given objects are unequal.</doc>
<arguments>
<arg>${length}</arg>
<arg>${10}</arg>
</arguments>
<status status="PASS" endtime="20200323 20:53:41.510" starttime="20200323 20:53:41.510"></status>
</kw>
<kw library="BuiltIn" name="Should Be True">
<doc>Fails if the given condition is not true.</doc>
<arguments>
<arg>${min} &gt;= ${1}</arg>
</arguments>
<status status="PASS" endtime="20200323 20:53:41.511" starttime="20200323 20:53:41.510"></status>
</kw>
<kw library="BuiltIn" name="Should Be True">
<doc>Fails if the given condition is not true.</doc>
<arguments>
<arg>${max} &lt;= ${10}</arg>
</arguments>
<status status="PASS" endtime="20200323 20:53:41.511" starttime="20200323 20:53:41.511"></status>
</kw>
<tags>
<tag>MiddleTest</tag>
</tags>
<status status="PASS" endtime="20200323 20:53:41.511" critical="yes" starttime="20200323 20:53:41.506"></status>
</test>
<test name="Generating valid array and search even and odd numbers." id="s1-s1-t3">
<kw library="BuiltIn" name="Create List">
<doc>Returns a list containing given items.</doc>
<arguments>
<arg>even</arg>
<arg>odd</arg>
</arguments>
<assign>
<var>${types}</var>
</assign>
<msg timestamp="20200323 20:53:41.512" level="INFO">${types} = ['even', 'odd']</msg>
<status status="PASS" endtime="20200323 20:53:41.512" starttime="20200323 20:53:41.512"></status>
</kw>
<kw name="Generate 100 numbers, from 1 to 10">
<assign>
<var>${array}</var>
</assign>
<kw library="libraries.ArrayGeneratorLibrary" name="Generate integer array">
<arguments>
<arg>${n}</arg>
<arg>${from}</arg>
<arg>${to}</arg>
</arguments>
<assign>
<var>${result}</var>
</assign>
<msg timestamp="20200323 20:53:41.513" level="INFO">${result} = [6, 6, 7, 2, 10, 8, 1, 4, 2, 1, 1, 4, 5, 2, 10, 7, 5, 3, 8, 5, 6, 4, 9, 6, 5, 6, 10, 5, 7, 2, 1, 8, 10, 6, 6, 10, 3, 4, 10, 5, 9, 5, 9, 6, 1, 5, 3, 2, 10, 4, 3, 2, 1, 2, 7, 9, 7, 9, 1, 6, 1, 9, 3, 3, ...</msg>
<status status="PASS" endtime="20200323 20:53:41.513" starttime="20200323 20:53:41.513"></status>
</kw>
<msg timestamp="20200323 20:53:41.513" level="INFO">${array} = [6, 6, 7, 2, 10, 8, 1, 4, 2, 1, 1, 4, 5, 2, 10, 7, 5, 3, 8, 5, 6, 4, 9, 6, 5, 6, 10, 5, 7, 2, 1, 8, 10, 6, 6, 10, 3, 4, 10, 5, 9, 5, 9, 6, 1, 5, 3, 2, 10, 4, 3, 2, 1, 2, 7, 9, 7, 9, 1, 6, 1, 9, 3, 3, ...</msg>
<status status="PASS" endtime="20200323 20:53:41.513" starttime="20200323 20:53:41.512"></status>
</kw>
<kw type="for" name="${type} IN [ @{types} ]">
<kw type="foritem" name="${type} = even">
<kw library="BuiltIn" name="Run Keyword">
<doc>Executes the given keyword with the given arguments.</doc>
<arguments>
<arg>Find ${type} number in the list</arg>
<arg>${array}</arg>
</arguments>
<assign>
<var>${numbers}</var>
</assign>
<kw name="Find even number in the list">
<arguments>
<arg>${array}</arg>
</arguments>
<kw library="BuiltIn" name="Evaluate">
<doc>Evaluates the given expression in Python and returns the results.</doc>
<arguments>
<arg>[i for i in $list if i % 2 == 0]</arg>
</arguments>
<assign>
<var>${evens}</var>
</assign>
<msg timestamp="20200323 20:53:41.516" level="INFO">${evens} = [6, 6, 2, 10, 8, 4, 2, 4, 2, 10, 8, 6, 4, 6, 6, 10, 2, 8, 10, 6, 6, 10, 4, 10, 6, 2, 10, 4, 2, 2, 6, 4, 6, 8, 6, 2, 6, 2, 8, 8, 2, 6, 8, 4, 8, 4, 6, 8]</msg>
<status status="PASS" endtime="20200323 20:53:41.516" starttime="20200323 20:53:41.515"></status>
</kw>
<status status="PASS" endtime="20200323 20:53:41.516" starttime="20200323 20:53:41.515"></status>
</kw>
<msg timestamp="20200323 20:53:41.516" level="INFO">${numbers} = [6, 6, 2, 10, 8, 4, 2, 4, 2, 10, 8, 6, 4, 6, 6, 10, 2, 8, 10, 6, 6, 10, 4, 10, 6, 2, 10, 4, 2, 2, 6, 4, 6, 8, 6, 2, 6, 2, 8, 8, 2, 6, 8, 4, 8, 4, 6, 8]</msg>
<status status="PASS" endtime="20200323 20:53:41.516" starttime="20200323 20:53:41.514"></status>
</kw>
<kw library="BuiltIn" name="Evaluate">
<doc>Evaluates the given expression in Python and returns the results.</doc>
<arguments>
<arg>len($numbers)</arg>
</arguments>
<assign>
<var>${length}</var>
</assign>
<msg timestamp="20200323 20:53:41.517" level="INFO">${length} = 48</msg>
<status status="PASS" endtime="20200323 20:53:41.517" starttime="20200323 20:53:41.517"></status>
</kw>
<kw library="BuiltIn" name="Should Be True">
<doc>Fails if the given condition is not true.</doc>
<arguments>
<arg>${length} &gt;= ${1}</arg>
</arguments>
<status status="PASS" endtime="20200323 20:53:41.518" starttime="20200323 20:53:41.517"></status>
</kw>
<status status="PASS" endtime="20200323 20:53:41.518" starttime="20200323 20:53:41.514"></status>
</kw>
<kw type="foritem" name="${type} = odd">
<kw library="BuiltIn" name="Run Keyword">
<doc>Executes the given keyword with the given arguments.</doc>
<arguments>
<arg>Find ${type} number in the list</arg>
<arg>${array}</arg>
</arguments>
<assign>
<var>${numbers}</var>
</assign>
<kw name="Find odd number in the list">
<arguments>
<arg>${array}</arg>
</arguments>
<kw library="BuiltIn" name="Evaluate">
<doc>Evaluates the given expression in Python and returns the results.</doc>
<arguments>
<arg>[i for i in $list if i % 2 != 0]</arg>
</arguments>
<assign>
<var>${odds}</var>
</assign>
<msg timestamp="20200323 20:53:41.519" level="INFO">${odds} = [7, 1, 1, 1, 5, 7, 5, 3, 5, 9, 5, 5, 7, 1, 3, 5, 9, 5, 9, 1, 5, 3, 3, 1, 7, 9, 7, 9, 1, 1, 9, 3, 3, 9, 1, 9, 9, 3, 7, 3, 9, 9, 3, 7, 1, 5, 3, 3, 1, 3, 1, 1]</msg>
<status status="PASS" endtime="20200323 20:53:41.519" starttime="20200323 20:53:41.519"></status>
</kw>
<status status="PASS" endtime="20200323 20:53:41.520" starttime="20200323 20:53:41.518"></status>
</kw>
<msg timestamp="20200323 20:53:41.520" level="INFO">${numbers} = [7, 1, 1, 1, 5, 7, 5, 3, 5, 9, 5, 5, 7, 1, 3, 5, 9, 5, 9, 1, 5, 3, 3, 1, 7, 9, 7, 9, 1, 1, 9, 3, 3, 9, 1, 9, 9, 3, 7, 3, 9, 9, 3, 7, 1, 5, 3, 3, 1, 3, 1, 1]</msg>
<status status="PASS" endtime="20200323 20:53:41.520" starttime="20200323 20:53:41.518"></status>
</kw>
<kw library="BuiltIn" name="Evaluate">
<doc>Evaluates the given expression in Python and returns the results.</doc>
<arguments>
<arg>len($numbers)</arg>
</arguments>
<assign>
<var>${length}</var>
</assign>
<msg timestamp="20200323 20:53:41.520" level="INFO">${length} = 52</msg>
<status status="PASS" endtime="20200323 20:53:41.521" starttime="20200323 20:53:41.520"></status>
</kw>
<kw library="BuiltIn" name="Should Be True">
<doc>Fails if the given condition is not true.</doc>
<arguments>
<arg>${length} &gt;= ${1}</arg>
</arguments>
<status status="PASS" endtime="20200323 20:53:41.521" starttime="20200323 20:53:41.521"></status>
</kw>
<status status="PASS" endtime="20200323 20:53:41.521" starttime="20200323 20:53:41.518"></status>
</kw>
<status status="PASS" endtime="20200323 20:53:41.521" starttime="20200323 20:53:41.513"></status>
</kw>
<tags>
<tag>HardTest</tag>
</tags>
<status status="PASS" endtime="20200323 20:53:41.521" critical="yes" starttime="20200323 20:53:41.511"></status>
</test>
<doc>Python and Robot Framework.</doc>
<status status="PASS" endtime="20200323 20:53:41.522" starttime="20200323 20:53:41.493"></status>
</suite>
<suite source="/var/lib/jenkins/workspace/robot/number_test.robot" name="Number Test" id="s1-s2">
<test name="Search for the minimum." id="s1-s2-t1">
<kw library="libraries.ArrayGeneratorLibrary" name="Find minimum">
<arguments>
<arg>${5}</arg>
<arg>${10}</arg>
</arguments>
<assign>
<var>${min}</var>
</assign>
<msg timestamp="20200323 20:53:41.525" level="INFO">${min} = 5</msg>
<status status="PASS" endtime="20200323 20:53:41.525" starttime="20200323 20:53:41.525"></status>
</kw>
<kw library="BuiltIn" name="Should Be Equal">
<doc>Fails if the given objects are unequal.</doc>
<arguments>
<arg>${min}</arg>
<arg>${5}</arg>
</arguments>
<status status="PASS" endtime="20200323 20:53:41.526" starttime="20200323 20:53:41.525"></status>
</kw>
<kw library="libraries.ArrayGeneratorLibrary" name="Find minimum">
<arguments>
<arg>${0}</arg>
<arg>${-5}</arg>
</arguments>
<assign>
<var>${min}</var>
</assign>
<msg timestamp="20200323 20:53:41.526" level="INFO">${min} = -5</msg>
<status status="PASS" endtime="20200323 20:53:41.526" starttime="20200323 20:53:41.526"></status>
</kw>
<kw library="BuiltIn" name="Should Be Equal">
<doc>Fails if the given objects are unequal.</doc>
<arguments>
<arg>${min}</arg>
<arg>${-5}</arg>
</arguments>
<status status="PASS" endtime="20200323 20:53:41.526" starttime="20200323 20:53:41.526"></status>
</kw>
<kw library="libraries.ArrayGeneratorLibrary" name="Find minimum">
<arguments>
<arg>${5}</arg>
<arg>${5}</arg>
</arguments>
<assign>
<var>${min}</var>
</assign>
<msg timestamp="20200323 20:53:41.527" level="INFO">${min} = 5</msg>
<status status="PASS" endtime="20200323 20:53:41.527" starttime="20200323 20:53:41.527"></status>
</kw>
<kw library="BuiltIn" name="Should Be Equal">
<doc>Fails if the given objects are unequal.</doc>
<arguments>
<arg>${min}</arg>
<arg>${5}</arg>
</arguments>
<status status="PASS" endtime="20200323 20:53:41.527" starttime="20200323 20:53:41.527"></status>
</kw>
<tags>
<tag>SimpleTest</tag>
</tags>
<status status="PASS" endtime="20200323 20:53:41.527" critical="yes" starttime="20200323 20:53:41.525"></status>
</test>
<test name="Search for the maximum." id="s1-s2-t2">
<kw library="libraries.ArrayGeneratorLibrary" name="Find maximum">
<arguments>
<arg>${5}</arg>
<arg>${10}</arg>
</arguments>
<assign>
<var>${min}</var>
</assign>
<msg timestamp="20200323 20:53:41.528" level="INFO">${min} = 10</msg>
<status status="PASS" endtime="20200323 20:53:41.528" starttime="20200323 20:53:41.528"></status>
</kw>
<kw library="BuiltIn" name="Should Be Equal">
<doc>Fails if the given objects are unequal.</doc>
<arguments>
<arg>${min}</arg>
<arg>${10}</arg>
</arguments>
<status status="PASS" endtime="20200323 20:53:41.529" starttime="20200323 20:53:41.528"></status>
</kw>
<kw library="libraries.ArrayGeneratorLibrary" name="Find maximum">
<arguments>
<arg>${0}</arg>
<arg>${-5}</arg>
</arguments>
<assign>
<var>${min}</var>
</assign>
<msg timestamp="20200323 20:53:41.529" level="INFO">${min} = 0</msg>
<status status="PASS" endtime="20200323 20:53:41.529" starttime="20200323 20:53:41.529"></status>
</kw>
<kw library="BuiltIn" name="Should Be Equal">
<doc>Fails if the given objects are unequal.</doc>
<arguments>
<arg>${min}</arg>
<arg>${0}</arg>
</arguments>
<status status="PASS" endtime="20200323 20:53:41.530" starttime="20200323 20:53:41.530"></status>
</kw>
<kw library="libraries.ArrayGeneratorLibrary" name="Find maximum">
<arguments>
<arg>${5}</arg>
<arg>${5}</arg>
</arguments>
<assign>
<var>${min}</var>
</assign>
<msg timestamp="20200323 20:53:41.530" level="INFO">${min} = 5</msg>
<status status="PASS" endtime="20200323 20:53:41.530" starttime="20200323 20:53:41.530"></status>
</kw>
<kw library="BuiltIn" name="Should Be Equal">
<doc>Fails if the given objects are unequal.</doc>
<arguments>
<arg>${min}</arg>
<arg>${5}</arg>
</arguments>
<status status="PASS" endtime="20200323 20:53:41.530" starttime="20200323 20:53:41.530"></status>
</kw>
<tags>
<tag>SimpleTest</tag>
</tags>
<status status="PASS" endtime="20200323 20:53:41.531" critical="yes" starttime="20200323 20:53:41.528"></status>
</test>
<doc>Robot Framework tests.</doc>
<status status="PASS" endtime="20200323 20:53:41.531" starttime="20200323 20:53:41.522"></status>
</suite>
<suite source="/var/lib/jenkins/workspace/robot/statistics_test.robot" name="Statistics Test" id="s1-s3">
<test name="Generate valid uniform array" id="s1-s3-t1">
<kw library="libraries.Distributions" name="Generate uniform array">
<arguments>
<arg>${low}</arg>
<arg>${up}</arg>
<arg>${size}</arg>
</arguments>
<assign>
<var>${array}</var>
</assign>
<msg timestamp="20200323 20:53:41.921" level="INFO">${array} = [61 17  1 ... 39 58 63]</msg>
<status status="PASS" endtime="20200323 20:53:41.921" starttime="20200323 20:53:41.920"></status>
</kw>
<kw library="BuiltIn" name="Evaluate">
<doc>Evaluates the given expression in Python and returns the results.</doc>
<arguments>
<arg>len($array)</arg>
</arguments>
<assign>
<var>${length}</var>
</assign>
<msg timestamp="20200323 20:53:41.922" level="INFO">${length} = 10000</msg>
<status status="PASS" endtime="20200323 20:53:41.922" starttime="20200323 20:53:41.921"></status>
</kw>
<kw library="BuiltIn" name="Evaluate">
<doc>Evaluates the given expression in Python and returns the results.</doc>
<arguments>
<arg>min($array)</arg>
</arguments>
<assign>
<var>${min}</var>
</assign>
<msg timestamp="20200323 20:53:41.924" level="INFO">${min} = 1</msg>
<status status="PASS" endtime="20200323 20:53:41.924" starttime="20200323 20:53:41.922"></status>
</kw>
<kw library="BuiltIn" name="Evaluate">
<doc>Evaluates the given expression in Python and returns the results.</doc>
<arguments>
<arg>max($array)</arg>
</arguments>
<assign>
<var>${max}</var>
</assign>
<msg timestamp="20200323 20:53:41.926" level="INFO">${max} = 99</msg>
<status status="PASS" endtime="20200323 20:53:41.926" starttime="20200323 20:53:41.924"></status>
</kw>
<kw library="BuiltIn" name="Evaluate">
<doc>Evaluates the given expression in Python and returns the results.</doc>
<arguments>
<arg>($up + $low) / 2</arg>
</arguments>
<assign>
<var>${m_theory}</var>
</assign>
<msg timestamp="20200323 20:53:41.927" level="INFO">${m_theory} = 50.5</msg>
<status status="PASS" endtime="20200323 20:53:41.927" starttime="20200323 20:53:41.926"></status>
</kw>
<kw library="BuiltIn" name="Evaluate">
<doc>Evaluates the given expression in Python and returns the results.</doc>
<arguments>
<arg>$array.mean()</arg>
</arguments>
<assign>
<var>${m_practice}</var>
</assign>
<msg timestamp="20200323 20:53:41.928" level="INFO">${m_practice} = 50.0705</msg>
<status status="PASS" endtime="20200323 20:53:41.928" starttime="20200323 20:53:41.927"></status>
</kw>
<kw library="BuiltIn" name="Evaluate">
<doc>Evaluates the given expression in Python and returns the results.</doc>
<arguments>
<arg>(($up - $low + 1)**2 - 1) / 12</arg>
</arguments>
<assign>
<var>${d_theory}</var>
</assign>
<msg timestamp="20200323 20:53:41.929" level="INFO">${d_theory} = 833.25</msg>
<status status="PASS" endtime="20200323 20:53:41.929" starttime="20200323 20:53:41.928"></status>
</kw>
<kw name="Find deviation">
<arguments>
<arg>${array}</arg>
<arg>${m_theory}</arg>
</arguments>
<assign>
<var>${d_practice}</var>
</assign>
<kw library="BuiltIn" name="Evaluate">
<doc>Evaluates the given expression in Python and returns the results.</doc>
<arguments>
<arg>sum((xi - ${m_theory})**2 for xi in $array) / len($array)</arg>
</arguments>
<assign>
<var>${deviation}</var>
</assign>
<msg timestamp="20200323 20:53:41.960" level="INFO">${deviation} = 823.8358</msg>
<status status="PASS" endtime="20200323 20:53:41.960" starttime="20200323 20:53:41.930"></status>
</kw>
<msg timestamp="20200323 20:53:41.960" level="INFO">${d_practice} = 823.8358</msg>
<status status="PASS" endtime="20200323 20:53:41.961" starttime="20200323 20:53:41.930"></status>
</kw>
<kw library="BuiltIn" name="Should Be Equal">
<doc>Fails if the given objects are unequal.</doc>
<arguments>
<arg>${length}</arg>
<arg>${size}</arg>
</arguments>
<status status="PASS" endtime="20200323 20:53:41.961" starttime="20200323 20:53:41.961"></status>
</kw>
<kw library="BuiltIn" name="Should Be True">
<doc>Fails if the given condition is not true.</doc>
<arguments>
<arg>${min} &gt;= ${low}</arg>
</arguments>
<status status="PASS" endtime="20200323 20:53:41.962" starttime="20200323 20:53:41.961"></status>
</kw>
<kw library="BuiltIn" name="Should Be True">
<doc>Fails if the given condition is not true.</doc>
<arguments>
<arg>${max} &lt;= ${up}</arg>
</arguments>
<status status="PASS" endtime="20200323 20:53:41.962" starttime="20200323 20:53:41.962"></status>
</kw>
<kw library="BuiltIn" name="Should Be True">
<doc>Fails if the given condition is not true.</doc>
<arguments>
<arg>abs(${m_theory} - ${m_practice}) / max(${m_practice}, ${m_theory}) &lt;= ${e}</arg>
</arguments>
<status status="PASS" endtime="20200323 20:53:41.963" starttime="20200323 20:53:41.962"></status>
</kw>
<kw library="BuiltIn" name="Should Be True">
<doc>Fails if the given condition is not true.</doc>
<arguments>
<arg>abs(${d_theory} - ${d_practice}) / max(${d_practice}, ${d_theory}) &lt;= ${e}</arg>
</arguments>
<status status="PASS" endtime="20200323 20:53:41.963" starttime="20200323 20:53:41.963"></status>
</kw>
<doc>Uniform distribution test.Comparison of expectation and deviation.</doc>
<tags>
<tag>SimpleTest</tag>
</tags>
<status status="PASS" endtime="20200323 20:53:41.963" critical="yes" starttime="20200323 20:53:41.920"></status>
</test>
<test name="Generate valid binomial array" id="s1-s3-t2">
<kw library="libraries.Distributions" name="Generate binomial array">
<arguments>
<arg>${p}</arg>
<arg>${n}</arg>
<arg>${size}</arg>
</arguments>
<assign>
<var>${array}</var>
</assign>
<msg timestamp="20200323 20:53:41.966" level="INFO">${array} = [ 9 12 13 ...  8  8  9]</msg>
<status status="PASS" endtime="20200323 20:53:41.966" starttime="20200323 20:53:41.964"></status>
</kw>
<kw library="BuiltIn" name="Evaluate">
<doc>Evaluates the given expression in Python and returns the results.</doc>
<arguments>
<arg>len($array)</arg>
</arguments>
<assign>
<var>${length}</var>
</assign>
<msg timestamp="20200323 20:53:41.967" level="INFO">${length} = 10000</msg>
<status status="PASS" endtime="20200323 20:53:41.967" starttime="20200323 20:53:41.966"></status>
</kw>
<kw library="BuiltIn" name="Evaluate">
<doc>Evaluates the given expression in Python and returns the results.</doc>
<arguments>
<arg>min($array)</arg>
</arguments>
<assign>
<var>${min}</var>
</assign>
<msg timestamp="20200323 20:53:41.969" level="INFO">${min} = 1</msg>
<status status="PASS" endtime="20200323 20:53:41.969" starttime="20200323 20:53:41.967"></status>
</kw>
<kw library="BuiltIn" name="Evaluate">
<doc>Evaluates the given expression in Python and returns the results.</doc>
<arguments>
<arg>max($array)</arg>
</arguments>
<assign>
<var>${max}</var>
</assign>
<msg timestamp="20200323 20:53:41.971" level="INFO">${max} = 18</msg>
<status status="PASS" endtime="20200323 20:53:41.971" starttime="20200323 20:53:41.969"></status>
</kw>
<kw library="BuiltIn" name="Evaluate">
<doc>Evaluates the given expression in Python and returns the results.</doc>
<arguments>
<arg>$n * $p</arg>
</arguments>
<assign>
<var>${m_theory}</var>
</assign>
<msg timestamp="20200323 20:53:41.972" level="INFO">${m_theory} = 10.0</msg>
<status status="PASS" endtime="20200323 20:53:41.972" starttime="20200323 20:53:41.971"></status>
</kw>
<kw library="BuiltIn" name="Evaluate">
<doc>Evaluates the given expression in Python and returns the results.</doc>
<arguments>
<arg>$array.mean()</arg>
</arguments>
<assign>
<var>${m_practice}</var>
</assign>
<msg timestamp="20200323 20:53:41.973" level="INFO">${m_practice} = 9.9917</msg>
<status status="PASS" endtime="20200323 20:53:41.973" starttime="20200323 20:53:41.972"></status>
</kw>
<kw library="BuiltIn" name="Evaluate">
<doc>Evaluates the given expression in Python and returns the results.</doc>
<arguments>
<arg>($p * $n * (1-$p))</arg>
</arguments>
<assign>
<var>${d_theory}</var>
</assign>
<msg timestamp="20200323 20:53:41.974" level="INFO">${d_theory} = 5.0</msg>
<status status="PASS" endtime="20200323 20:53:41.974" starttime="20200323 20:53:41.973"></status>
</kw>
<kw name="Find deviation">
<arguments>
<arg>${array}</arg>
<arg>${m_theory}</arg>
</arguments>
<assign>
<var>${d_practice}</var>
</assign>
<kw library="BuiltIn" name="Evaluate">
<doc>Evaluates the given expression in Python and returns the results.</doc>
<arguments>
<arg>sum((xi - ${m_theory})**2 for xi in $array) / len($array)</arg>
</arguments>
<assign>
<var>${deviation}</var>
</assign>
<msg timestamp="20200323 20:53:42.004" level="INFO">${deviation} = 5.1231</msg>
<status status="PASS" endtime="20200323 20:53:42.004" starttime="20200323 20:53:41.975"></status>
</kw>
<msg timestamp="20200323 20:53:42.005" level="INFO">${d_practice} = 5.1231</msg>
<status status="PASS" endtime="20200323 20:53:42.005" starttime="20200323 20:53:41.974"></status>
</kw>
<kw library="BuiltIn" name="Should Be Equal">
<doc>Fails if the given objects are unequal.</doc>
<arguments>
<arg>${length}</arg>
<arg>${size}</arg>
</arguments>
<status status="PASS" endtime="20200323 20:53:42.005" starttime="20200323 20:53:42.005"></status>
</kw>
<kw library="BuiltIn" name="Should Be True">
<doc>Fails if the given condition is not true.</doc>
<arguments>
<arg>${min} &gt;= ${0}</arg>
</arguments>
<status status="PASS" endtime="20200323 20:53:42.006" starttime="20200323 20:53:42.005"></status>
</kw>
<kw library="BuiltIn" name="Should Be True">
<doc>Fails if the given condition is not true.</doc>
<arguments>
<arg>${max} &lt;= ${n}</arg>
</arguments>
<status status="PASS" endtime="20200323 20:53:42.006" starttime="20200323 20:53:42.006"></status>
</kw>
<kw library="BuiltIn" name="Should Be True">
<doc>Fails if the given condition is not true.</doc>
<arguments>
<arg>abs(${m_theory} - ${m_practice}) / max(${m_practice}, ${m_theory}) &lt;= ${e}</arg>
</arguments>
<status status="PASS" endtime="20200323 20:53:42.007" starttime="20200323 20:53:42.006"></status>
</kw>
<kw library="BuiltIn" name="Should Be True">
<doc>Fails if the given condition is not true.</doc>
<arguments>
<arg>abs(${d_theory} - ${d_practice}) / max(${d_practice}, ${d_theory}) &lt;= ${e}</arg>
</arguments>
<status status="PASS" endtime="20200323 20:53:42.007" starttime="20200323 20:53:42.007"></status>
</kw>
<doc>Binomial distribution test. Comparison of expectation and deviation.</doc>
<tags>
<tag>SimpleTest</tag>
</tags>
<status status="PASS" endtime="20200323 20:53:42.008" critical="yes" starttime="20200323 20:53:41.964"></status>
</test>
<test name="Generate valid geometric array" id="s1-s3-t3">
<kw library="libraries.Distributions" name="Generate geometric array">
<arguments>
<arg>${p}</arg>
<arg>${size}</arg>
</arguments>
<assign>
<var>${array}</var>
</assign>
<msg timestamp="20200323 20:53:42.010" level="INFO">${array} = [1 1 1 ... 1 5 2]</msg>
<status status="PASS" endtime="20200323 20:53:42.010" starttime="20200323 20:53:42.009"></status>
</kw>
<kw library="BuiltIn" name="Evaluate">
<doc>Evaluates the given expression in Python and returns the results.</doc>
<arguments>
<arg>len($array)</arg>
</arguments>
<assign>
<var>${length}</var>
</assign>
<msg timestamp="20200323 20:53:42.010" level="INFO">${length} = 10000</msg>
<status status="PASS" endtime="20200323 20:53:42.011" starttime="20200323 20:53:42.010"></status>
</kw>
<kw library="BuiltIn" name="Evaluate">
<doc>Evaluates the given expression in Python and returns the results.</doc>
<arguments>
<arg>min($array)</arg>
</arguments>
<assign>
<var>${min}</var>
</assign>
<msg timestamp="20200323 20:53:42.012" level="INFO">${min} = 1</msg>
<status status="PASS" endtime="20200323 20:53:42.013" starttime="20200323 20:53:42.011"></status>
</kw>
<kw library="BuiltIn" name="Evaluate">
<doc>Evaluates the given expression in Python and returns the results.</doc>
<arguments>
<arg>1/$p</arg>
</arguments>
<assign>
<var>${m_theory}</var>
</assign>
<msg timestamp="20200323 20:53:42.013" level="INFO">${m_theory} = 2.0</msg>
<status status="PASS" endtime="20200323 20:53:42.013" starttime="20200323 20:53:42.013"></status>
</kw>
<kw library="BuiltIn" name="Evaluate">
<doc>Evaluates the given expression in Python and returns the results.</doc>
<arguments>
<arg>$array.mean()</arg>
</arguments>
<assign>
<var>${m_practice}</var>
</assign>
<msg timestamp="20200323 20:53:42.014" level="INFO">${m_practice} = 2.015</msg>
<status status="PASS" endtime="20200323 20:53:42.014" starttime="20200323 20:53:42.014"></status>
</kw>
<kw library="BuiltIn" name="Evaluate">
<doc>Evaluates the given expression in Python and returns the results.</doc>
<arguments>
<arg>(1-$p)/($p**2)</arg>
</arguments>
<assign>
<var>${d_theory}</var>
</assign>
<msg timestamp="20200323 20:53:42.015" level="INFO">${d_theory} = 2.0</msg>
<status status="PASS" endtime="20200323 20:53:42.015" starttime="20200323 20:53:42.015"></status>
</kw>
<kw name="Find deviation">
<arguments>
<arg>${array}</arg>
<arg>${m_theory}</arg>
</arguments>
<assign>
<var>${d_practice}</var>
</assign>
<kw library="BuiltIn" name="Evaluate">
<doc>Evaluates the given expression in Python and returns the results.</doc>
<arguments>
<arg>sum((xi - ${m_theory})**2 for xi in $array) / len($array)</arg>
</arguments>
<assign>
<var>${deviation}</var>
</assign>
<msg timestamp="20200323 20:53:42.046" level="INFO">${deviation} = 2.0316</msg>
<status status="PASS" endtime="20200323 20:53:42.046" starttime="20200323 20:53:42.016"></status>
</kw>
<msg timestamp="20200323 20:53:42.046" level="INFO">${d_practice} = 2.0316</msg>
<status status="PASS" endtime="20200323 20:53:42.046" starttime="20200323 20:53:42.016"></status>
</kw>
<kw library="BuiltIn" name="Should Be Equal">
<doc>Fails if the given objects are unequal.</doc>
<arguments>
<arg>${length}</arg>
<arg>${size}</arg>
</arguments>
<status status="PASS" endtime="20200323 20:53:42.047" starttime="20200323 20:53:42.046"></status>
</kw>
<kw library="BuiltIn" name="Should Be True">
<doc>Fails if the given condition is not true.</doc>
<arguments>
<arg>${min} &gt;= ${0}</arg>
</arguments>
<status status="PASS" endtime="20200323 20:53:42.047" starttime="20200323 20:53:42.047"></status>
</kw>
<kw library="BuiltIn" name="Should Be True">
<doc>Fails if the given condition is not true.</doc>
<arguments>
<arg>abs(${m_theory} - ${m_practice}) / max(${m_practice}, ${m_theory}) &lt;= ${e}</arg>
</arguments>
<status status="PASS" endtime="20200323 20:53:42.048" starttime="20200323 20:53:42.047"></status>
</kw>
<kw library="BuiltIn" name="Should Be True">
<doc>Fails if the given condition is not true.</doc>
<arguments>
<arg>abs(${d_theory} - ${d_practice}) / max(${d_practice}, ${d_theory}) &lt;= ${e}</arg>
</arguments>
<status status="PASS" endtime="20200323 20:53:42.049" starttime="20200323 20:53:42.048"></status>
</kw>
<doc>geometric distribution test. Comparison of expectation and deviation.</doc>
<tags>
<tag>SimpleTest</tag>
</tags>
<status status="PASS" endtime="20200323 20:53:42.049" critical="yes" starttime="20200323 20:53:42.008"></status>
</test>
<test name="Generate valid poisson array" id="s1-s3-t4">
<kw name="Generate poisson array with mu ${mu} and size ${size}">
<assign>
<var>${array}</var>
</assign>
<kw library="libraries.Distributions" name="Generate poisson array">
<arguments>
<arg>${mu}</arg>
<arg>${size}</arg>
</arguments>
<assign>
<var>${result}</var>
</assign>
<msg timestamp="20200323 20:53:42.053" level="INFO">${result} = [14  9 13 ... 13 10 13]</msg>
<status status="PASS" endtime="20200323 20:53:42.053" starttime="20200323 20:53:42.050"></status>
</kw>
<msg timestamp="20200323 20:53:42.053" level="INFO">${array} = [14  9 13 ... 13 10 13]</msg>
<status status="PASS" endtime="20200323 20:53:42.053" starttime="20200323 20:53:42.050"></status>
</kw>
<kw library="BuiltIn" name="Evaluate">
<doc>Evaluates the given expression in Python and returns the results.</doc>
<arguments>
<arg>len($array)</arg>
</arguments>
<assign>
<var>${length}</var>
</assign>
<msg timestamp="20200323 20:53:42.054" level="INFO">${length} = 10000</msg>
<status status="PASS" endtime="20200323 20:53:42.054" starttime="20200323 20:53:42.054"></status>
</kw>
<kw library="BuiltIn" name="Evaluate">
<doc>Evaluates the given expression in Python and returns the results.</doc>
<arguments>
<arg>min($array)</arg>
</arguments>
<assign>
<var>${min}</var>
</assign>
<msg timestamp="20200323 20:53:42.056" level="INFO">${min} = 1</msg>
<status status="PASS" endtime="20200323 20:53:42.056" starttime="20200323 20:53:42.054"></status>
</kw>
<kw library="BuiltIn" name="Evaluate">
<doc>Evaluates the given expression in Python and returns the results.</doc>
<arguments>
<arg>$mu</arg>
</arguments>
<assign>
<var>${m_theory}</var>
</assign>
<msg timestamp="20200323 20:53:42.057" level="INFO">${m_theory} = 10</msg>
<status status="PASS" endtime="20200323 20:53:42.057" starttime="20200323 20:53:42.056"></status>
</kw>
<kw library="BuiltIn" name="Evaluate">
<doc>Evaluates the given expression in Python and returns the results.</doc>
<arguments>
<arg>$array.mean()</arg>
</arguments>
<assign>
<var>${m_practice}</var>
</assign>
<msg timestamp="20200323 20:53:42.058" level="INFO">${m_practice} = 9.9934</msg>
<status status="PASS" endtime="20200323 20:53:42.058" starttime="20200323 20:53:42.057"></status>
</kw>
<kw library="BuiltIn" name="Evaluate">
<doc>Evaluates the given expression in Python and returns the results.</doc>
<arguments>
<arg>$mu</arg>
</arguments>
<assign>
<var>${d_theory}</var>
</assign>
<msg timestamp="20200323 20:53:42.059" level="INFO">${d_theory} = 10</msg>
<status status="PASS" endtime="20200323 20:53:42.059" starttime="20200323 20:53:42.058"></status>
</kw>
<kw name="Find deviation">
<arguments>
<arg>${array}</arg>
<arg>${m_theory}</arg>
</arguments>
<assign>
<var>${d_practice}</var>
</assign>
<kw library="BuiltIn" name="Evaluate">
<doc>Evaluates the given expression in Python and returns the results.</doc>
<arguments>
<arg>sum((xi - ${m_theory})**2 for xi in $array) / len($array)</arg>
</arguments>
<assign>
<var>${deviation}</var>
</assign>
<msg timestamp="20200323 20:53:42.069" level="INFO">${deviation} = 9.7854</msg>
<status status="PASS" endtime="20200323 20:53:42.069" starttime="20200323 20:53:42.060"></status>
</kw>
<msg timestamp="20200323 20:53:42.069" level="INFO">${d_practice} = 9.7854</msg>
<status status="PASS" endtime="20200323 20:53:42.069" starttime="20200323 20:53:42.059"></status>
</kw>
<kw library="BuiltIn" name="Should Be Equal">
<doc>Fails if the given objects are unequal.</doc>
<arguments>
<arg>${length}</arg>
<arg>${size}</arg>
</arguments>
<status status="PASS" endtime="20200323 20:53:42.069" starttime="20200323 20:53:42.069"></status>
</kw>
<kw library="BuiltIn" name="Should Be True">
<doc>Fails if the given condition is not true.</doc>
<arguments>
<arg>${min} &gt;= ${0}</arg>
</arguments>
<status status="PASS" endtime="20200323 20:53:42.070" starttime="20200323 20:53:42.070"></status>
</kw>
<kw library="BuiltIn" name="Should Be True">
<doc>Fails if the given condition is not true.</doc>
<arguments>
<arg>abs(${m_theory} - ${m_practice}) / max(${m_practice}, ${m_theory}) &lt;= ${e}</arg>
</arguments>
<status status="PASS" endtime="20200323 20:53:42.071" starttime="20200323 20:53:42.070"></status>
</kw>
<kw library="BuiltIn" name="Should Be True">
<doc>Fails if the given condition is not true.</doc>
<arguments>
<arg>abs(${d_theory} - ${d_practice}) / max(${d_practice}, ${d_theory}) &lt;= ${e}</arg>
</arguments>
<status status="PASS" endtime="20200323 20:53:42.071" starttime="20200323 20:53:42.071"></status>
</kw>
<doc>Poisson distribution test. Comparison of expectation and deviation.</doc>
<tags>
<tag>MiddleTest</tag>
</tags>
<status status="PASS" endtime="20200323 20:53:42.071" critical="yes" starttime="20200323 20:53:42.049"></status>
</test>
<doc>Discrete distribution and Robot Framework.</doc>
<status status="PASS" endtime="20200323 20:53:42.072" starttime="20200323 20:53:41.532"></status>
</suite>
<status status="PASS" endtime="20200323 20:53:42.073" starttime="20200323 20:53:41.469"></status>
</suite>
<statistics>
<total>
<stat pass="9" fail="0">Critical Tests</stat>
<stat pass="9" fail="0">All Tests</stat>
</total>
<tag>
<stat pass="1" fail="0">HardTest</stat>
<stat pass="2" fail="0">MiddleTest</stat>
<stat pass="6" fail="0">SimpleTest</stat>
</tag>
<suite>
<stat pass="9" name="Array Test &amp; Number Test &amp; Statistics Test" fail="0" id="s1">Array Test &amp; Number Test &amp; Statistics Test</stat>
<stat pass="3" name="Array Test" fail="0" id="s1-s1">Array Test &amp; Number Test &amp; Statistics Test.Array Test</stat>
<stat pass="2" name="Number Test" fail="0" id="s1-s2">Array Test &amp; Number Test &amp; Statistics Test.Number Test</stat>
<stat pass="4" name="Statistics Test" fail="0" id="s1-s3">Array Test &amp; Number Test &amp; Statistics Test.Statistics Test</stat>
</suite>
</statistics>
<errors>
</errors>
</robot>
