<?xml version="1.0" encoding="UTF-8"?>
<robot generator="Robot 3.1.2 (Python 3.7.4 on darwin)" generated="20200321 20:12:57.989" rpa="false">
<suite id="s1" name="Array Test &amp; Number Test">
<suite id="s1-s1" name="Array Test" source="/Users/georgy/Dell/jenkins/jenkins/array_test.robot">
<test id="s1-s1-t1" name="Generatiing valid array.">
<kw name="Generate integer array" library="libraries.ArrayGeneratorLibrary">
<arguments>
<arg>${size}</arg>
<arg>${minimum}</arg>
<arg>${maximum}</arg>
</arguments>
<assign>
<var>${array}</var>
</assign>
<msg timestamp="20200321 20:12:58.019" level="INFO">${array} = [9, 7, 5, 4, 1, 2, 2, 5, 6, 4, 6, 6, 5, 4, 10, 9, 10, 3, 7, 3, 8, 9, 3, 6, 7, 2, 10, 9, 5, 6, 1, 4, 3, 1, 9, 10, 4, 3, 3, 10, 2, 9, 8, 8, 10, 4, 9, 2, 3, 9, 8, 4, 7, 7, 2, 9, 7, 10, 2, 9, 10, 2, 8, 2,...</msg>
<status status="PASS" starttime="20200321 20:12:58.018" endtime="20200321 20:12:58.019"></status>
</kw>
<kw name="Evaluate" library="BuiltIn">
<doc>Evaluates the given expression in Python and returns the results.</doc>
<arguments>
<arg>len($array)</arg>
</arguments>
<assign>
<var>${length}</var>
</assign>
<msg timestamp="20200321 20:12:58.022" level="INFO">${length} = 100</msg>
<status status="PASS" starttime="20200321 20:12:58.019" endtime="20200321 20:12:58.022"></status>
</kw>
<kw name="Evaluate" library="BuiltIn">
<doc>Evaluates the given expression in Python and returns the results.</doc>
<arguments>
<arg>min($array)</arg>
</arguments>
<assign>
<var>${min}</var>
</assign>
<msg timestamp="20200321 20:12:58.023" level="INFO">${min} = 1</msg>
<status status="PASS" starttime="20200321 20:12:58.022" endtime="20200321 20:12:58.023"></status>
</kw>
<kw name="Evaluate" library="BuiltIn">
<doc>Evaluates the given expression in Python and returns the results.</doc>
<arguments>
<arg>max($array)</arg>
</arguments>
<assign>
<var>${max}</var>
</assign>
<msg timestamp="20200321 20:12:58.024" level="INFO">${max} = 10</msg>
<status status="PASS" starttime="20200321 20:12:58.023" endtime="20200321 20:12:58.024"></status>
</kw>
<kw name="Should Be Equal" library="BuiltIn">
<doc>Fails if the given objects are unequal.</doc>
<arguments>
<arg>${length}</arg>
<arg>${size}</arg>
</arguments>
<status status="PASS" starttime="20200321 20:12:58.024" endtime="20200321 20:12:58.024"></status>
</kw>
<kw name="Should Be True" library="BuiltIn">
<doc>Fails if the given condition is not true.</doc>
<arguments>
<arg>${min} &gt;= ${minimum}</arg>
</arguments>
<status status="PASS" starttime="20200321 20:12:58.024" endtime="20200321 20:12:58.024"></status>
</kw>
<kw name="Should Be True" library="BuiltIn">
<doc>Fails if the given condition is not true.</doc>
<arguments>
<arg>${max} &lt;= ${maximum}</arg>
</arguments>
<status status="PASS" starttime="20200321 20:12:58.025" endtime="20200321 20:12:58.025"></status>
</kw>
<tags>
<tag>SimpleTest</tag>
</tags>
<status status="PASS" starttime="20200321 20:12:58.018" endtime="20200321 20:12:58.025" critical="yes"></status>
</test>
<test id="s1-s1-t2" name="Generatiing valid array using decorator.">
<kw name="Generate 10 numbers, from 1 to 10">
<assign>
<var>${array}</var>
</assign>
<kw name="Generate integer array" library="libraries.ArrayGeneratorLibrary">
<arguments>
<arg>${n}</arg>
<arg>${from}</arg>
<arg>${to}</arg>
</arguments>
<assign>
<var>${result}</var>
</assign>
<msg timestamp="20200321 20:12:58.026" level="INFO">${result} = [5, 7, 1, 9, 7, 3, 5, 9, 5, 6]</msg>
<status status="PASS" starttime="20200321 20:12:58.026" endtime="20200321 20:12:58.026"></status>
</kw>
<msg timestamp="20200321 20:12:58.026" level="INFO">${array} = [5, 7, 1, 9, 7, 3, 5, 9, 5, 6]</msg>
<status status="PASS" starttime="20200321 20:12:58.026" endtime="20200321 20:12:58.026"></status>
</kw>
<kw name="Evaluate" library="BuiltIn">
<doc>Evaluates the given expression in Python and returns the results.</doc>
<arguments>
<arg>len($array)</arg>
</arguments>
<assign>
<var>${length}</var>
</assign>
<msg timestamp="20200321 20:12:58.027" level="INFO">${length} = 10</msg>
<status status="PASS" starttime="20200321 20:12:58.026" endtime="20200321 20:12:58.027"></status>
</kw>
<kw name="Evaluate" library="BuiltIn">
<doc>Evaluates the given expression in Python and returns the results.</doc>
<arguments>
<arg>min($array)</arg>
</arguments>
<assign>
<var>${min}</var>
</assign>
<msg timestamp="20200321 20:12:58.028" level="INFO">${min} = 1</msg>
<status status="PASS" starttime="20200321 20:12:58.027" endtime="20200321 20:12:58.028"></status>
</kw>
<kw name="Evaluate" library="BuiltIn">
<doc>Evaluates the given expression in Python and returns the results.</doc>
<arguments>
<arg>max($array)</arg>
</arguments>
<assign>
<var>${max}</var>
</assign>
<msg timestamp="20200321 20:12:58.028" level="INFO">${max} = 9</msg>
<status status="PASS" starttime="20200321 20:12:58.028" endtime="20200321 20:12:58.028"></status>
</kw>
<kw name="Should Be Equal" library="BuiltIn">
<doc>Fails if the given objects are unequal.</doc>
<arguments>
<arg>${length}</arg>
<arg>${10}</arg>
</arguments>
<status status="PASS" starttime="20200321 20:12:58.029" endtime="20200321 20:12:58.029"></status>
</kw>
<kw name="Should Be True" library="BuiltIn">
<doc>Fails if the given condition is not true.</doc>
<arguments>
<arg>${min} &gt;= ${1}</arg>
</arguments>
<status status="PASS" starttime="20200321 20:12:58.029" endtime="20200321 20:12:58.029"></status>
</kw>
<kw name="Should Be True" library="BuiltIn">
<doc>Fails if the given condition is not true.</doc>
<arguments>
<arg>${max} &lt;= ${10}</arg>
</arguments>
<status status="PASS" starttime="20200321 20:12:58.029" endtime="20200321 20:12:58.030"></status>
</kw>
<tags>
<tag>MiddleTest</tag>
</tags>
<status status="PASS" starttime="20200321 20:12:58.025" endtime="20200321 20:12:58.030" critical="yes"></status>
</test>
<doc>Python and Robot Framework.</doc>
<status status="PASS" starttime="20200321 20:12:58.013" endtime="20200321 20:12:58.030"></status>
</suite>
<suite id="s1-s2" name="Number Test" source="/Users/georgy/Dell/jenkins/jenkins/number_test.robot">
<test id="s1-s2-t1" name="Search for the minimum.">
<kw name="Find minimum" library="libraries.ArrayGeneratorLibrary">
<arguments>
<arg>${5}</arg>
<arg>${10}</arg>
</arguments>
<assign>
<var>${min}</var>
</assign>
<msg timestamp="20200321 20:12:58.034" level="INFO">${min} = 5</msg>
<status status="PASS" starttime="20200321 20:12:58.034" endtime="20200321 20:12:58.034"></status>
</kw>
<kw name="Should Be Equal" library="BuiltIn">
<doc>Fails if the given objects are unequal.</doc>
<arguments>
<arg>${min}</arg>
<arg>${5}</arg>
</arguments>
<status status="PASS" starttime="20200321 20:12:58.034" endtime="20200321 20:12:58.035"></status>
</kw>
<kw name="Find minimum" library="libraries.ArrayGeneratorLibrary">
<arguments>
<arg>${0}</arg>
<arg>${-5}</arg>
</arguments>
<assign>
<var>${min}</var>
</assign>
<msg timestamp="20200321 20:12:58.035" level="INFO">${min} = -5</msg>
<status status="PASS" starttime="20200321 20:12:58.035" endtime="20200321 20:12:58.035"></status>
</kw>
<kw name="Should Be Equal" library="BuiltIn">
<doc>Fails if the given objects are unequal.</doc>
<arguments>
<arg>${min}</arg>
<arg>${-5}</arg>
</arguments>
<status status="PASS" starttime="20200321 20:12:58.035" endtime="20200321 20:12:58.035"></status>
</kw>
<kw name="Find minimum" library="libraries.ArrayGeneratorLibrary">
<arguments>
<arg>${5}</arg>
<arg>${5}</arg>
</arguments>
<assign>
<var>${min}</var>
</assign>
<msg timestamp="20200321 20:12:58.035" level="INFO">${min} = 5</msg>
<status status="PASS" starttime="20200321 20:12:58.035" endtime="20200321 20:12:58.036"></status>
</kw>
<kw name="Should Be Equal" library="BuiltIn">
<doc>Fails if the given objects are unequal.</doc>
<arguments>
<arg>${min}</arg>
<arg>${5}</arg>
</arguments>
<status status="PASS" starttime="20200321 20:12:58.036" endtime="20200321 20:12:58.036"></status>
</kw>
<tags>
<tag>SimpleTest</tag>
</tags>
<status status="PASS" starttime="20200321 20:12:58.033" endtime="20200321 20:12:58.036" critical="yes"></status>
</test>
<test id="s1-s2-t2" name="Search for the maximum.">
<kw name="Find maximum" library="libraries.ArrayGeneratorLibrary">
<arguments>
<arg>${5}</arg>
<arg>${10}</arg>
</arguments>
<assign>
<var>${min}</var>
</assign>
<msg timestamp="20200321 20:12:58.037" level="INFO">${min} = 10</msg>
<status status="PASS" starttime="20200321 20:12:58.036" endtime="20200321 20:12:58.037"></status>
</kw>
<kw name="Should Be Equal" library="BuiltIn">
<doc>Fails if the given objects are unequal.</doc>
<arguments>
<arg>${min}</arg>
<arg>${10}</arg>
</arguments>
<status status="PASS" starttime="20200321 20:12:58.037" endtime="20200321 20:12:58.037"></status>
</kw>
<kw name="Find maximum" library="libraries.ArrayGeneratorLibrary">
<arguments>
<arg>${0}</arg>
<arg>${-5}</arg>
</arguments>
<assign>
<var>${min}</var>
</assign>
<msg timestamp="20200321 20:12:58.037" level="INFO">${min} = 0</msg>
<status status="PASS" starttime="20200321 20:12:58.037" endtime="20200321 20:12:58.037"></status>
</kw>
<kw name="Should Be Equal" library="BuiltIn">
<doc>Fails if the given objects are unequal.</doc>
<arguments>
<arg>${min}</arg>
<arg>${0}</arg>
</arguments>
<status status="PASS" starttime="20200321 20:12:58.037" endtime="20200321 20:12:58.037"></status>
</kw>
<kw name="Find maximum" library="libraries.ArrayGeneratorLibrary">
<arguments>
<arg>${5}</arg>
<arg>${5}</arg>
</arguments>
<assign>
<var>${min}</var>
</assign>
<msg timestamp="20200321 20:12:58.038" level="INFO">${min} = 5</msg>
<status status="PASS" starttime="20200321 20:12:58.037" endtime="20200321 20:12:58.038"></status>
</kw>
<kw name="Should Be Equal" library="BuiltIn">
<doc>Fails if the given objects are unequal.</doc>
<arguments>
<arg>${min}</arg>
<arg>${5}</arg>
</arguments>
<status status="PASS" starttime="20200321 20:12:58.038" endtime="20200321 20:12:58.038"></status>
</kw>
<tags>
<tag>SimpleTest</tag>
</tags>
<status status="PASS" starttime="20200321 20:12:58.036" endtime="20200321 20:12:58.038" critical="yes"></status>
</test>
<doc>Robot Framework tests.</doc>
<status status="PASS" starttime="20200321 20:12:58.031" endtime="20200321 20:12:58.038"></status>
</suite>
<status status="PASS" starttime="20200321 20:12:57.991" endtime="20200321 20:12:58.039"></status>
</suite>
<statistics>
<total>
<stat pass="4" fail="0">Critical Tests</stat>
<stat pass="4" fail="0">All Tests</stat>
</total>
<tag>
<stat pass="1" fail="0">MiddleTest</stat>
<stat pass="3" fail="0">SimpleTest</stat>
</tag>
<suite>
<stat pass="4" fail="0" id="s1" name="Array Test &amp; Number Test">Array Test &amp; Number Test</stat>
<stat pass="2" fail="0" id="s1-s1" name="Array Test">Array Test &amp; Number Test.Array Test</stat>
<stat pass="2" fail="0" id="s1-s2" name="Number Test">Array Test &amp; Number Test.Number Test</stat>
</suite>
</statistics>
<errors>
</errors>
</robot>
