<?xml version="1.0" encoding="UTF-8"?>
<robot generator="Robot 3.1.2 (Python 3.5.3 on linux)" rpa="false" generated="20200323 21:03:35.761">
<suite id="s1" name="Array Test &amp; Number Test &amp; Statistics Test">
<suite id="s1-s1" source="/var/lib/jenkins/workspace/robot/array_test.robot" name="Array Test">
<test id="s1-s1-t1" name="Generatiing valid array.">
<kw library="libraries.ArrayGeneratorLibrary" name="Generate integer array">
<arguments>
<arg>${size}</arg>
<arg>${minimum}</arg>
<arg>${maximum}</arg>
</arguments>
<assign>
<var>${array}</var>
</assign>
<msg level="INFO" timestamp="20200323 21:03:35.799">${array} = [9, 8, 2, 2, 6, 5, 1, 9, 3, 5, 2, 9, 8, 8, 6, 6, 4, 6, 6, 4, 1, 8, 7, 8, 5, 9, 7, 9, 4, 4, 8, 9, 2, 8, 3, 8, 8, 7, 5, 8, 3, 4, 6, 6, 8, 10, 6, 10, 8, 3, 2, 9, 1, 10, 10, 9, 9, 10, 7, 7, 6, 4, 7, 1, 7,...</msg>
<status status="PASS" endtime="20200323 21:03:35.799" starttime="20200323 21:03:35.799"></status>
</kw>
<kw library="BuiltIn" name="Evaluate">
<doc>Evaluates the given expression in Python and returns the results.</doc>
<arguments>
<arg>len($array)</arg>
</arguments>
<assign>
<var>${length}</var>
</assign>
<msg level="INFO" timestamp="20200323 21:03:35.803">${length} = 100</msg>
<status status="PASS" endtime="20200323 21:03:35.803" starttime="20200323 21:03:35.800"></status>
</kw>
<kw library="BuiltIn" name="Evaluate">
<doc>Evaluates the given expression in Python and returns the results.</doc>
<arguments>
<arg>min($array)</arg>
</arguments>
<assign>
<var>${min}</var>
</assign>
<msg level="INFO" timestamp="20200323 21:03:35.804">${min} = 1</msg>
<status status="PASS" endtime="20200323 21:03:35.804" starttime="20200323 21:03:35.803"></status>
</kw>
<kw library="BuiltIn" name="Evaluate">
<doc>Evaluates the given expression in Python and returns the results.</doc>
<arguments>
<arg>max($array)</arg>
</arguments>
<assign>
<var>${max}</var>
</assign>
<msg level="INFO" timestamp="20200323 21:03:35.805">${max} = 10</msg>
<status status="PASS" endtime="20200323 21:03:35.805" starttime="20200323 21:03:35.804"></status>
</kw>
<kw library="BuiltIn" name="Should Be Equal">
<doc>Fails if the given objects are unequal.</doc>
<arguments>
<arg>${length}</arg>
<arg>${size}</arg>
</arguments>
<status status="PASS" endtime="20200323 21:03:35.805" starttime="20200323 21:03:35.805"></status>
</kw>
<kw library="BuiltIn" name="Should Be True">
<doc>Fails if the given condition is not true.</doc>
<arguments>
<arg>${min} &gt;= ${minimum}</arg>
</arguments>
<status status="PASS" endtime="20200323 21:03:35.806" starttime="20200323 21:03:35.805"></status>
</kw>
<kw library="BuiltIn" name="Should Be True">
<doc>Fails if the given condition is not true.</doc>
<arguments>
<arg>${max} &lt;= ${maximum}</arg>
</arguments>
<status status="PASS" endtime="20200323 21:03:35.806" starttime="20200323 21:03:35.806"></status>
</kw>
<tags>
<tag>SimpleTest</tag>
</tags>
<status status="PASS" endtime="20200323 21:03:35.806" critical="yes" starttime="20200323 21:03:35.798"></status>
</test>
<test id="s1-s1-t2" name="Generatiing valid array using decorator.">
<kw name="Generate 10 numbers, from 1 to 10">
<assign>
<var>${array}</var>
</assign>
<kw library="libraries.ArrayGeneratorLibrary" name="Generate integer array">
<arguments>
<arg>${n}</arg>
<arg>${from}</arg>
<arg>${to}</arg>
</arguments>
<assign>
<var>${result}</var>
</assign>
<msg level="INFO" timestamp="20200323 21:03:35.808">${result} = [3, 8, 2, 10, 4, 7, 5, 7, 7, 3]</msg>
<status status="PASS" endtime="20200323 21:03:35.808" starttime="20200323 21:03:35.808"></status>
</kw>
<msg level="INFO" timestamp="20200323 21:03:35.808">${array} = [3, 8, 2, 10, 4, 7, 5, 7, 7, 3]</msg>
<status status="PASS" endtime="20200323 21:03:35.808" starttime="20200323 21:03:35.807"></status>
</kw>
<kw library="BuiltIn" name="Evaluate">
<doc>Evaluates the given expression in Python and returns the results.</doc>
<arguments>
<arg>len($array)</arg>
</arguments>
<assign>
<var>${length}</var>
</assign>
<msg level="INFO" timestamp="20200323 21:03:35.809">${length} = 10</msg>
<status status="PASS" endtime="20200323 21:03:35.809" starttime="20200323 21:03:35.808"></status>
</kw>
<kw library="BuiltIn" name="Evaluate">
<doc>Evaluates the given expression in Python and returns the results.</doc>
<arguments>
<arg>min($array)</arg>
</arguments>
<assign>
<var>${min}</var>
</assign>
<msg level="INFO" timestamp="20200323 21:03:35.810">${min} = 2</msg>
<status status="PASS" endtime="20200323 21:03:35.810" starttime="20200323 21:03:35.809"></status>
</kw>
<kw library="BuiltIn" name="Evaluate">
<doc>Evaluates the given expression in Python and returns the results.</doc>
<arguments>
<arg>max($array)</arg>
</arguments>
<assign>
<var>${max}</var>
</assign>
<msg level="INFO" timestamp="20200323 21:03:35.811">${max} = 10</msg>
<status status="PASS" endtime="20200323 21:03:35.811" starttime="20200323 21:03:35.810"></status>
</kw>
<kw library="BuiltIn" name="Should Be Equal">
<doc>Fails if the given objects are unequal.</doc>
<arguments>
<arg>${length}</arg>
<arg>${10}</arg>
</arguments>
<status status="PASS" endtime="20200323 21:03:35.811" starttime="20200323 21:03:35.811"></status>
</kw>
<kw library="BuiltIn" name="Should Be True">
<doc>Fails if the given condition is not true.</doc>
<arguments>
<arg>${min} &gt;= ${1}</arg>
</arguments>
<status status="PASS" endtime="20200323 21:03:35.812" starttime="20200323 21:03:35.811"></status>
</kw>
<kw library="BuiltIn" name="Should Be True">
<doc>Fails if the given condition is not true.</doc>
<arguments>
<arg>${max} &lt;= ${10}</arg>
</arguments>
<status status="PASS" endtime="20200323 21:03:35.812" starttime="20200323 21:03:35.812"></status>
</kw>
<tags>
<tag>MiddleTest</tag>
</tags>
<status status="PASS" endtime="20200323 21:03:35.812" critical="yes" starttime="20200323 21:03:35.807"></status>
</test>
<test id="s1-s1-t3" name="Generating valid array and search even and odd numbers.">
<kw library="BuiltIn" name="Create List">
<doc>Returns a list containing given items.</doc>
<arguments>
<arg>even</arg>
<arg>odd</arg>
</arguments>
<assign>
<var>${types}</var>
</assign>
<msg level="INFO" timestamp="20200323 21:03:35.813">${types} = ['even', 'odd']</msg>
<status status="PASS" endtime="20200323 21:03:35.813" starttime="20200323 21:03:35.813"></status>
</kw>
<kw name="Generate 100 numbers, from 1 to 10">
<assign>
<var>${array}</var>
</assign>
<kw library="libraries.ArrayGeneratorLibrary" name="Generate integer array">
<arguments>
<arg>${n}</arg>
<arg>${from}</arg>
<arg>${to}</arg>
</arguments>
<assign>
<var>${result}</var>
</assign>
<msg level="INFO" timestamp="20200323 21:03:35.814">${result} = [5, 5, 10, 9, 7, 10, 7, 2, 10, 4, 3, 1, 9, 1, 2, 7, 2, 6, 9, 8, 9, 1, 1, 1, 4, 10, 4, 6, 4, 8, 7, 7, 1, 9, 5, 4, 3, 10, 2, 9, 9, 1, 6, 9, 3, 8, 2, 9, 5, 2, 7, 1, 8, 5, 10, 1, 2, 4, 9, 1, 7, 6, 7, 5, 2...</msg>
<status status="PASS" endtime="20200323 21:03:35.814" starttime="20200323 21:03:35.814"></status>
</kw>
<msg level="INFO" timestamp="20200323 21:03:35.814">${array} = [5, 5, 10, 9, 7, 10, 7, 2, 10, 4, 3, 1, 9, 1, 2, 7, 2, 6, 9, 8, 9, 1, 1, 1, 4, 10, 4, 6, 4, 8, 7, 7, 1, 9, 5, 4, 3, 10, 2, 9, 9, 1, 6, 9, 3, 8, 2, 9, 5, 2, 7, 1, 8, 5, 10, 1, 2, 4, 9, 1, 7, 6, 7, 5, 2...</msg>
<status status="PASS" endtime="20200323 21:03:35.814" starttime="20200323 21:03:35.813"></status>
</kw>
<kw type="for" name="${type} IN [ @{types} ]">
<kw type="foritem" name="${type} = even">
<kw library="BuiltIn" name="Run Keyword">
<doc>Executes the given keyword with the given arguments.</doc>
<arguments>
<arg>Find ${type} number in the list</arg>
<arg>${array}</arg>
</arguments>
<assign>
<var>${numbers}</var>
</assign>
<kw name="Find even number in the list">
<arguments>
<arg>${array}</arg>
</arguments>
<kw library="BuiltIn" name="Evaluate">
<doc>Evaluates the given expression in Python and returns the results.</doc>
<arguments>
<arg>[i for i in $list if i % 2 == 0]</arg>
</arguments>
<assign>
<var>${evens}</var>
</assign>
<msg level="INFO" timestamp="20200323 21:03:35.817">${evens} = [10, 10, 2, 10, 4, 2, 2, 6, 8, 4, 10, 4, 6, 4, 8, 4, 10, 2, 6, 8, 2, 2, 8, 10, 2, 4, 6, 2, 4, 8, 10, 2, 4, 8, 8, 8, 6, 2, 2, 6, 4, 2, 6, 10, 10, 6, 6]</msg>
<status status="PASS" endtime="20200323 21:03:35.817" starttime="20200323 21:03:35.816"></status>
</kw>
<status status="PASS" endtime="20200323 21:03:35.818" starttime="20200323 21:03:35.816"></status>
</kw>
<msg level="INFO" timestamp="20200323 21:03:35.818">${numbers} = [10, 10, 2, 10, 4, 2, 2, 6, 8, 4, 10, 4, 6, 4, 8, 4, 10, 2, 6, 8, 2, 2, 8, 10, 2, 4, 6, 2, 4, 8, 10, 2, 4, 8, 8, 8, 6, 2, 2, 6, 4, 2, 6, 10, 10, 6, 6]</msg>
<status status="PASS" endtime="20200323 21:03:35.818" starttime="20200323 21:03:35.815"></status>
</kw>
<kw library="BuiltIn" name="Evaluate">
<doc>Evaluates the given expression in Python and returns the results.</doc>
<arguments>
<arg>len($numbers)</arg>
</arguments>
<assign>
<var>${length}</var>
</assign>
<msg level="INFO" timestamp="20200323 21:03:35.819">${length} = 47</msg>
<status status="PASS" endtime="20200323 21:03:35.819" starttime="20200323 21:03:35.818"></status>
</kw>
<kw library="BuiltIn" name="Should Be True">
<doc>Fails if the given condition is not true.</doc>
<arguments>
<arg>${length} &gt;= ${1}</arg>
</arguments>
<status status="PASS" endtime="20200323 21:03:35.819" starttime="20200323 21:03:35.819"></status>
</kw>
<status status="PASS" endtime="20200323 21:03:35.819" starttime="20200323 21:03:35.815"></status>
</kw>
<kw type="foritem" name="${type} = odd">
<kw library="BuiltIn" name="Run Keyword">
<doc>Executes the given keyword with the given arguments.</doc>
<arguments>
<arg>Find ${type} number in the list</arg>
<arg>${array}</arg>
</arguments>
<assign>
<var>${numbers}</var>
</assign>
<kw name="Find odd number in the list">
<arguments>
<arg>${array}</arg>
</arguments>
<kw library="BuiltIn" name="Evaluate">
<doc>Evaluates the given expression in Python and returns the results.</doc>
<arguments>
<arg>[i for i in $list if i % 2 != 0]</arg>
</arguments>
<assign>
<var>${odds}</var>
</assign>
<msg level="INFO" timestamp="20200323 21:03:35.821">${odds} = [5, 5, 9, 7, 7, 3, 1, 9, 1, 7, 9, 9, 1, 1, 1, 7, 7, 1, 9, 5, 3, 9, 9, 1, 9, 3, 9, 5, 7, 1, 5, 1, 9, 1, 7, 7, 5, 5, 5, 9, 5, 3, 9, 5, 5, 9, 1, 3, 1, 1, 7, 5, 5]</msg>
<status status="PASS" endtime="20200323 21:03:35.821" starttime="20200323 21:03:35.820"></status>
</kw>
<status status="PASS" endtime="20200323 21:03:35.821" starttime="20200323 21:03:35.820"></status>
</kw>
<msg level="INFO" timestamp="20200323 21:03:35.821">${numbers} = [5, 5, 9, 7, 7, 3, 1, 9, 1, 7, 9, 9, 1, 1, 1, 7, 7, 1, 9, 5, 3, 9, 9, 1, 9, 3, 9, 5, 7, 1, 5, 1, 9, 1, 7, 7, 5, 5, 5, 9, 5, 3, 9, 5, 5, 9, 1, 3, 1, 1, 7, 5, 5]</msg>
<status status="PASS" endtime="20200323 21:03:35.821" starttime="20200323 21:03:35.819"></status>
</kw>
<kw library="BuiltIn" name="Evaluate">
<doc>Evaluates the given expression in Python and returns the results.</doc>
<arguments>
<arg>len($numbers)</arg>
</arguments>
<assign>
<var>${length}</var>
</assign>
<msg level="INFO" timestamp="20200323 21:03:35.822">${length} = 53</msg>
<status status="PASS" endtime="20200323 21:03:35.822" starttime="20200323 21:03:35.821"></status>
</kw>
<kw library="BuiltIn" name="Should Be True">
<doc>Fails if the given condition is not true.</doc>
<arguments>
<arg>${length} &gt;= ${1}</arg>
</arguments>
<status status="PASS" endtime="20200323 21:03:35.822" starttime="20200323 21:03:35.822"></status>
</kw>
<status status="PASS" endtime="20200323 21:03:35.822" starttime="20200323 21:03:35.819"></status>
</kw>
<status status="PASS" endtime="20200323 21:03:35.822" starttime="20200323 21:03:35.815"></status>
</kw>
<tags>
<tag>HardTest</tag>
</tags>
<status status="PASS" endtime="20200323 21:03:35.822" critical="yes" starttime="20200323 21:03:35.813"></status>
</test>
<doc>Python and Robot Framework.</doc>
<status status="PASS" endtime="20200323 21:03:35.823" starttime="20200323 21:03:35.793"></status>
</suite>
<suite id="s1-s2" source="/var/lib/jenkins/workspace/robot/number_test.robot" name="Number Test">
<test id="s1-s2-t1" name="Search for the minimum.">
<kw library="libraries.ArrayGeneratorLibrary" name="Find minimum">
<arguments>
<arg>${5}</arg>
<arg>${10}</arg>
</arguments>
<assign>
<var>${min}</var>
</assign>
<msg level="INFO" timestamp="20200323 21:03:35.827">${min} = 5</msg>
<status status="PASS" endtime="20200323 21:03:35.827" starttime="20200323 21:03:35.826"></status>
</kw>
<kw library="BuiltIn" name="Should Be Equal">
<doc>Fails if the given objects are unequal.</doc>
<arguments>
<arg>${min}</arg>
<arg>${5}</arg>
</arguments>
<status status="PASS" endtime="20200323 21:03:35.827" starttime="20200323 21:03:35.827"></status>
</kw>
<kw library="libraries.ArrayGeneratorLibrary" name="Find minimum">
<arguments>
<arg>${0}</arg>
<arg>${-5}</arg>
</arguments>
<assign>
<var>${min}</var>
</assign>
<msg level="INFO" timestamp="20200323 21:03:35.827">${min} = -5</msg>
<status status="PASS" endtime="20200323 21:03:35.827" starttime="20200323 21:03:35.827"></status>
</kw>
<kw library="BuiltIn" name="Should Be Equal">
<doc>Fails if the given objects are unequal.</doc>
<arguments>
<arg>${min}</arg>
<arg>${-5}</arg>
</arguments>
<status status="PASS" endtime="20200323 21:03:35.828" starttime="20200323 21:03:35.827"></status>
</kw>
<kw library="libraries.ArrayGeneratorLibrary" name="Find minimum">
<arguments>
<arg>${5}</arg>
<arg>${5}</arg>
</arguments>
<assign>
<var>${min}</var>
</assign>
<msg level="INFO" timestamp="20200323 21:03:35.828">${min} = 5</msg>
<status status="PASS" endtime="20200323 21:03:35.828" starttime="20200323 21:03:35.828"></status>
</kw>
<kw library="BuiltIn" name="Should Be Equal">
<doc>Fails if the given objects are unequal.</doc>
<arguments>
<arg>${min}</arg>
<arg>${5}</arg>
</arguments>
<status status="PASS" endtime="20200323 21:03:35.829" starttime="20200323 21:03:35.828"></status>
</kw>
<tags>
<tag>SimpleTest</tag>
</tags>
<status status="PASS" endtime="20200323 21:03:35.829" critical="yes" starttime="20200323 21:03:35.826"></status>
</test>
<test id="s1-s2-t2" name="Search for the maximum.">
<kw library="libraries.ArrayGeneratorLibrary" name="Find maximum">
<arguments>
<arg>${5}</arg>
<arg>${10}</arg>
</arguments>
<assign>
<var>${min}</var>
</assign>
<msg level="INFO" timestamp="20200323 21:03:35.830">${min} = 10</msg>
<status status="PASS" endtime="20200323 21:03:35.830" starttime="20200323 21:03:35.829"></status>
</kw>
<kw library="BuiltIn" name="Should Be Equal">
<doc>Fails if the given objects are unequal.</doc>
<arguments>
<arg>${min}</arg>
<arg>${10}</arg>
</arguments>
<status status="PASS" endtime="20200323 21:03:35.830" starttime="20200323 21:03:35.830"></status>
</kw>
<kw library="libraries.ArrayGeneratorLibrary" name="Find maximum">
<arguments>
<arg>${0}</arg>
<arg>${-5}</arg>
</arguments>
<assign>
<var>${min}</var>
</assign>
<msg level="INFO" timestamp="20200323 21:03:35.831">${min} = 0</msg>
<status status="PASS" endtime="20200323 21:03:35.831" starttime="20200323 21:03:35.830"></status>
</kw>
<kw library="BuiltIn" name="Should Be Equal">
<doc>Fails if the given objects are unequal.</doc>
<arguments>
<arg>${min}</arg>
<arg>${0}</arg>
</arguments>
<status status="PASS" endtime="20200323 21:03:35.831" starttime="20200323 21:03:35.831"></status>
</kw>
<kw library="libraries.ArrayGeneratorLibrary" name="Find maximum">
<arguments>
<arg>${5}</arg>
<arg>${5}</arg>
</arguments>
<assign>
<var>${min}</var>
</assign>
<msg level="INFO" timestamp="20200323 21:03:35.831">${min} = 5</msg>
<status status="PASS" endtime="20200323 21:03:35.831" starttime="20200323 21:03:35.831"></status>
</kw>
<kw library="BuiltIn" name="Should Be Equal">
<doc>Fails if the given objects are unequal.</doc>
<arguments>
<arg>${min}</arg>
<arg>${5}</arg>
</arguments>
<status status="PASS" endtime="20200323 21:03:35.832" starttime="20200323 21:03:35.832"></status>
</kw>
<tags>
<tag>SimpleTest</tag>
</tags>
<status status="PASS" endtime="20200323 21:03:35.832" critical="yes" starttime="20200323 21:03:35.829"></status>
</test>
<doc>Robot Framework tests.</doc>
<status status="PASS" endtime="20200323 21:03:35.832" starttime="20200323 21:03:35.824"></status>
</suite>
<suite id="s1-s3" source="/var/lib/jenkins/workspace/robot/statistics_test.robot" name="Statistics Test">
<test id="s1-s3-t1" name="Generate valid uniform array">
<kw library="libraries.Distributions" name="Generate uniform array">
<arguments>
<arg>${low}</arg>
<arg>${up}</arg>
<arg>${size}</arg>
</arguments>
<assign>
<var>${array}</var>
</assign>
<msg level="INFO" timestamp="20200323 21:03:36.249">${array} = [69 78 91 ... 88 47 39]</msg>
<status status="PASS" endtime="20200323 21:03:36.249" starttime="20200323 21:03:36.248"></status>
</kw>
<kw library="BuiltIn" name="Evaluate">
<doc>Evaluates the given expression in Python and returns the results.</doc>
<arguments>
<arg>len($array)</arg>
</arguments>
<assign>
<var>${length}</var>
</assign>
<msg level="INFO" timestamp="20200323 21:03:36.250">${length} = 10000</msg>
<status status="PASS" endtime="20200323 21:03:36.250" starttime="20200323 21:03:36.249"></status>
</kw>
<kw library="BuiltIn" name="Evaluate">
<doc>Evaluates the given expression in Python and returns the results.</doc>
<arguments>
<arg>min($array)</arg>
</arguments>
<assign>
<var>${min}</var>
</assign>
<msg level="INFO" timestamp="20200323 21:03:36.252">${min} = 1</msg>
<status status="PASS" endtime="20200323 21:03:36.252" starttime="20200323 21:03:36.250"></status>
</kw>
<kw library="BuiltIn" name="Evaluate">
<doc>Evaluates the given expression in Python and returns the results.</doc>
<arguments>
<arg>max($array)</arg>
</arguments>
<assign>
<var>${max}</var>
</assign>
<msg level="INFO" timestamp="20200323 21:03:36.254">${max} = 99</msg>
<status status="PASS" endtime="20200323 21:03:36.254" starttime="20200323 21:03:36.252"></status>
</kw>
<kw library="BuiltIn" name="Evaluate">
<doc>Evaluates the given expression in Python and returns the results.</doc>
<arguments>
<arg>($up + $low) / 2</arg>
</arguments>
<assign>
<var>${m_theory}</var>
</assign>
<msg level="INFO" timestamp="20200323 21:03:36.255">${m_theory} = 50.5</msg>
<status status="PASS" endtime="20200323 21:03:36.255" starttime="20200323 21:03:36.254"></status>
</kw>
<kw library="BuiltIn" name="Evaluate">
<doc>Evaluates the given expression in Python and returns the results.</doc>
<arguments>
<arg>$array.mean()</arg>
</arguments>
<assign>
<var>${m_practice}</var>
</assign>
<msg level="INFO" timestamp="20200323 21:03:36.256">${m_practice} = 49.8011</msg>
<status status="PASS" endtime="20200323 21:03:36.256" starttime="20200323 21:03:36.255"></status>
</kw>
<kw library="BuiltIn" name="Evaluate">
<doc>Evaluates the given expression in Python and returns the results.</doc>
<arguments>
<arg>(($up - $low + 1)**2 - 1) / 12</arg>
</arguments>
<assign>
<var>${d_theory}</var>
</assign>
<msg level="INFO" timestamp="20200323 21:03:36.257">${d_theory} = 833.25</msg>
<status status="PASS" endtime="20200323 21:03:36.257" starttime="20200323 21:03:36.256"></status>
</kw>
<kw name="Find deviation">
<arguments>
<arg>${array}</arg>
<arg>${m_theory}</arg>
</arguments>
<assign>
<var>${d_practice}</var>
</assign>
<kw library="BuiltIn" name="Evaluate">
<doc>Evaluates the given expression in Python and returns the results.</doc>
<arguments>
<arg>sum((xi - ${m_theory})**2 for xi in $array) / len($array)</arg>
</arguments>
<assign>
<var>${deviation}</var>
</assign>
<msg level="INFO" timestamp="20200323 21:03:36.288">${deviation} = 818.591</msg>
<status status="PASS" endtime="20200323 21:03:36.288" starttime="20200323 21:03:36.258"></status>
</kw>
<msg level="INFO" timestamp="20200323 21:03:36.289">${d_practice} = 818.591</msg>
<status status="PASS" endtime="20200323 21:03:36.289" starttime="20200323 21:03:36.257"></status>
</kw>
<kw library="BuiltIn" name="Should Be Equal">
<doc>Fails if the given objects are unequal.</doc>
<arguments>
<arg>${length}</arg>
<arg>${size}</arg>
</arguments>
<status status="PASS" endtime="20200323 21:03:36.290" starttime="20200323 21:03:36.289"></status>
</kw>
<kw library="BuiltIn" name="Should Be True">
<doc>Fails if the given condition is not true.</doc>
<arguments>
<arg>${min} &gt;= ${low}</arg>
</arguments>
<status status="PASS" endtime="20200323 21:03:36.290" starttime="20200323 21:03:36.290"></status>
</kw>
<kw library="BuiltIn" name="Should Be True">
<doc>Fails if the given condition is not true.</doc>
<arguments>
<arg>${max} &lt;= ${up}</arg>
</arguments>
<status status="PASS" endtime="20200323 21:03:36.291" starttime="20200323 21:03:36.290"></status>
</kw>
<kw library="BuiltIn" name="Should Be True">
<doc>Fails if the given condition is not true.</doc>
<arguments>
<arg>abs(${m_theory} - ${m_practice}) / max(${m_practice}, ${m_theory}) &lt;= ${e}</arg>
</arguments>
<status status="PASS" endtime="20200323 21:03:36.291" starttime="20200323 21:03:36.291"></status>
</kw>
<kw library="BuiltIn" name="Should Be True">
<doc>Fails if the given condition is not true.</doc>
<arguments>
<arg>abs(${d_theory} - ${d_practice}) / max(${d_practice}, ${d_theory}) &lt;= ${e}</arg>
</arguments>
<status status="PASS" endtime="20200323 21:03:36.292" starttime="20200323 21:03:36.291"></status>
</kw>
<doc>Uniform distribution test.Comparison of expectation and deviation.</doc>
<tags>
<tag>SimpleTest</tag>
</tags>
<status status="PASS" endtime="20200323 21:03:36.292" critical="yes" starttime="20200323 21:03:36.247"></status>
</test>
<test id="s1-s3-t2" name="Generate valid binomial array">
<kw library="libraries.Distributions" name="Generate binomial array">
<arguments>
<arg>${p}</arg>
<arg>${n}</arg>
<arg>${size}</arg>
</arguments>
<assign>
<var>${array}</var>
</assign>
<msg level="INFO" timestamp="20200323 21:03:36.295">${array} = [10 10  9 ... 12 16 12]</msg>
<status status="PASS" endtime="20200323 21:03:36.295" starttime="20200323 21:03:36.293"></status>
</kw>
<kw library="BuiltIn" name="Evaluate">
<doc>Evaluates the given expression in Python and returns the results.</doc>
<arguments>
<arg>len($array)</arg>
</arguments>
<assign>
<var>${length}</var>
</assign>
<msg level="INFO" timestamp="20200323 21:03:36.296">${length} = 10000</msg>
<status status="PASS" endtime="20200323 21:03:36.296" starttime="20200323 21:03:36.295"></status>
</kw>
<kw library="BuiltIn" name="Evaluate">
<doc>Evaluates the given expression in Python and returns the results.</doc>
<arguments>
<arg>min($array)</arg>
</arguments>
<assign>
<var>${min}</var>
</assign>
<msg level="INFO" timestamp="20200323 21:03:36.298">${min} = 2</msg>
<status status="PASS" endtime="20200323 21:03:36.298" starttime="20200323 21:03:36.296"></status>
</kw>
<kw library="BuiltIn" name="Evaluate">
<doc>Evaluates the given expression in Python and returns the results.</doc>
<arguments>
<arg>max($array)</arg>
</arguments>
<assign>
<var>${max}</var>
</assign>
<msg level="INFO" timestamp="20200323 21:03:36.300">${max} = 18</msg>
<status status="PASS" endtime="20200323 21:03:36.300" starttime="20200323 21:03:36.298"></status>
</kw>
<kw library="BuiltIn" name="Evaluate">
<doc>Evaluates the given expression in Python and returns the results.</doc>
<arguments>
<arg>$n * $p</arg>
</arguments>
<assign>
<var>${m_theory}</var>
</assign>
<msg level="INFO" timestamp="20200323 21:03:36.301">${m_theory} = 10.0</msg>
<status status="PASS" endtime="20200323 21:03:36.301" starttime="20200323 21:03:36.300"></status>
</kw>
<kw library="BuiltIn" name="Evaluate">
<doc>Evaluates the given expression in Python and returns the results.</doc>
<arguments>
<arg>$array.mean()</arg>
</arguments>
<assign>
<var>${m_practice}</var>
</assign>
<msg level="INFO" timestamp="20200323 21:03:36.302">${m_practice} = 9.9775</msg>
<status status="PASS" endtime="20200323 21:03:36.302" starttime="20200323 21:03:36.301"></status>
</kw>
<kw library="BuiltIn" name="Evaluate">
<doc>Evaluates the given expression in Python and returns the results.</doc>
<arguments>
<arg>($p * $n * (1-$p))</arg>
</arguments>
<assign>
<var>${d_theory}</var>
</assign>
<msg level="INFO" timestamp="20200323 21:03:36.303">${d_theory} = 5.0</msg>
<status status="PASS" endtime="20200323 21:03:36.303" starttime="20200323 21:03:36.302"></status>
</kw>
<kw name="Find deviation">
<arguments>
<arg>${array}</arg>
<arg>${m_theory}</arg>
</arguments>
<assign>
<var>${d_practice}</var>
</assign>
<kw library="BuiltIn" name="Evaluate">
<doc>Evaluates the given expression in Python and returns the results.</doc>
<arguments>
<arg>sum((xi - ${m_theory})**2 for xi in $array) / len($array)</arg>
</arguments>
<assign>
<var>${deviation}</var>
</assign>
<msg level="INFO" timestamp="20200323 21:03:36.342">${deviation} = 5.1903</msg>
<status status="PASS" endtime="20200323 21:03:36.342" starttime="20200323 21:03:36.304"></status>
</kw>
<msg level="INFO" timestamp="20200323 21:03:36.343">${d_practice} = 5.1903</msg>
<status status="PASS" endtime="20200323 21:03:36.343" starttime="20200323 21:03:36.303"></status>
</kw>
<kw library="BuiltIn" name="Should Be Equal">
<doc>Fails if the given objects are unequal.</doc>
<arguments>
<arg>${length}</arg>
<arg>${size}</arg>
</arguments>
<status status="PASS" endtime="20200323 21:03:36.344" starttime="20200323 21:03:36.343"></status>
</kw>
<kw library="BuiltIn" name="Should Be True">
<doc>Fails if the given condition is not true.</doc>
<arguments>
<arg>${min} &gt;= ${0}</arg>
</arguments>
<status status="PASS" endtime="20200323 21:03:36.345" starttime="20200323 21:03:36.344"></status>
</kw>
<kw library="BuiltIn" name="Should Be True">
<doc>Fails if the given condition is not true.</doc>
<arguments>
<arg>${max} &lt;= ${n}</arg>
</arguments>
<status status="PASS" endtime="20200323 21:03:36.345" starttime="20200323 21:03:36.345"></status>
</kw>
<kw library="BuiltIn" name="Should Be True">
<doc>Fails if the given condition is not true.</doc>
<arguments>
<arg>abs(${m_theory} - ${m_practice}) / max(${m_practice}, ${m_theory}) &lt;= ${e}</arg>
</arguments>
<status status="PASS" endtime="20200323 21:03:36.346" starttime="20200323 21:03:36.345"></status>
</kw>
<kw library="BuiltIn" name="Should Be True">
<doc>Fails if the given condition is not true.</doc>
<arguments>
<arg>abs(${d_theory} - ${d_practice}) / max(${d_practice}, ${d_theory}) &lt;= ${e}</arg>
</arguments>
<status status="PASS" endtime="20200323 21:03:36.346" starttime="20200323 21:03:36.346"></status>
</kw>
<doc>Binomial distribution test. Comparison of expectation and deviation.</doc>
<tags>
<tag>SimpleTest</tag>
</tags>
<status status="PASS" endtime="20200323 21:03:36.346" critical="yes" starttime="20200323 21:03:36.292"></status>
</test>
<test id="s1-s3-t3" name="Generate valid geometric array">
<kw library="libraries.Distributions" name="Generate geometric array">
<arguments>
<arg>${p}</arg>
<arg>${size}</arg>
</arguments>
<assign>
<var>${array}</var>
</assign>
<msg level="INFO" timestamp="20200323 21:03:36.348">${array} = [2 2 1 ... 1 3 1]</msg>
<status status="PASS" endtime="20200323 21:03:36.348" starttime="20200323 21:03:36.347"></status>
</kw>
<kw library="BuiltIn" name="Evaluate">
<doc>Evaluates the given expression in Python and returns the results.</doc>
<arguments>
<arg>len($array)</arg>
</arguments>
<assign>
<var>${length}</var>
</assign>
<msg level="INFO" timestamp="20200323 21:03:36.349">${length} = 10000</msg>
<status status="PASS" endtime="20200323 21:03:36.349" starttime="20200323 21:03:36.349"></status>
</kw>
<kw library="BuiltIn" name="Evaluate">
<doc>Evaluates the given expression in Python and returns the results.</doc>
<arguments>
<arg>min($array)</arg>
</arguments>
<assign>
<var>${min}</var>
</assign>
<msg level="INFO" timestamp="20200323 21:03:36.351">${min} = 1</msg>
<status status="PASS" endtime="20200323 21:03:36.351" starttime="20200323 21:03:36.350"></status>
</kw>
<kw library="BuiltIn" name="Evaluate">
<doc>Evaluates the given expression in Python and returns the results.</doc>
<arguments>
<arg>1/$p</arg>
</arguments>
<assign>
<var>${m_theory}</var>
</assign>
<msg level="INFO" timestamp="20200323 21:03:36.352">${m_theory} = 2.0</msg>
<status status="PASS" endtime="20200323 21:03:36.352" starttime="20200323 21:03:36.352"></status>
</kw>
<kw library="BuiltIn" name="Evaluate">
<doc>Evaluates the given expression in Python and returns the results.</doc>
<arguments>
<arg>$array.mean()</arg>
</arguments>
<assign>
<var>${m_practice}</var>
</assign>
<msg level="INFO" timestamp="20200323 21:03:36.353">${m_practice} = 1.9996</msg>
<status status="PASS" endtime="20200323 21:03:36.353" starttime="20200323 21:03:36.352"></status>
</kw>
<kw library="BuiltIn" name="Evaluate">
<doc>Evaluates the given expression in Python and returns the results.</doc>
<arguments>
<arg>(1-$p)/($p**2)</arg>
</arguments>
<assign>
<var>${d_theory}</var>
</assign>
<msg level="INFO" timestamp="20200323 21:03:36.354">${d_theory} = 2.0</msg>
<status status="PASS" endtime="20200323 21:03:36.354" starttime="20200323 21:03:36.354"></status>
</kw>
<kw name="Find deviation">
<arguments>
<arg>${array}</arg>
<arg>${m_theory}</arg>
</arguments>
<assign>
<var>${d_practice}</var>
</assign>
<kw library="BuiltIn" name="Evaluate">
<doc>Evaluates the given expression in Python and returns the results.</doc>
<arguments>
<arg>sum((xi - ${m_theory})**2 for xi in $array) / len($array)</arg>
</arguments>
<assign>
<var>${deviation}</var>
</assign>
<msg level="INFO" timestamp="20200323 21:03:36.384">${deviation} = 1.9604</msg>
<status status="PASS" endtime="20200323 21:03:36.384" starttime="20200323 21:03:36.355"></status>
</kw>
<msg level="INFO" timestamp="20200323 21:03:36.385">${d_practice} = 1.9604</msg>
<status status="PASS" endtime="20200323 21:03:36.385" starttime="20200323 21:03:36.354"></status>
</kw>
<kw library="BuiltIn" name="Should Be Equal">
<doc>Fails if the given objects are unequal.</doc>
<arguments>
<arg>${length}</arg>
<arg>${size}</arg>
</arguments>
<status status="PASS" endtime="20200323 21:03:36.385" starttime="20200323 21:03:36.385"></status>
</kw>
<kw library="BuiltIn" name="Should Be True">
<doc>Fails if the given condition is not true.</doc>
<arguments>
<arg>${min} &gt;= ${0}</arg>
</arguments>
<status status="PASS" endtime="20200323 21:03:36.386" starttime="20200323 21:03:36.385"></status>
</kw>
<kw library="BuiltIn" name="Should Be True">
<doc>Fails if the given condition is not true.</doc>
<arguments>
<arg>abs(${m_theory} - ${m_practice}) / max(${m_practice}, ${m_theory}) &lt;= ${e}</arg>
</arguments>
<status status="PASS" endtime="20200323 21:03:36.386" starttime="20200323 21:03:36.386"></status>
</kw>
<kw library="BuiltIn" name="Should Be True">
<doc>Fails if the given condition is not true.</doc>
<arguments>
<arg>abs(${d_theory} - ${d_practice}) / max(${d_practice}, ${d_theory}) &lt;= ${e}</arg>
</arguments>
<status status="PASS" endtime="20200323 21:03:36.387" starttime="20200323 21:03:36.386"></status>
</kw>
<doc>geometric distribution test. Comparison of expectation and deviation.</doc>
<tags>
<tag>SimpleTest</tag>
</tags>
<status status="PASS" endtime="20200323 21:03:36.387" critical="yes" starttime="20200323 21:03:36.347"></status>
</test>
<test id="s1-s3-t4" name="Generate valid poisson array">
<kw name="Generate poisson array with mu ${mu} and size ${size}">
<assign>
<var>${array}</var>
</assign>
<kw library="libraries.Distributions" name="Generate poisson array">
<arguments>
<arg>${mu}</arg>
<arg>${size}</arg>
</arguments>
<assign>
<var>${result}</var>
</assign>
<msg level="INFO" timestamp="20200323 21:03:36.392">${result} = [10 13  8 ...  7  8  5]</msg>
<status status="PASS" endtime="20200323 21:03:36.392" starttime="20200323 21:03:36.389"></status>
</kw>
<msg level="INFO" timestamp="20200323 21:03:36.392">${array} = [10 13  8 ...  7  8  5]</msg>
<status status="PASS" endtime="20200323 21:03:36.392" starttime="20200323 21:03:36.388"></status>
</kw>
<kw library="BuiltIn" name="Evaluate">
<doc>Evaluates the given expression in Python and returns the results.</doc>
<arguments>
<arg>len($array)</arg>
</arguments>
<assign>
<var>${length}</var>
</assign>
<msg level="INFO" timestamp="20200323 21:03:36.393">${length} = 10000</msg>
<status status="PASS" endtime="20200323 21:03:36.393" starttime="20200323 21:03:36.392"></status>
</kw>
<kw library="BuiltIn" name="Evaluate">
<doc>Evaluates the given expression in Python and returns the results.</doc>
<arguments>
<arg>min($array)</arg>
</arguments>
<assign>
<var>${min}</var>
</assign>
<msg level="INFO" timestamp="20200323 21:03:36.395">${min} = 1</msg>
<status status="PASS" endtime="20200323 21:03:36.395" starttime="20200323 21:03:36.393"></status>
</kw>
<kw library="BuiltIn" name="Evaluate">
<doc>Evaluates the given expression in Python and returns the results.</doc>
<arguments>
<arg>$mu</arg>
</arguments>
<assign>
<var>${m_theory}</var>
</assign>
<msg level="INFO" timestamp="20200323 21:03:36.396">${m_theory} = 10</msg>
<status status="PASS" endtime="20200323 21:03:36.396" starttime="20200323 21:03:36.395"></status>
</kw>
<kw library="BuiltIn" name="Evaluate">
<doc>Evaluates the given expression in Python and returns the results.</doc>
<arguments>
<arg>$array.mean()</arg>
</arguments>
<assign>
<var>${m_practice}</var>
</assign>
<msg level="INFO" timestamp="20200323 21:03:36.397">${m_practice} = 10.0187</msg>
<status status="PASS" endtime="20200323 21:03:36.397" starttime="20200323 21:03:36.396"></status>
</kw>
<kw library="BuiltIn" name="Evaluate">
<doc>Evaluates the given expression in Python and returns the results.</doc>
<arguments>
<arg>$mu</arg>
</arguments>
<assign>
<var>${d_theory}</var>
</assign>
<msg level="INFO" timestamp="20200323 21:03:36.398">${d_theory} = 10</msg>
<status status="PASS" endtime="20200323 21:03:36.398" starttime="20200323 21:03:36.397"></status>
</kw>
<kw name="Find deviation">
<arguments>
<arg>${array}</arg>
<arg>${m_theory}</arg>
</arguments>
<assign>
<var>${d_practice}</var>
</assign>
<kw library="BuiltIn" name="Evaluate">
<doc>Evaluates the given expression in Python and returns the results.</doc>
<arguments>
<arg>sum((xi - ${m_theory})**2 for xi in $array) / len($array)</arg>
</arguments>
<assign>
<var>${deviation}</var>
</assign>
<msg level="INFO" timestamp="20200323 21:03:36.407">${deviation} = 9.8469</msg>
<status status="PASS" endtime="20200323 21:03:36.407" starttime="20200323 21:03:36.398"></status>
</kw>
<msg level="INFO" timestamp="20200323 21:03:36.407">${d_practice} = 9.8469</msg>
<status status="PASS" endtime="20200323 21:03:36.407" starttime="20200323 21:03:36.398"></status>
</kw>
<kw library="BuiltIn" name="Should Be Equal">
<doc>Fails if the given objects are unequal.</doc>
<arguments>
<arg>${length}</arg>
<arg>${size}</arg>
</arguments>
<status status="PASS" endtime="20200323 21:03:36.408" starttime="20200323 21:03:36.408"></status>
</kw>
<kw library="BuiltIn" name="Should Be True">
<doc>Fails if the given condition is not true.</doc>
<arguments>
<arg>${min} &gt;= ${0}</arg>
</arguments>
<status status="PASS" endtime="20200323 21:03:36.408" starttime="20200323 21:03:36.408"></status>
</kw>
<kw library="BuiltIn" name="Should Be True">
<doc>Fails if the given condition is not true.</doc>
<arguments>
<arg>abs(${m_theory} - ${m_practice}) / max(${m_practice}, ${m_theory}) &lt;= ${e}</arg>
</arguments>
<status status="PASS" endtime="20200323 21:03:36.409" starttime="20200323 21:03:36.409"></status>
</kw>
<kw library="BuiltIn" name="Should Be True">
<doc>Fails if the given condition is not true.</doc>
<arguments>
<arg>abs(${d_theory} - ${d_practice}) / max(${d_practice}, ${d_theory}) &lt;= ${e}</arg>
</arguments>
<status status="PASS" endtime="20200323 21:03:36.410" starttime="20200323 21:03:36.409"></status>
</kw>
<doc>Poisson distribution test. Comparison of expectation and deviation.</doc>
<tags>
<tag>MiddleTest</tag>
</tags>
<status status="PASS" endtime="20200323 21:03:36.410" critical="yes" starttime="20200323 21:03:36.388"></status>
</test>
<doc>Discrete distribution and Robot Framework.</doc>
<status status="PASS" endtime="20200323 21:03:36.410" starttime="20200323 21:03:35.833"></status>
</suite>
<status status="PASS" endtime="20200323 21:03:36.411" starttime="20200323 21:03:35.762"></status>
</suite>
<statistics>
<total>
<stat pass="9" fail="0">Critical Tests</stat>
<stat pass="9" fail="0">All Tests</stat>
</total>
<tag>
<stat pass="1" fail="0">HardTest</stat>
<stat pass="2" fail="0">MiddleTest</stat>
<stat pass="6" fail="0">SimpleTest</stat>
</tag>
<suite>
<stat id="s1" pass="9" fail="0" name="Array Test &amp; Number Test &amp; Statistics Test">Array Test &amp; Number Test &amp; Statistics Test</stat>
<stat id="s1-s1" pass="3" fail="0" name="Array Test">Array Test &amp; Number Test &amp; Statistics Test.Array Test</stat>
<stat id="s1-s2" pass="2" fail="0" name="Number Test">Array Test &amp; Number Test &amp; Statistics Test.Number Test</stat>
<stat id="s1-s3" pass="4" fail="0" name="Statistics Test">Array Test &amp; Number Test &amp; Statistics Test.Statistics Test</stat>
</suite>
</statistics>
<errors>
</errors>
</robot>
