<?xml version="1.0" encoding="UTF-8"?>
<robot generator="Robot 3.1.2 (Python 3.5.3 on linux)" rpa="false" generated="20200323 21:10:35.922">
<suite id="s1" name="Array Test &amp; Number Test &amp; Statistics Test">
<suite id="s1-s1" source="/var/lib/jenkins/workspace/robot/array_test.robot" name="Array Test">
<test id="s1-s1-t1" name="Generatiing valid array.">
<kw library="libraries.ArrayGeneratorLibrary" name="Generate integer array">
<arguments>
<arg>${size}</arg>
<arg>${minimum}</arg>
<arg>${maximum}</arg>
</arguments>
<assign>
<var>${array}</var>
</assign>
<msg timestamp="20200323 21:10:35.953" level="INFO">${array} = [1, 4, 4, 4, 2, 7, 7, 6, 3, 9, 7, 8, 2, 10, 2, 5, 4, 2, 1, 4, 1, 7, 3, 6, 4, 1, 2, 7, 2, 8, 8, 2, 1, 10, 9, 10, 1, 9, 4, 6, 6, 6, 9, 2, 9, 8, 5, 1, 10, 1, 10, 6, 4, 7, 4, 10, 4, 10, 6, 8, 1, 5, 3, 1, ...</msg>
<status starttime="20200323 21:10:35.952" status="PASS" endtime="20200323 21:10:35.953"></status>
</kw>
<kw library="BuiltIn" name="Evaluate">
<doc>Evaluates the given expression in Python and returns the results.</doc>
<arguments>
<arg>len($array)</arg>
</arguments>
<assign>
<var>${length}</var>
</assign>
<msg timestamp="20200323 21:10:35.956" level="INFO">${length} = 100</msg>
<status starttime="20200323 21:10:35.953" status="PASS" endtime="20200323 21:10:35.956"></status>
</kw>
<kw library="BuiltIn" name="Evaluate">
<doc>Evaluates the given expression in Python and returns the results.</doc>
<arguments>
<arg>min($array)</arg>
</arguments>
<assign>
<var>${min}</var>
</assign>
<msg timestamp="20200323 21:10:35.957" level="INFO">${min} = 1</msg>
<status starttime="20200323 21:10:35.956" status="PASS" endtime="20200323 21:10:35.957"></status>
</kw>
<kw library="BuiltIn" name="Evaluate">
<doc>Evaluates the given expression in Python and returns the results.</doc>
<arguments>
<arg>max($array)</arg>
</arguments>
<assign>
<var>${max}</var>
</assign>
<msg timestamp="20200323 21:10:35.957" level="INFO">${max} = 10</msg>
<status starttime="20200323 21:10:35.957" status="PASS" endtime="20200323 21:10:35.957"></status>
</kw>
<kw library="BuiltIn" name="Should Be Equal">
<doc>Fails if the given objects are unequal.</doc>
<arguments>
<arg>${length}</arg>
<arg>${size}</arg>
</arguments>
<status starttime="20200323 21:10:35.958" status="PASS" endtime="20200323 21:10:35.958"></status>
</kw>
<kw library="BuiltIn" name="Should Be True">
<doc>Fails if the given condition is not true.</doc>
<arguments>
<arg>${min} &gt;= ${minimum}</arg>
</arguments>
<status starttime="20200323 21:10:35.958" status="PASS" endtime="20200323 21:10:35.958"></status>
</kw>
<kw library="BuiltIn" name="Should Be True">
<doc>Fails if the given condition is not true.</doc>
<arguments>
<arg>${max} &lt;= ${maximum}</arg>
</arguments>
<status starttime="20200323 21:10:35.958" status="PASS" endtime="20200323 21:10:35.959"></status>
</kw>
<tags>
<tag>SimpleTest</tag>
</tags>
<status starttime="20200323 21:10:35.951" status="PASS" critical="yes" endtime="20200323 21:10:35.959"></status>
</test>
<test id="s1-s1-t2" name="Generatiing valid array using decorator.">
<kw name="Generate 10 numbers, from 1 to 10">
<assign>
<var>${array}</var>
</assign>
<kw library="libraries.ArrayGeneratorLibrary" name="Generate integer array">
<arguments>
<arg>${n}</arg>
<arg>${from}</arg>
<arg>${to}</arg>
</arguments>
<assign>
<var>${result}</var>
</assign>
<msg timestamp="20200323 21:10:35.960" level="INFO">${result} = [5, 2, 1, 4, 5, 2, 1, 6, 2, 3]</msg>
<status starttime="20200323 21:10:35.960" status="PASS" endtime="20200323 21:10:35.961"></status>
</kw>
<msg timestamp="20200323 21:10:35.961" level="INFO">${array} = [5, 2, 1, 4, 5, 2, 1, 6, 2, 3]</msg>
<status starttime="20200323 21:10:35.960" status="PASS" endtime="20200323 21:10:35.961"></status>
</kw>
<kw library="BuiltIn" name="Evaluate">
<doc>Evaluates the given expression in Python and returns the results.</doc>
<arguments>
<arg>len($array)</arg>
</arguments>
<assign>
<var>${length}</var>
</assign>
<msg timestamp="20200323 21:10:35.962" level="INFO">${length} = 10</msg>
<status starttime="20200323 21:10:35.961" status="PASS" endtime="20200323 21:10:35.962"></status>
</kw>
<kw library="BuiltIn" name="Evaluate">
<doc>Evaluates the given expression in Python and returns the results.</doc>
<arguments>
<arg>min($array)</arg>
</arguments>
<assign>
<var>${min}</var>
</assign>
<msg timestamp="20200323 21:10:35.962" level="INFO">${min} = 1</msg>
<status starttime="20200323 21:10:35.962" status="PASS" endtime="20200323 21:10:35.963"></status>
</kw>
<kw library="BuiltIn" name="Evaluate">
<doc>Evaluates the given expression in Python and returns the results.</doc>
<arguments>
<arg>max($array)</arg>
</arguments>
<assign>
<var>${max}</var>
</assign>
<msg timestamp="20200323 21:10:35.963" level="INFO">${max} = 6</msg>
<status starttime="20200323 21:10:35.963" status="PASS" endtime="20200323 21:10:35.963"></status>
</kw>
<kw library="BuiltIn" name="Should Be Equal">
<doc>Fails if the given objects are unequal.</doc>
<arguments>
<arg>${length}</arg>
<arg>${10}</arg>
</arguments>
<status starttime="20200323 21:10:35.963" status="PASS" endtime="20200323 21:10:35.964"></status>
</kw>
<kw library="BuiltIn" name="Should Be True">
<doc>Fails if the given condition is not true.</doc>
<arguments>
<arg>${min} &gt;= ${1}</arg>
</arguments>
<status starttime="20200323 21:10:35.964" status="PASS" endtime="20200323 21:10:35.964"></status>
</kw>
<kw library="BuiltIn" name="Should Be True">
<doc>Fails if the given condition is not true.</doc>
<arguments>
<arg>${max} &lt;= ${10}</arg>
</arguments>
<status starttime="20200323 21:10:35.964" status="PASS" endtime="20200323 21:10:35.965"></status>
</kw>
<tags>
<tag>MiddleTest</tag>
</tags>
<status starttime="20200323 21:10:35.959" status="PASS" critical="yes" endtime="20200323 21:10:35.965"></status>
</test>
<test id="s1-s1-t3" name="Generating valid array and search even and odd numbers.">
<kw library="BuiltIn" name="Create List">
<doc>Returns a list containing given items.</doc>
<arguments>
<arg>even</arg>
<arg>odd</arg>
</arguments>
<assign>
<var>${types}</var>
</assign>
<msg timestamp="20200323 21:10:35.966" level="INFO">${types} = ['even', 'odd']</msg>
<status starttime="20200323 21:10:35.966" status="PASS" endtime="20200323 21:10:35.966"></status>
</kw>
<kw name="Generate 100 numbers, from 1 to 10">
<assign>
<var>${array}</var>
</assign>
<kw library="libraries.ArrayGeneratorLibrary" name="Generate integer array">
<arguments>
<arg>${n}</arg>
<arg>${from}</arg>
<arg>${to}</arg>
</arguments>
<assign>
<var>${result}</var>
</assign>
<msg timestamp="20200323 21:10:35.967" level="INFO">${result} = [1, 1, 1, 2, 5, 2, 3, 3, 4, 6, 5, 3, 4, 8, 7, 7, 3, 9, 1, 1, 10, 3, 7, 4, 3, 7, 3, 2, 2, 3, 2, 7, 4, 9, 9, 10, 7, 7, 9, 2, 9, 4, 10, 7, 10, 2, 2, 8, 6, 6, 1, 2, 8, 3, 3, 8, 8, 10, 10, 5, 3, 3, 5, 6, 7...</msg>
<status starttime="20200323 21:10:35.966" status="PASS" endtime="20200323 21:10:35.967"></status>
</kw>
<msg timestamp="20200323 21:10:35.967" level="INFO">${array} = [1, 1, 1, 2, 5, 2, 3, 3, 4, 6, 5, 3, 4, 8, 7, 7, 3, 9, 1, 1, 10, 3, 7, 4, 3, 7, 3, 2, 2, 3, 2, 7, 4, 9, 9, 10, 7, 7, 9, 2, 9, 4, 10, 7, 10, 2, 2, 8, 6, 6, 1, 2, 8, 3, 3, 8, 8, 10, 10, 5, 3, 3, 5, 6, 7...</msg>
<status starttime="20200323 21:10:35.966" status="PASS" endtime="20200323 21:10:35.967"></status>
</kw>
<kw name="${type} IN [ @{types} ]" type="for">
<kw name="${type} = even" type="foritem">
<kw library="BuiltIn" name="Run Keyword">
<doc>Executes the given keyword with the given arguments.</doc>
<arguments>
<arg>Find ${type} number in the list</arg>
<arg>${array}</arg>
</arguments>
<assign>
<var>${numbers}</var>
</assign>
<kw name="Find even number in the list">
<arguments>
<arg>${array}</arg>
</arguments>
<kw library="BuiltIn" name="Evaluate">
<doc>Evaluates the given expression in Python and returns the results.</doc>
<arguments>
<arg>[i for i in $list if i % 2 == 0]</arg>
</arguments>
<assign>
<var>${evens}</var>
</assign>
<msg timestamp="20200323 21:10:35.970" level="INFO">${evens} = [2, 2, 4, 6, 4, 8, 10, 4, 2, 2, 2, 4, 10, 2, 4, 10, 10, 2, 2, 8, 6, 6, 2, 8, 8, 8, 10, 10, 6, 8, 4, 2, 10, 8, 4, 2, 6, 2, 6, 8, 6, 6, 10, 2, 2, 4]</msg>
<status starttime="20200323 21:10:35.969" status="PASS" endtime="20200323 21:10:35.970"></status>
</kw>
<status starttime="20200323 21:10:35.969" status="PASS" endtime="20200323 21:10:35.970"></status>
</kw>
<msg timestamp="20200323 21:10:35.970" level="INFO">${numbers} = [2, 2, 4, 6, 4, 8, 10, 4, 2, 2, 2, 4, 10, 2, 4, 10, 10, 2, 2, 8, 6, 6, 2, 8, 8, 8, 10, 10, 6, 8, 4, 2, 10, 8, 4, 2, 6, 2, 6, 8, 6, 6, 10, 2, 2, 4]</msg>
<status starttime="20200323 21:10:35.967" status="PASS" endtime="20200323 21:10:35.970"></status>
</kw>
<kw library="BuiltIn" name="Evaluate">
<doc>Evaluates the given expression in Python and returns the results.</doc>
<arguments>
<arg>len($numbers)</arg>
</arguments>
<assign>
<var>${length}</var>
</assign>
<msg timestamp="20200323 21:10:35.971" level="INFO">${length} = 46</msg>
<status starttime="20200323 21:10:35.970" status="PASS" endtime="20200323 21:10:35.971"></status>
</kw>
<kw library="BuiltIn" name="Should Be True">
<doc>Fails if the given condition is not true.</doc>
<arguments>
<arg>${length} &gt;= ${1}</arg>
</arguments>
<status starttime="20200323 21:10:35.971" status="PASS" endtime="20200323 21:10:35.971"></status>
</kw>
<status starttime="20200323 21:10:35.967" status="PASS" endtime="20200323 21:10:35.972"></status>
</kw>
<kw name="${type} = odd" type="foritem">
<kw library="BuiltIn" name="Run Keyword">
<doc>Executes the given keyword with the given arguments.</doc>
<arguments>
<arg>Find ${type} number in the list</arg>
<arg>${array}</arg>
</arguments>
<assign>
<var>${numbers}</var>
</assign>
<kw name="Find odd number in the list">
<arguments>
<arg>${array}</arg>
</arguments>
<kw library="BuiltIn" name="Evaluate">
<doc>Evaluates the given expression in Python and returns the results.</doc>
<arguments>
<arg>[i for i in $list if i % 2 != 0]</arg>
</arguments>
<assign>
<var>${odds}</var>
</assign>
<msg timestamp="20200323 21:10:35.973" level="INFO">${odds} = [1, 1, 1, 5, 3, 3, 5, 3, 7, 7, 3, 9, 1, 1, 3, 7, 3, 7, 3, 3, 7, 9, 9, 7, 7, 9, 9, 7, 1, 3, 3, 5, 3, 3, 5, 7, 5, 1, 9, 7, 5, 9, 7, 7, 7, 3, 1, 3, 7, 5, 5, 3, 1, 7]</msg>
<status starttime="20200323 21:10:35.972" status="PASS" endtime="20200323 21:10:35.973"></status>
</kw>
<status starttime="20200323 21:10:35.972" status="PASS" endtime="20200323 21:10:35.973"></status>
</kw>
<msg timestamp="20200323 21:10:35.974" level="INFO">${numbers} = [1, 1, 1, 5, 3, 3, 5, 3, 7, 7, 3, 9, 1, 1, 3, 7, 3, 7, 3, 3, 7, 9, 9, 7, 7, 9, 9, 7, 1, 3, 3, 5, 3, 3, 5, 7, 5, 1, 9, 7, 5, 9, 7, 7, 7, 3, 1, 3, 7, 5, 5, 3, 1, 7]</msg>
<status starttime="20200323 21:10:35.972" status="PASS" endtime="20200323 21:10:35.974"></status>
</kw>
<kw library="BuiltIn" name="Evaluate">
<doc>Evaluates the given expression in Python and returns the results.</doc>
<arguments>
<arg>len($numbers)</arg>
</arguments>
<assign>
<var>${length}</var>
</assign>
<msg timestamp="20200323 21:10:35.974" level="INFO">${length} = 54</msg>
<status starttime="20200323 21:10:35.974" status="PASS" endtime="20200323 21:10:35.975"></status>
</kw>
<kw library="BuiltIn" name="Should Be True">
<doc>Fails if the given condition is not true.</doc>
<arguments>
<arg>${length} &gt;= ${1}</arg>
</arguments>
<status starttime="20200323 21:10:35.975" status="PASS" endtime="20200323 21:10:35.975"></status>
</kw>
<status starttime="20200323 21:10:35.972" status="PASS" endtime="20200323 21:10:35.975"></status>
</kw>
<status starttime="20200323 21:10:35.967" status="PASS" endtime="20200323 21:10:35.975"></status>
</kw>
<tags>
<tag>HardTest</tag>
</tags>
<status starttime="20200323 21:10:35.965" status="PASS" critical="yes" endtime="20200323 21:10:35.975"></status>
</test>
<doc>Python and Robot Framework.</doc>
<status starttime="20200323 21:10:35.946" status="PASS" endtime="20200323 21:10:35.976"></status>
</suite>
<suite id="s1-s2" source="/var/lib/jenkins/workspace/robot/number_test.robot" name="Number Test">
<test id="s1-s2-t1" name="Search for the minimum.">
<kw library="libraries.ArrayGeneratorLibrary" name="Find minimum">
<arguments>
<arg>${5}</arg>
<arg>${10}</arg>
</arguments>
<assign>
<var>${min}</var>
</assign>
<msg timestamp="20200323 21:10:35.980" level="INFO">${min} = 5</msg>
<status starttime="20200323 21:10:35.980" status="PASS" endtime="20200323 21:10:35.980"></status>
</kw>
<kw library="BuiltIn" name="Should Be Equal">
<doc>Fails if the given objects are unequal.</doc>
<arguments>
<arg>${min}</arg>
<arg>${5}</arg>
</arguments>
<status starttime="20200323 21:10:35.980" status="PASS" endtime="20200323 21:10:35.980"></status>
</kw>
<kw library="libraries.ArrayGeneratorLibrary" name="Find minimum">
<arguments>
<arg>${0}</arg>
<arg>${-5}</arg>
</arguments>
<assign>
<var>${min}</var>
</assign>
<msg timestamp="20200323 21:10:35.981" level="INFO">${min} = -5</msg>
<status starttime="20200323 21:10:35.980" status="PASS" endtime="20200323 21:10:35.981"></status>
</kw>
<kw library="BuiltIn" name="Should Be Equal">
<doc>Fails if the given objects are unequal.</doc>
<arguments>
<arg>${min}</arg>
<arg>${-5}</arg>
</arguments>
<status starttime="20200323 21:10:35.981" status="PASS" endtime="20200323 21:10:35.981"></status>
</kw>
<kw library="libraries.ArrayGeneratorLibrary" name="Find minimum">
<arguments>
<arg>${5}</arg>
<arg>${5}</arg>
</arguments>
<assign>
<var>${min}</var>
</assign>
<msg timestamp="20200323 21:10:35.982" level="INFO">${min} = 5</msg>
<status starttime="20200323 21:10:35.981" status="PASS" endtime="20200323 21:10:35.982"></status>
</kw>
<kw library="BuiltIn" name="Should Be Equal">
<doc>Fails if the given objects are unequal.</doc>
<arguments>
<arg>${min}</arg>
<arg>${5}</arg>
</arguments>
<status starttime="20200323 21:10:35.982" status="PASS" endtime="20200323 21:10:35.982"></status>
</kw>
<tags>
<tag>SimpleTest</tag>
</tags>
<status starttime="20200323 21:10:35.979" status="PASS" critical="yes" endtime="20200323 21:10:35.982"></status>
</test>
<test id="s1-s2-t2" name="Search for the maximum.">
<kw library="libraries.ArrayGeneratorLibrary" name="Find maximum">
<arguments>
<arg>${5}</arg>
<arg>${10}</arg>
</arguments>
<assign>
<var>${min}</var>
</assign>
<msg timestamp="20200323 21:10:35.983" level="INFO">${min} = 10</msg>
<status starttime="20200323 21:10:35.983" status="PASS" endtime="20200323 21:10:35.983"></status>
</kw>
<kw library="BuiltIn" name="Should Be Equal">
<doc>Fails if the given objects are unequal.</doc>
<arguments>
<arg>${min}</arg>
<arg>${10}</arg>
</arguments>
<status starttime="20200323 21:10:35.983" status="PASS" endtime="20200323 21:10:35.984"></status>
</kw>
<kw library="libraries.ArrayGeneratorLibrary" name="Find maximum">
<arguments>
<arg>${0}</arg>
<arg>${-5}</arg>
</arguments>
<assign>
<var>${min}</var>
</assign>
<msg timestamp="20200323 21:10:35.984" level="INFO">${min} = 0</msg>
<status starttime="20200323 21:10:35.984" status="PASS" endtime="20200323 21:10:35.984"></status>
</kw>
<kw library="BuiltIn" name="Should Be Equal">
<doc>Fails if the given objects are unequal.</doc>
<arguments>
<arg>${min}</arg>
<arg>${0}</arg>
</arguments>
<status starttime="20200323 21:10:35.984" status="PASS" endtime="20200323 21:10:35.985"></status>
</kw>
<kw library="libraries.ArrayGeneratorLibrary" name="Find maximum">
<arguments>
<arg>${5}</arg>
<arg>${5}</arg>
</arguments>
<assign>
<var>${min}</var>
</assign>
<msg timestamp="20200323 21:10:35.985" level="INFO">${min} = 5</msg>
<status starttime="20200323 21:10:35.985" status="PASS" endtime="20200323 21:10:35.985"></status>
</kw>
<kw library="BuiltIn" name="Should Be Equal">
<doc>Fails if the given objects are unequal.</doc>
<arguments>
<arg>${min}</arg>
<arg>${5}</arg>
</arguments>
<status starttime="20200323 21:10:35.985" status="PASS" endtime="20200323 21:10:35.985"></status>
</kw>
<tags>
<tag>SimpleTest</tag>
</tags>
<status starttime="20200323 21:10:35.982" status="PASS" critical="yes" endtime="20200323 21:10:35.986"></status>
</test>
<doc>Robot Framework tests.</doc>
<status starttime="20200323 21:10:35.976" status="PASS" endtime="20200323 21:10:35.986"></status>
</suite>
<suite id="s1-s3" source="/var/lib/jenkins/workspace/robot/statistics_test.robot" name="Statistics Test">
<test id="s1-s3-t1" name="Generate valid uniform array">
<kw library="libraries.Distributions" name="Generate uniform array">
<arguments>
<arg>${low}</arg>
<arg>${up}</arg>
<arg>${size}</arg>
</arguments>
<assign>
<var>${array}</var>
</assign>
<msg timestamp="20200323 21:10:36.392" level="INFO">${array} = [41  4 55 ... 15 14 88]</msg>
<status starttime="20200323 21:10:36.392" status="PASS" endtime="20200323 21:10:36.393"></status>
</kw>
<kw library="BuiltIn" name="Evaluate">
<doc>Evaluates the given expression in Python and returns the results.</doc>
<arguments>
<arg>len($array)</arg>
</arguments>
<assign>
<var>${length}</var>
</assign>
<msg timestamp="20200323 21:10:36.393" level="INFO">${length} = 10000</msg>
<status starttime="20200323 21:10:36.393" status="PASS" endtime="20200323 21:10:36.394"></status>
</kw>
<kw library="BuiltIn" name="Evaluate">
<doc>Evaluates the given expression in Python and returns the results.</doc>
<arguments>
<arg>min($array)</arg>
</arguments>
<assign>
<var>${min}</var>
</assign>
<msg timestamp="20200323 21:10:36.395" level="INFO">${min} = 1</msg>
<status starttime="20200323 21:10:36.394" status="PASS" endtime="20200323 21:10:36.396"></status>
</kw>
<kw library="BuiltIn" name="Evaluate">
<doc>Evaluates the given expression in Python and returns the results.</doc>
<arguments>
<arg>max($array)</arg>
</arguments>
<assign>
<var>${max}</var>
</assign>
<msg timestamp="20200323 21:10:36.397" level="INFO">${max} = 99</msg>
<status starttime="20200323 21:10:36.396" status="PASS" endtime="20200323 21:10:36.397"></status>
</kw>
<kw library="BuiltIn" name="Evaluate">
<doc>Evaluates the given expression in Python and returns the results.</doc>
<arguments>
<arg>($up + $low) / 2</arg>
</arguments>
<assign>
<var>${m_theory}</var>
</assign>
<msg timestamp="20200323 21:10:36.398" level="INFO">${m_theory} = 50.5</msg>
<status starttime="20200323 21:10:36.398" status="PASS" endtime="20200323 21:10:36.398"></status>
</kw>
<kw library="BuiltIn" name="Evaluate">
<doc>Evaluates the given expression in Python and returns the results.</doc>
<arguments>
<arg>$array.mean()</arg>
</arguments>
<assign>
<var>${m_practice}</var>
</assign>
<msg timestamp="20200323 21:10:36.400" level="INFO">${m_practice} = 49.4353</msg>
<status starttime="20200323 21:10:36.399" status="PASS" endtime="20200323 21:10:36.400"></status>
</kw>
<kw library="BuiltIn" name="Evaluate">
<doc>Evaluates the given expression in Python and returns the results.</doc>
<arguments>
<arg>(($up - $low + 1)**2 - 1) / 12</arg>
</arguments>
<assign>
<var>${d_theory}</var>
</assign>
<msg timestamp="20200323 21:10:36.401" level="INFO">${d_theory} = 833.25</msg>
<status starttime="20200323 21:10:36.400" status="PASS" endtime="20200323 21:10:36.401"></status>
</kw>
<kw name="Find deviation">
<arguments>
<arg>${array}</arg>
<arg>${m_theory}</arg>
</arguments>
<assign>
<var>${d_practice}</var>
</assign>
<kw library="BuiltIn" name="Evaluate">
<doc>Evaluates the given expression in Python and returns the results.</doc>
<arguments>
<arg>sum((xi - ${m_theory})**2 for xi in $array) / len($array)</arg>
</arguments>
<assign>
<var>${deviation}</var>
</assign>
<msg timestamp="20200323 21:10:36.434" level="INFO">${deviation} = 822.5722</msg>
<status starttime="20200323 21:10:36.401" status="PASS" endtime="20200323 21:10:36.434"></status>
</kw>
<msg timestamp="20200323 21:10:36.434" level="INFO">${d_practice} = 822.5722</msg>
<status starttime="20200323 21:10:36.401" status="PASS" endtime="20200323 21:10:36.434"></status>
</kw>
<kw library="BuiltIn" name="Should Be Equal">
<doc>Fails if the given objects are unequal.</doc>
<arguments>
<arg>${length}</arg>
<arg>${size}</arg>
</arguments>
<status starttime="20200323 21:10:36.435" status="PASS" endtime="20200323 21:10:36.435"></status>
</kw>
<kw library="BuiltIn" name="Should Be True">
<doc>Fails if the given condition is not true.</doc>
<arguments>
<arg>${min} &gt;= ${low}</arg>
</arguments>
<status starttime="20200323 21:10:36.435" status="PASS" endtime="20200323 21:10:36.435"></status>
</kw>
<kw library="BuiltIn" name="Should Be True">
<doc>Fails if the given condition is not true.</doc>
<arguments>
<arg>${max} &lt;= ${up}</arg>
</arguments>
<status starttime="20200323 21:10:36.436" status="PASS" endtime="20200323 21:10:36.436"></status>
</kw>
<kw library="BuiltIn" name="Should Be True">
<doc>Fails if the given condition is not true.</doc>
<arguments>
<arg>abs(${m_theory} - ${m_practice}) / max(${m_practice}, ${m_theory}) &lt;= ${e}</arg>
</arguments>
<status starttime="20200323 21:10:36.436" status="PASS" endtime="20200323 21:10:36.436"></status>
</kw>
<kw library="BuiltIn" name="Should Be True">
<doc>Fails if the given condition is not true.</doc>
<arguments>
<arg>abs(${d_theory} - ${d_practice}) / max(${d_practice}, ${d_theory}) &lt;= ${e}</arg>
</arguments>
<status starttime="20200323 21:10:36.437" status="PASS" endtime="20200323 21:10:36.437"></status>
</kw>
<doc>Uniform distribution test.Comparison of expectation and deviation.</doc>
<tags>
<tag>SimpleTest</tag>
</tags>
<status starttime="20200323 21:10:36.391" status="PASS" critical="yes" endtime="20200323 21:10:36.437"></status>
</test>
<test id="s1-s3-t2" name="Generate valid binomial array">
<kw library="libraries.Distributions" name="Generate binomial array">
<arguments>
<arg>${p}</arg>
<arg>${n}</arg>
<arg>${size}</arg>
</arguments>
<assign>
<var>${array}</var>
</assign>
<msg timestamp="20200323 21:10:36.440" level="INFO">${array} = [10 13 11 ...  9 13 14]</msg>
<status starttime="20200323 21:10:36.438" status="PASS" endtime="20200323 21:10:36.440"></status>
</kw>
<kw library="BuiltIn" name="Evaluate">
<doc>Evaluates the given expression in Python and returns the results.</doc>
<arguments>
<arg>len($array)</arg>
</arguments>
<assign>
<var>${length}</var>
</assign>
<msg timestamp="20200323 21:10:36.441" level="INFO">${length} = 10000</msg>
<status starttime="20200323 21:10:36.441" status="PASS" endtime="20200323 21:10:36.441"></status>
</kw>
<kw library="BuiltIn" name="Evaluate">
<doc>Evaluates the given expression in Python and returns the results.</doc>
<arguments>
<arg>min($array)</arg>
</arguments>
<assign>
<var>${min}</var>
</assign>
<msg timestamp="20200323 21:10:36.444" level="INFO">${min} = 2</msg>
<status starttime="20200323 21:10:36.442" status="PASS" endtime="20200323 21:10:36.444"></status>
</kw>
<kw library="BuiltIn" name="Evaluate">
<doc>Evaluates the given expression in Python and returns the results.</doc>
<arguments>
<arg>max($array)</arg>
</arguments>
<assign>
<var>${max}</var>
</assign>
<msg timestamp="20200323 21:10:36.446" level="INFO">${max} = 19</msg>
<status starttime="20200323 21:10:36.444" status="PASS" endtime="20200323 21:10:36.446"></status>
</kw>
<kw library="BuiltIn" name="Evaluate">
<doc>Evaluates the given expression in Python and returns the results.</doc>
<arguments>
<arg>$n * $p</arg>
</arguments>
<assign>
<var>${m_theory}</var>
</assign>
<msg timestamp="20200323 21:10:36.447" level="INFO">${m_theory} = 10.0</msg>
<status starttime="20200323 21:10:36.446" status="PASS" endtime="20200323 21:10:36.447"></status>
</kw>
<kw library="BuiltIn" name="Evaluate">
<doc>Evaluates the given expression in Python and returns the results.</doc>
<arguments>
<arg>$array.mean()</arg>
</arguments>
<assign>
<var>${m_practice}</var>
</assign>
<msg timestamp="20200323 21:10:36.448" level="INFO">${m_practice} = 9.972</msg>
<status starttime="20200323 21:10:36.447" status="PASS" endtime="20200323 21:10:36.448"></status>
</kw>
<kw library="BuiltIn" name="Evaluate">
<doc>Evaluates the given expression in Python and returns the results.</doc>
<arguments>
<arg>($p * $n * (1-$p))</arg>
</arguments>
<assign>
<var>${d_theory}</var>
</assign>
<msg timestamp="20200323 21:10:36.449" level="INFO">${d_theory} = 5.0</msg>
<status starttime="20200323 21:10:36.448" status="PASS" endtime="20200323 21:10:36.449"></status>
</kw>
<kw name="Find deviation">
<arguments>
<arg>${array}</arg>
<arg>${m_theory}</arg>
</arguments>
<assign>
<var>${d_practice}</var>
</assign>
<kw library="BuiltIn" name="Evaluate">
<doc>Evaluates the given expression in Python and returns the results.</doc>
<arguments>
<arg>sum((xi - ${m_theory})**2 for xi in $array) / len($array)</arg>
</arguments>
<assign>
<var>${deviation}</var>
</assign>
<msg timestamp="20200323 21:10:36.480" level="INFO">${deviation} = 4.9668</msg>
<status starttime="20200323 21:10:36.449" status="PASS" endtime="20200323 21:10:36.480"></status>
</kw>
<msg timestamp="20200323 21:10:36.481" level="INFO">${d_practice} = 4.9668</msg>
<status starttime="20200323 21:10:36.449" status="PASS" endtime="20200323 21:10:36.481"></status>
</kw>
<kw library="BuiltIn" name="Should Be Equal">
<doc>Fails if the given objects are unequal.</doc>
<arguments>
<arg>${length}</arg>
<arg>${size}</arg>
</arguments>
<status starttime="20200323 21:10:36.481" status="PASS" endtime="20200323 21:10:36.481"></status>
</kw>
<kw library="BuiltIn" name="Should Be True">
<doc>Fails if the given condition is not true.</doc>
<arguments>
<arg>${min} &gt;= ${0}</arg>
</arguments>
<status starttime="20200323 21:10:36.481" status="PASS" endtime="20200323 21:10:36.482"></status>
</kw>
<kw library="BuiltIn" name="Should Be True">
<doc>Fails if the given condition is not true.</doc>
<arguments>
<arg>${max} &lt;= ${n}</arg>
</arguments>
<status starttime="20200323 21:10:36.482" status="PASS" endtime="20200323 21:10:36.482"></status>
</kw>
<kw library="BuiltIn" name="Should Be True">
<doc>Fails if the given condition is not true.</doc>
<arguments>
<arg>abs(${m_theory} - ${m_practice}) / max(${m_practice}, ${m_theory}) &lt;= ${e}</arg>
</arguments>
<status starttime="20200323 21:10:36.482" status="PASS" endtime="20200323 21:10:36.483"></status>
</kw>
<kw library="BuiltIn" name="Should Be True">
<doc>Fails if the given condition is not true.</doc>
<arguments>
<arg>abs(${d_theory} - ${d_practice}) / max(${d_practice}, ${d_theory}) &lt;= ${e}</arg>
</arguments>
<status starttime="20200323 21:10:36.483" status="PASS" endtime="20200323 21:10:36.483"></status>
</kw>
<doc>Binomial distribution test. Comparison of expectation and deviation.</doc>
<tags>
<tag>SimpleTest</tag>
</tags>
<status starttime="20200323 21:10:36.438" status="PASS" critical="yes" endtime="20200323 21:10:36.484"></status>
</test>
<test id="s1-s3-t3" name="Generate valid geometric array">
<kw library="libraries.Distributions" name="Generate geometric array">
<arguments>
<arg>${p}</arg>
<arg>${size}</arg>
</arguments>
<assign>
<var>${array}</var>
</assign>
<msg timestamp="20200323 21:10:36.486" level="INFO">${array} = [3 1 4 ... 2 5 1]</msg>
<status starttime="20200323 21:10:36.485" status="PASS" endtime="20200323 21:10:36.486"></status>
</kw>
<kw library="BuiltIn" name="Evaluate">
<doc>Evaluates the given expression in Python and returns the results.</doc>
<arguments>
<arg>len($array)</arg>
</arguments>
<assign>
<var>${length}</var>
</assign>
<msg timestamp="20200323 21:10:36.486" level="INFO">${length} = 10000</msg>
<status starttime="20200323 21:10:36.486" status="PASS" endtime="20200323 21:10:36.487"></status>
</kw>
<kw library="BuiltIn" name="Evaluate">
<doc>Evaluates the given expression in Python and returns the results.</doc>
<arguments>
<arg>min($array)</arg>
</arguments>
<assign>
<var>${min}</var>
</assign>
<msg timestamp="20200323 21:10:36.488" level="INFO">${min} = 1</msg>
<status starttime="20200323 21:10:36.487" status="PASS" endtime="20200323 21:10:36.489"></status>
</kw>
<kw library="BuiltIn" name="Evaluate">
<doc>Evaluates the given expression in Python and returns the results.</doc>
<arguments>
<arg>1/$p</arg>
</arguments>
<assign>
<var>${m_theory}</var>
</assign>
<msg timestamp="20200323 21:10:36.489" level="INFO">${m_theory} = 2.0</msg>
<status starttime="20200323 21:10:36.489" status="PASS" endtime="20200323 21:10:36.489"></status>
</kw>
<kw library="BuiltIn" name="Evaluate">
<doc>Evaluates the given expression in Python and returns the results.</doc>
<arguments>
<arg>$array.mean()</arg>
</arguments>
<assign>
<var>${m_practice}</var>
</assign>
<msg timestamp="20200323 21:10:36.490" level="INFO">${m_practice} = 2.0137</msg>
<status starttime="20200323 21:10:36.490" status="PASS" endtime="20200323 21:10:36.490"></status>
</kw>
<kw library="BuiltIn" name="Evaluate">
<doc>Evaluates the given expression in Python and returns the results.</doc>
<arguments>
<arg>(1-$p)/($p**2)</arg>
</arguments>
<assign>
<var>${d_theory}</var>
</assign>
<msg timestamp="20200323 21:10:36.491" level="INFO">${d_theory} = 2.0</msg>
<status starttime="20200323 21:10:36.491" status="PASS" endtime="20200323 21:10:36.491"></status>
</kw>
<kw name="Find deviation">
<arguments>
<arg>${array}</arg>
<arg>${m_theory}</arg>
</arguments>
<assign>
<var>${d_practice}</var>
</assign>
<kw library="BuiltIn" name="Evaluate">
<doc>Evaluates the given expression in Python and returns the results.</doc>
<arguments>
<arg>sum((xi - ${m_theory})**2 for xi in $array) / len($array)</arg>
</arguments>
<assign>
<var>${deviation}</var>
</assign>
<msg timestamp="20200323 21:10:36.523" level="INFO">${deviation} = 1.9873</msg>
<status starttime="20200323 21:10:36.492" status="PASS" endtime="20200323 21:10:36.523"></status>
</kw>
<msg timestamp="20200323 21:10:36.524" level="INFO">${d_practice} = 1.9873</msg>
<status starttime="20200323 21:10:36.492" status="PASS" endtime="20200323 21:10:36.524"></status>
</kw>
<kw library="BuiltIn" name="Should Be Equal">
<doc>Fails if the given objects are unequal.</doc>
<arguments>
<arg>${length}</arg>
<arg>${size}</arg>
</arguments>
<status starttime="20200323 21:10:36.524" status="PASS" endtime="20200323 21:10:36.524"></status>
</kw>
<kw library="BuiltIn" name="Should Be True">
<doc>Fails if the given condition is not true.</doc>
<arguments>
<arg>${min} &gt;= ${0}</arg>
</arguments>
<status starttime="20200323 21:10:36.525" status="PASS" endtime="20200323 21:10:36.525"></status>
</kw>
<kw library="BuiltIn" name="Should Be True">
<doc>Fails if the given condition is not true.</doc>
<arguments>
<arg>abs(${m_theory} - ${m_practice}) / max(${m_practice}, ${m_theory}) &lt;= ${e}</arg>
</arguments>
<status starttime="20200323 21:10:36.525" status="PASS" endtime="20200323 21:10:36.526"></status>
</kw>
<kw library="BuiltIn" name="Should Be True">
<doc>Fails if the given condition is not true.</doc>
<arguments>
<arg>abs(${d_theory} - ${d_practice}) / max(${d_practice}, ${d_theory}) &lt;= ${e}</arg>
</arguments>
<status starttime="20200323 21:10:36.526" status="PASS" endtime="20200323 21:10:36.527"></status>
</kw>
<doc>geometric distribution test. Comparison of expectation and deviation.</doc>
<tags>
<tag>SimpleTest</tag>
</tags>
<status starttime="20200323 21:10:36.484" status="PASS" critical="yes" endtime="20200323 21:10:36.527"></status>
</test>
<test id="s1-s3-t4" name="Generate valid poisson array">
<kw name="Generate poisson array with mu ${mu} and size ${size}">
<assign>
<var>${array}</var>
</assign>
<kw library="libraries.Distributions" name="Generate poisson array">
<arguments>
<arg>${mu}</arg>
<arg>${size}</arg>
</arguments>
<assign>
<var>${result}</var>
</assign>
<msg timestamp="20200323 21:10:36.531" level="INFO">${result} = [ 7 13 17 ... 14 11  9]</msg>
<status starttime="20200323 21:10:36.528" status="PASS" endtime="20200323 21:10:36.531"></status>
</kw>
<msg timestamp="20200323 21:10:36.532" level="INFO">${array} = [ 7 13 17 ... 14 11  9]</msg>
<status starttime="20200323 21:10:36.528" status="PASS" endtime="20200323 21:10:36.532"></status>
</kw>
<kw library="BuiltIn" name="Evaluate">
<doc>Evaluates the given expression in Python and returns the results.</doc>
<arguments>
<arg>len($array)</arg>
</arguments>
<assign>
<var>${length}</var>
</assign>
<msg timestamp="20200323 21:10:36.533" level="INFO">${length} = 10000</msg>
<status starttime="20200323 21:10:36.532" status="PASS" endtime="20200323 21:10:36.533"></status>
</kw>
<kw library="BuiltIn" name="Evaluate">
<doc>Evaluates the given expression in Python and returns the results.</doc>
<arguments>
<arg>min($array)</arg>
</arguments>
<assign>
<var>${min}</var>
</assign>
<msg timestamp="20200323 21:10:36.535" level="INFO">${min} = 0</msg>
<status starttime="20200323 21:10:36.533" status="PASS" endtime="20200323 21:10:36.535"></status>
</kw>
<kw library="BuiltIn" name="Evaluate">
<doc>Evaluates the given expression in Python and returns the results.</doc>
<arguments>
<arg>$mu</arg>
</arguments>
<assign>
<var>${m_theory}</var>
</assign>
<msg timestamp="20200323 21:10:36.535" level="INFO">${m_theory} = 10</msg>
<status starttime="20200323 21:10:36.535" status="PASS" endtime="20200323 21:10:36.536"></status>
</kw>
<kw library="BuiltIn" name="Evaluate">
<doc>Evaluates the given expression in Python and returns the results.</doc>
<arguments>
<arg>$array.mean()</arg>
</arguments>
<assign>
<var>${m_practice}</var>
</assign>
<msg timestamp="20200323 21:10:36.537" level="INFO">${m_practice} = 9.9997</msg>
<status starttime="20200323 21:10:36.536" status="PASS" endtime="20200323 21:10:36.537"></status>
</kw>
<kw library="BuiltIn" name="Evaluate">
<doc>Evaluates the given expression in Python and returns the results.</doc>
<arguments>
<arg>$mu</arg>
</arguments>
<assign>
<var>${d_theory}</var>
</assign>
<msg timestamp="20200323 21:10:36.537" level="INFO">${d_theory} = 10</msg>
<status starttime="20200323 21:10:36.537" status="PASS" endtime="20200323 21:10:36.538"></status>
</kw>
<kw name="Find deviation">
<arguments>
<arg>${array}</arg>
<arg>${m_theory}</arg>
</arguments>
<assign>
<var>${d_practice}</var>
</assign>
<kw library="BuiltIn" name="Evaluate">
<doc>Evaluates the given expression in Python and returns the results.</doc>
<arguments>
<arg>sum((xi - ${m_theory})**2 for xi in $array) / len($array)</arg>
</arguments>
<assign>
<var>${deviation}</var>
</assign>
<msg timestamp="20200323 21:10:36.546" level="INFO">${deviation} = 9.8977</msg>
<status starttime="20200323 21:10:36.538" status="PASS" endtime="20200323 21:10:36.546"></status>
</kw>
<msg timestamp="20200323 21:10:36.547" level="INFO">${d_practice} = 9.8977</msg>
<status starttime="20200323 21:10:36.538" status="PASS" endtime="20200323 21:10:36.547"></status>
</kw>
<kw library="BuiltIn" name="Should Be Equal">
<doc>Fails if the given objects are unequal.</doc>
<arguments>
<arg>${length}</arg>
<arg>${size}</arg>
</arguments>
<status starttime="20200323 21:10:36.547" status="PASS" endtime="20200323 21:10:36.547"></status>
</kw>
<kw library="BuiltIn" name="Should Be True">
<doc>Fails if the given condition is not true.</doc>
<arguments>
<arg>${min} &gt;= ${0}</arg>
</arguments>
<status starttime="20200323 21:10:36.547" status="PASS" endtime="20200323 21:10:36.548"></status>
</kw>
<kw library="BuiltIn" name="Should Be True">
<doc>Fails if the given condition is not true.</doc>
<arguments>
<arg>abs(${m_theory} - ${m_practice}) / max(${m_practice}, ${m_theory}) &lt;= ${e}</arg>
</arguments>
<status starttime="20200323 21:10:36.548" status="PASS" endtime="20200323 21:10:36.548"></status>
</kw>
<kw library="BuiltIn" name="Should Be True">
<doc>Fails if the given condition is not true.</doc>
<arguments>
<arg>abs(${d_theory} - ${d_practice}) / max(${d_practice}, ${d_theory}) &lt;= ${e}</arg>
</arguments>
<status starttime="20200323 21:10:36.548" status="PASS" endtime="20200323 21:10:36.549"></status>
</kw>
<doc>Poisson distribution test. Comparison of expectation and deviation.</doc>
<tags>
<tag>MiddleTest</tag>
</tags>
<status starttime="20200323 21:10:36.527" status="PASS" critical="yes" endtime="20200323 21:10:36.549"></status>
</test>
<doc>Discrete distribution and Robot Framework.</doc>
<status starttime="20200323 21:10:35.986" status="PASS" endtime="20200323 21:10:36.549"></status>
</suite>
<status starttime="20200323 21:10:35.923" status="PASS" endtime="20200323 21:10:36.550"></status>
</suite>
<statistics>
<total>
<stat fail="0" pass="9">Critical Tests</stat>
<stat fail="0" pass="9">All Tests</stat>
</total>
<tag>
<stat fail="0" pass="1">HardTest</stat>
<stat fail="0" pass="2">MiddleTest</stat>
<stat fail="0" pass="6">SimpleTest</stat>
</tag>
<suite>
<stat fail="0" id="s1" name="Array Test &amp; Number Test &amp; Statistics Test" pass="9">Array Test &amp; Number Test &amp; Statistics Test</stat>
<stat fail="0" id="s1-s1" name="Array Test" pass="3">Array Test &amp; Number Test &amp; Statistics Test.Array Test</stat>
<stat fail="0" id="s1-s2" name="Number Test" pass="2">Array Test &amp; Number Test &amp; Statistics Test.Number Test</stat>
<stat fail="0" id="s1-s3" name="Statistics Test" pass="4">Array Test &amp; Number Test &amp; Statistics Test.Statistics Test</stat>
</suite>
</statistics>
<errors>
</errors>
</robot>
