<?xml version="1.0" encoding="UTF-8"?>
<robot generator="Robot 3.1.2 (Python 3.5.3 on linux)" rpa="false" generated="20200323 21:03:10.913">
<suite name="Array Test &amp; Number Test &amp; Statistics Test" id="s1">
<suite name="Array Test" source="/var/lib/jenkins/workspace/robot/array_test.robot" id="s1-s1">
<test name="Generatiing valid array." id="s1-s1-t1">
<kw library="libraries.ArrayGeneratorLibrary" name="Generate integer array">
<arguments>
<arg>${size}</arg>
<arg>${minimum}</arg>
<arg>${maximum}</arg>
</arguments>
<assign>
<var>${array}</var>
</assign>
<msg timestamp="20200323 21:03:10.944" level="INFO">${array} = [8, 4, 8, 3, 6, 10, 10, 9, 9, 1, 7, 1, 6, 4, 2, 2, 1, 10, 5, 1, 9, 6, 2, 6, 1, 2, 2, 7, 10, 6, 6, 1, 10, 9, 2, 3, 6, 2, 3, 8, 4, 8, 2, 5, 5, 10, 2, 1, 6, 3, 1, 4, 7, 5, 9, 4, 9, 7, 2, 10, 9, 4, 1, 6, ...</msg>
<status starttime="20200323 21:03:10.943" endtime="20200323 21:03:10.944" status="PASS"></status>
</kw>
<kw library="BuiltIn" name="Evaluate">
<doc>Evaluates the given expression in Python and returns the results.</doc>
<arguments>
<arg>len($array)</arg>
</arguments>
<assign>
<var>${length}</var>
</assign>
<msg timestamp="20200323 21:03:10.947" level="INFO">${length} = 100</msg>
<status starttime="20200323 21:03:10.944" endtime="20200323 21:03:10.947" status="PASS"></status>
</kw>
<kw library="BuiltIn" name="Evaluate">
<doc>Evaluates the given expression in Python and returns the results.</doc>
<arguments>
<arg>min($array)</arg>
</arguments>
<assign>
<var>${min}</var>
</assign>
<msg timestamp="20200323 21:03:10.948" level="INFO">${min} = 1</msg>
<status starttime="20200323 21:03:10.947" endtime="20200323 21:03:10.948" status="PASS"></status>
</kw>
<kw library="BuiltIn" name="Evaluate">
<doc>Evaluates the given expression in Python and returns the results.</doc>
<arguments>
<arg>max($array)</arg>
</arguments>
<assign>
<var>${max}</var>
</assign>
<msg timestamp="20200323 21:03:10.948" level="INFO">${max} = 10</msg>
<status starttime="20200323 21:03:10.948" endtime="20200323 21:03:10.949" status="PASS"></status>
</kw>
<kw library="BuiltIn" name="Should Be Equal">
<doc>Fails if the given objects are unequal.</doc>
<arguments>
<arg>${length}</arg>
<arg>${size}</arg>
</arguments>
<status starttime="20200323 21:03:10.949" endtime="20200323 21:03:10.949" status="PASS"></status>
</kw>
<kw library="BuiltIn" name="Should Be True">
<doc>Fails if the given condition is not true.</doc>
<arguments>
<arg>${min} &gt;= ${minimum}</arg>
</arguments>
<status starttime="20200323 21:03:10.949" endtime="20200323 21:03:10.949" status="PASS"></status>
</kw>
<kw library="BuiltIn" name="Should Be True">
<doc>Fails if the given condition is not true.</doc>
<arguments>
<arg>${max} &lt;= ${maximum}</arg>
</arguments>
<status starttime="20200323 21:03:10.949" endtime="20200323 21:03:10.950" status="PASS"></status>
</kw>
<tags>
<tag>SimpleTest</tag>
</tags>
<status starttime="20200323 21:03:10.942" endtime="20200323 21:03:10.950" status="PASS" critical="yes"></status>
</test>
<test name="Generatiing valid array using decorator." id="s1-s1-t2">
<kw name="Generate 10 numbers, from 1 to 10">
<assign>
<var>${array}</var>
</assign>
<kw library="libraries.ArrayGeneratorLibrary" name="Generate integer array">
<arguments>
<arg>${n}</arg>
<arg>${from}</arg>
<arg>${to}</arg>
</arguments>
<assign>
<var>${result}</var>
</assign>
<msg timestamp="20200323 21:03:10.951" level="INFO">${result} = [1, 8, 10, 2, 6, 5, 4, 2, 10, 1]</msg>
<status starttime="20200323 21:03:10.951" endtime="20200323 21:03:10.951" status="PASS"></status>
</kw>
<msg timestamp="20200323 21:03:10.952" level="INFO">${array} = [1, 8, 10, 2, 6, 5, 4, 2, 10, 1]</msg>
<status starttime="20200323 21:03:10.951" endtime="20200323 21:03:10.952" status="PASS"></status>
</kw>
<kw library="BuiltIn" name="Evaluate">
<doc>Evaluates the given expression in Python and returns the results.</doc>
<arguments>
<arg>len($array)</arg>
</arguments>
<assign>
<var>${length}</var>
</assign>
<msg timestamp="20200323 21:03:10.952" level="INFO">${length} = 10</msg>
<status starttime="20200323 21:03:10.952" endtime="20200323 21:03:10.953" status="PASS"></status>
</kw>
<kw library="BuiltIn" name="Evaluate">
<doc>Evaluates the given expression in Python and returns the results.</doc>
<arguments>
<arg>min($array)</arg>
</arguments>
<assign>
<var>${min}</var>
</assign>
<msg timestamp="20200323 21:03:10.953" level="INFO">${min} = 1</msg>
<status starttime="20200323 21:03:10.953" endtime="20200323 21:03:10.953" status="PASS"></status>
</kw>
<kw library="BuiltIn" name="Evaluate">
<doc>Evaluates the given expression in Python and returns the results.</doc>
<arguments>
<arg>max($array)</arg>
</arguments>
<assign>
<var>${max}</var>
</assign>
<msg timestamp="20200323 21:03:10.954" level="INFO">${max} = 10</msg>
<status starttime="20200323 21:03:10.954" endtime="20200323 21:03:10.954" status="PASS"></status>
</kw>
<kw library="BuiltIn" name="Should Be Equal">
<doc>Fails if the given objects are unequal.</doc>
<arguments>
<arg>${length}</arg>
<arg>${10}</arg>
</arguments>
<status starttime="20200323 21:03:10.954" endtime="20200323 21:03:10.955" status="PASS"></status>
</kw>
<kw library="BuiltIn" name="Should Be True">
<doc>Fails if the given condition is not true.</doc>
<arguments>
<arg>${min} &gt;= ${1}</arg>
</arguments>
<status starttime="20200323 21:03:10.955" endtime="20200323 21:03:10.955" status="PASS"></status>
</kw>
<kw library="BuiltIn" name="Should Be True">
<doc>Fails if the given condition is not true.</doc>
<arguments>
<arg>${max} &lt;= ${10}</arg>
</arguments>
<status starttime="20200323 21:03:10.955" endtime="20200323 21:03:10.956" status="PASS"></status>
</kw>
<tags>
<tag>MiddleTest</tag>
</tags>
<status starttime="20200323 21:03:10.950" endtime="20200323 21:03:10.956" status="PASS" critical="yes"></status>
</test>
<test name="Generating valid array and search even and odd numbers." id="s1-s1-t3">
<kw library="BuiltIn" name="Create List">
<doc>Returns a list containing given items.</doc>
<arguments>
<arg>even</arg>
<arg>odd</arg>
</arguments>
<assign>
<var>${types}</var>
</assign>
<msg timestamp="20200323 21:03:10.957" level="INFO">${types} = ['even', 'odd']</msg>
<status starttime="20200323 21:03:10.956" endtime="20200323 21:03:10.957" status="PASS"></status>
</kw>
<kw name="Generate 100 numbers, from 1 to 10">
<assign>
<var>${array}</var>
</assign>
<kw library="libraries.ArrayGeneratorLibrary" name="Generate integer array">
<arguments>
<arg>${n}</arg>
<arg>${from}</arg>
<arg>${to}</arg>
</arguments>
<assign>
<var>${result}</var>
</assign>
<msg timestamp="20200323 21:03:10.958" level="INFO">${result} = [8, 3, 10, 2, 9, 1, 3, 1, 2, 1, 9, 5, 5, 6, 1, 3, 4, 8, 2, 6, 2, 8, 7, 9, 4, 6, 10, 7, 8, 4, 5, 3, 9, 9, 3, 4, 6, 8, 1, 5, 7, 10, 1, 9, 6, 6, 9, 9, 3, 6, 6, 10, 1, 8, 1, 6, 6, 5, 3, 1, 1, 8, 6, 1, 7, ...</msg>
<status starttime="20200323 21:03:10.957" endtime="20200323 21:03:10.958" status="PASS"></status>
</kw>
<msg timestamp="20200323 21:03:10.958" level="INFO">${array} = [8, 3, 10, 2, 9, 1, 3, 1, 2, 1, 9, 5, 5, 6, 1, 3, 4, 8, 2, 6, 2, 8, 7, 9, 4, 6, 10, 7, 8, 4, 5, 3, 9, 9, 3, 4, 6, 8, 1, 5, 7, 10, 1, 9, 6, 6, 9, 9, 3, 6, 6, 10, 1, 8, 1, 6, 6, 5, 3, 1, 1, 8, 6, 1, 7, ...</msg>
<status starttime="20200323 21:03:10.957" endtime="20200323 21:03:10.958" status="PASS"></status>
</kw>
<kw name="${type} IN [ @{types} ]" type="for">
<kw name="${type} = even" type="foritem">
<kw library="BuiltIn" name="Run Keyword">
<doc>Executes the given keyword with the given arguments.</doc>
<arguments>
<arg>Find ${type} number in the list</arg>
<arg>${array}</arg>
</arguments>
<assign>
<var>${numbers}</var>
</assign>
<kw name="Find even number in the list">
<arguments>
<arg>${array}</arg>
</arguments>
<kw library="BuiltIn" name="Evaluate">
<doc>Evaluates the given expression in Python and returns the results.</doc>
<arguments>
<arg>[i for i in $list if i % 2 == 0]</arg>
</arguments>
<assign>
<var>${evens}</var>
</assign>
<msg timestamp="20200323 21:03:10.961" level="INFO">${evens} = [8, 10, 2, 2, 6, 4, 8, 2, 6, 2, 8, 4, 6, 10, 8, 4, 4, 6, 8, 10, 6, 6, 6, 6, 10, 8, 6, 6, 8, 6, 2, 8, 8, 10, 4, 6, 10, 8, 2, 8, 8, 8, 8, 4, 4, 4, 10]</msg>
<status starttime="20200323 21:03:10.960" endtime="20200323 21:03:10.961" status="PASS"></status>
</kw>
<status starttime="20200323 21:03:10.959" endtime="20200323 21:03:10.961" status="PASS"></status>
</kw>
<msg timestamp="20200323 21:03:10.961" level="INFO">${numbers} = [8, 10, 2, 2, 6, 4, 8, 2, 6, 2, 8, 4, 6, 10, 8, 4, 4, 6, 8, 10, 6, 6, 6, 6, 10, 8, 6, 6, 8, 6, 2, 8, 8, 10, 4, 6, 10, 8, 2, 8, 8, 8, 8, 4, 4, 4, 10]</msg>
<status starttime="20200323 21:03:10.958" endtime="20200323 21:03:10.961" status="PASS"></status>
</kw>
<kw library="BuiltIn" name="Evaluate">
<doc>Evaluates the given expression in Python and returns the results.</doc>
<arguments>
<arg>len($numbers)</arg>
</arguments>
<assign>
<var>${length}</var>
</assign>
<msg timestamp="20200323 21:03:10.962" level="INFO">${length} = 47</msg>
<status starttime="20200323 21:03:10.961" endtime="20200323 21:03:10.962" status="PASS"></status>
</kw>
<kw library="BuiltIn" name="Should Be True">
<doc>Fails if the given condition is not true.</doc>
<arguments>
<arg>${length} &gt;= ${1}</arg>
</arguments>
<status starttime="20200323 21:03:10.962" endtime="20200323 21:03:10.962" status="PASS"></status>
</kw>
<status starttime="20200323 21:03:10.958" endtime="20200323 21:03:10.962" status="PASS"></status>
</kw>
<kw name="${type} = odd" type="foritem">
<kw library="BuiltIn" name="Run Keyword">
<doc>Executes the given keyword with the given arguments.</doc>
<arguments>
<arg>Find ${type} number in the list</arg>
<arg>${array}</arg>
</arguments>
<assign>
<var>${numbers}</var>
</assign>
<kw name="Find odd number in the list">
<arguments>
<arg>${array}</arg>
</arguments>
<kw library="BuiltIn" name="Evaluate">
<doc>Evaluates the given expression in Python and returns the results.</doc>
<arguments>
<arg>[i for i in $list if i % 2 != 0]</arg>
</arguments>
<assign>
<var>${odds}</var>
</assign>
<msg timestamp="20200323 21:03:10.964" level="INFO">${odds} = [3, 9, 1, 3, 1, 1, 9, 5, 5, 1, 3, 7, 9, 7, 5, 3, 9, 9, 3, 1, 5, 7, 1, 9, 9, 9, 3, 1, 1, 5, 3, 1, 1, 1, 7, 9, 9, 7, 3, 3, 7, 5, 3, 9, 3, 5, 9, 3, 3, 1, 5, 3, 3]</msg>
<status starttime="20200323 21:03:10.963" endtime="20200323 21:03:10.964" status="PASS"></status>
</kw>
<status starttime="20200323 21:03:10.963" endtime="20200323 21:03:10.964" status="PASS"></status>
</kw>
<msg timestamp="20200323 21:03:10.964" level="INFO">${numbers} = [3, 9, 1, 3, 1, 1, 9, 5, 5, 1, 3, 7, 9, 7, 5, 3, 9, 9, 3, 1, 5, 7, 1, 9, 9, 9, 3, 1, 1, 5, 3, 1, 1, 1, 7, 9, 9, 7, 3, 3, 7, 5, 3, 9, 3, 5, 9, 3, 3, 1, 5, 3, 3]</msg>
<status starttime="20200323 21:03:10.963" endtime="20200323 21:03:10.964" status="PASS"></status>
</kw>
<kw library="BuiltIn" name="Evaluate">
<doc>Evaluates the given expression in Python and returns the results.</doc>
<arguments>
<arg>len($numbers)</arg>
</arguments>
<assign>
<var>${length}</var>
</assign>
<msg timestamp="20200323 21:03:10.965" level="INFO">${length} = 53</msg>
<status starttime="20200323 21:03:10.964" endtime="20200323 21:03:10.965" status="PASS"></status>
</kw>
<kw library="BuiltIn" name="Should Be True">
<doc>Fails if the given condition is not true.</doc>
<arguments>
<arg>${length} &gt;= ${1}</arg>
</arguments>
<status starttime="20200323 21:03:10.965" endtime="20200323 21:03:10.966" status="PASS"></status>
</kw>
<status starttime="20200323 21:03:10.963" endtime="20200323 21:03:10.966" status="PASS"></status>
</kw>
<status starttime="20200323 21:03:10.958" endtime="20200323 21:03:10.966" status="PASS"></status>
</kw>
<tags>
<tag>HardTest</tag>
</tags>
<status starttime="20200323 21:03:10.956" endtime="20200323 21:03:10.966" status="PASS" critical="yes"></status>
</test>
<doc>Python and Robot Framework.</doc>
<status starttime="20200323 21:03:10.937" endtime="20200323 21:03:10.966" status="PASS"></status>
</suite>
<suite name="Number Test" source="/var/lib/jenkins/workspace/robot/number_test.robot" id="s1-s2">
<test name="Search for the minimum." id="s1-s2-t1">
<kw library="libraries.ArrayGeneratorLibrary" name="Find minimum">
<arguments>
<arg>${5}</arg>
<arg>${10}</arg>
</arguments>
<assign>
<var>${min}</var>
</assign>
<msg timestamp="20200323 21:03:10.970" level="INFO">${min} = 5</msg>
<status starttime="20200323 21:03:10.970" endtime="20200323 21:03:10.970" status="PASS"></status>
</kw>
<kw library="BuiltIn" name="Should Be Equal">
<doc>Fails if the given objects are unequal.</doc>
<arguments>
<arg>${min}</arg>
<arg>${5}</arg>
</arguments>
<status starttime="20200323 21:03:10.970" endtime="20200323 21:03:10.970" status="PASS"></status>
</kw>
<kw library="libraries.ArrayGeneratorLibrary" name="Find minimum">
<arguments>
<arg>${0}</arg>
<arg>${-5}</arg>
</arguments>
<assign>
<var>${min}</var>
</assign>
<msg timestamp="20200323 21:03:10.971" level="INFO">${min} = -5</msg>
<status starttime="20200323 21:03:10.971" endtime="20200323 21:03:10.971" status="PASS"></status>
</kw>
<kw library="BuiltIn" name="Should Be Equal">
<doc>Fails if the given objects are unequal.</doc>
<arguments>
<arg>${min}</arg>
<arg>${-5}</arg>
</arguments>
<status starttime="20200323 21:03:10.971" endtime="20200323 21:03:10.971" status="PASS"></status>
</kw>
<kw library="libraries.ArrayGeneratorLibrary" name="Find minimum">
<arguments>
<arg>${5}</arg>
<arg>${5}</arg>
</arguments>
<assign>
<var>${min}</var>
</assign>
<msg timestamp="20200323 21:03:10.972" level="INFO">${min} = 5</msg>
<status starttime="20200323 21:03:10.971" endtime="20200323 21:03:10.972" status="PASS"></status>
</kw>
<kw library="BuiltIn" name="Should Be Equal">
<doc>Fails if the given objects are unequal.</doc>
<arguments>
<arg>${min}</arg>
<arg>${5}</arg>
</arguments>
<status starttime="20200323 21:03:10.972" endtime="20200323 21:03:10.972" status="PASS"></status>
</kw>
<tags>
<tag>SimpleTest</tag>
</tags>
<status starttime="20200323 21:03:10.969" endtime="20200323 21:03:10.972" status="PASS" critical="yes"></status>
</test>
<test name="Search for the maximum." id="s1-s2-t2">
<kw library="libraries.ArrayGeneratorLibrary" name="Find maximum">
<arguments>
<arg>${5}</arg>
<arg>${10}</arg>
</arguments>
<assign>
<var>${min}</var>
</assign>
<msg timestamp="20200323 21:03:10.973" level="INFO">${min} = 10</msg>
<status starttime="20200323 21:03:10.973" endtime="20200323 21:03:10.973" status="PASS"></status>
</kw>
<kw library="BuiltIn" name="Should Be Equal">
<doc>Fails if the given objects are unequal.</doc>
<arguments>
<arg>${min}</arg>
<arg>${10}</arg>
</arguments>
<status starttime="20200323 21:03:10.973" endtime="20200323 21:03:10.974" status="PASS"></status>
</kw>
<kw library="libraries.ArrayGeneratorLibrary" name="Find maximum">
<arguments>
<arg>${0}</arg>
<arg>${-5}</arg>
</arguments>
<assign>
<var>${min}</var>
</assign>
<msg timestamp="20200323 21:03:10.974" level="INFO">${min} = 0</msg>
<status starttime="20200323 21:03:10.974" endtime="20200323 21:03:10.974" status="PASS"></status>
</kw>
<kw library="BuiltIn" name="Should Be Equal">
<doc>Fails if the given objects are unequal.</doc>
<arguments>
<arg>${min}</arg>
<arg>${0}</arg>
</arguments>
<status starttime="20200323 21:03:10.974" endtime="20200323 21:03:10.975" status="PASS"></status>
</kw>
<kw library="libraries.ArrayGeneratorLibrary" name="Find maximum">
<arguments>
<arg>${5}</arg>
<arg>${5}</arg>
</arguments>
<assign>
<var>${min}</var>
</assign>
<msg timestamp="20200323 21:03:10.975" level="INFO">${min} = 5</msg>
<status starttime="20200323 21:03:10.975" endtime="20200323 21:03:10.975" status="PASS"></status>
</kw>
<kw library="BuiltIn" name="Should Be Equal">
<doc>Fails if the given objects are unequal.</doc>
<arguments>
<arg>${min}</arg>
<arg>${5}</arg>
</arguments>
<status starttime="20200323 21:03:10.975" endtime="20200323 21:03:10.975" status="PASS"></status>
</kw>
<tags>
<tag>SimpleTest</tag>
</tags>
<status starttime="20200323 21:03:10.972" endtime="20200323 21:03:10.975" status="PASS" critical="yes"></status>
</test>
<doc>Robot Framework tests.</doc>
<status starttime="20200323 21:03:10.967" endtime="20200323 21:03:10.976" status="PASS"></status>
</suite>
<suite name="Statistics Test" source="/var/lib/jenkins/workspace/robot/statistics_test.robot" id="s1-s3">
<test name="Generate valid uniform array" id="s1-s3-t1">
<kw library="libraries.Distributions" name="Generate uniform array">
<arguments>
<arg>${low}</arg>
<arg>${up}</arg>
<arg>${size}</arg>
</arguments>
<assign>
<var>${array}</var>
</assign>
<msg timestamp="20200323 21:03:11.389" level="INFO">${array} = [26 32 96 ... 80 21  1]</msg>
<status starttime="20200323 21:03:11.388" endtime="20200323 21:03:11.389" status="PASS"></status>
</kw>
<kw library="BuiltIn" name="Evaluate">
<doc>Evaluates the given expression in Python and returns the results.</doc>
<arguments>
<arg>len($array)</arg>
</arguments>
<assign>
<var>${length}</var>
</assign>
<msg timestamp="20200323 21:03:11.390" level="INFO">${length} = 10000</msg>
<status starttime="20200323 21:03:11.389" endtime="20200323 21:03:11.390" status="PASS"></status>
</kw>
<kw library="BuiltIn" name="Evaluate">
<doc>Evaluates the given expression in Python and returns the results.</doc>
<arguments>
<arg>min($array)</arg>
</arguments>
<assign>
<var>${min}</var>
</assign>
<msg timestamp="20200323 21:03:11.392" level="INFO">${min} = 1</msg>
<status starttime="20200323 21:03:11.390" endtime="20200323 21:03:11.392" status="PASS"></status>
</kw>
<kw library="BuiltIn" name="Evaluate">
<doc>Evaluates the given expression in Python and returns the results.</doc>
<arguments>
<arg>max($array)</arg>
</arguments>
<assign>
<var>${max}</var>
</assign>
<msg timestamp="20200323 21:03:11.394" level="INFO">${max} = 99</msg>
<status starttime="20200323 21:03:11.392" endtime="20200323 21:03:11.394" status="PASS"></status>
</kw>
<kw library="BuiltIn" name="Evaluate">
<doc>Evaluates the given expression in Python and returns the results.</doc>
<arguments>
<arg>($up + $low) / 2</arg>
</arguments>
<assign>
<var>${m_theory}</var>
</assign>
<msg timestamp="20200323 21:03:11.395" level="INFO">${m_theory} = 50.5</msg>
<status starttime="20200323 21:03:11.394" endtime="20200323 21:03:11.395" status="PASS"></status>
</kw>
<kw library="BuiltIn" name="Evaluate">
<doc>Evaluates the given expression in Python and returns the results.</doc>
<arguments>
<arg>$array.mean()</arg>
</arguments>
<assign>
<var>${m_practice}</var>
</assign>
<msg timestamp="20200323 21:03:11.396" level="INFO">${m_practice} = 49.9993</msg>
<status starttime="20200323 21:03:11.395" endtime="20200323 21:03:11.396" status="PASS"></status>
</kw>
<kw library="BuiltIn" name="Evaluate">
<doc>Evaluates the given expression in Python and returns the results.</doc>
<arguments>
<arg>(($up - $low + 1)**2 - 1) / 12</arg>
</arguments>
<assign>
<var>${d_theory}</var>
</assign>
<msg timestamp="20200323 21:03:11.397" level="INFO">${d_theory} = 833.25</msg>
<status starttime="20200323 21:03:11.396" endtime="20200323 21:03:11.397" status="PASS"></status>
</kw>
<kw name="Find deviation">
<arguments>
<arg>${array}</arg>
<arg>${m_theory}</arg>
</arguments>
<assign>
<var>${d_practice}</var>
</assign>
<kw library="BuiltIn" name="Evaluate">
<doc>Evaluates the given expression in Python and returns the results.</doc>
<arguments>
<arg>sum((xi - ${m_theory})**2 for xi in $array) / len($array)</arg>
</arguments>
<assign>
<var>${deviation}</var>
</assign>
<msg timestamp="20200323 21:03:11.430" level="INFO">${deviation} = 817.9216</msg>
<status starttime="20200323 21:03:11.398" endtime="20200323 21:03:11.430" status="PASS"></status>
</kw>
<msg timestamp="20200323 21:03:11.430" level="INFO">${d_practice} = 817.9216</msg>
<status starttime="20200323 21:03:11.398" endtime="20200323 21:03:11.430" status="PASS"></status>
</kw>
<kw library="BuiltIn" name="Should Be Equal">
<doc>Fails if the given objects are unequal.</doc>
<arguments>
<arg>${length}</arg>
<arg>${size}</arg>
</arguments>
<status starttime="20200323 21:03:11.431" endtime="20200323 21:03:11.431" status="PASS"></status>
</kw>
<kw library="BuiltIn" name="Should Be True">
<doc>Fails if the given condition is not true.</doc>
<arguments>
<arg>${min} &gt;= ${low}</arg>
</arguments>
<status starttime="20200323 21:03:11.431" endtime="20200323 21:03:11.432" status="PASS"></status>
</kw>
<kw library="BuiltIn" name="Should Be True">
<doc>Fails if the given condition is not true.</doc>
<arguments>
<arg>${max} &lt;= ${up}</arg>
</arguments>
<status starttime="20200323 21:03:11.432" endtime="20200323 21:03:11.432" status="PASS"></status>
</kw>
<kw library="BuiltIn" name="Should Be True">
<doc>Fails if the given condition is not true.</doc>
<arguments>
<arg>abs(${m_theory} - ${m_practice}) / max(${m_practice}, ${m_theory}) &lt;= ${e}</arg>
</arguments>
<status starttime="20200323 21:03:11.432" endtime="20200323 21:03:11.433" status="PASS"></status>
</kw>
<kw library="BuiltIn" name="Should Be True">
<doc>Fails if the given condition is not true.</doc>
<arguments>
<arg>abs(${d_theory} - ${d_practice}) / max(${d_practice}, ${d_theory}) &lt;= ${e}</arg>
</arguments>
<status starttime="20200323 21:03:11.433" endtime="20200323 21:03:11.433" status="PASS"></status>
</kw>
<doc>Uniform distribution test.Comparison of expectation and deviation.</doc>
<tags>
<tag>SimpleTest</tag>
</tags>
<status starttime="20200323 21:03:11.387" endtime="20200323 21:03:11.434" status="PASS" critical="yes"></status>
</test>
<test name="Generate valid binomial array" id="s1-s3-t2">
<kw library="libraries.Distributions" name="Generate binomial array">
<arguments>
<arg>${p}</arg>
<arg>${n}</arg>
<arg>${size}</arg>
</arguments>
<assign>
<var>${array}</var>
</assign>
<msg timestamp="20200323 21:03:11.436" level="INFO">${array} = [12  9 16 ... 12  9 10]</msg>
<status starttime="20200323 21:03:11.434" endtime="20200323 21:03:11.436" status="PASS"></status>
</kw>
<kw library="BuiltIn" name="Evaluate">
<doc>Evaluates the given expression in Python and returns the results.</doc>
<arguments>
<arg>len($array)</arg>
</arguments>
<assign>
<var>${length}</var>
</assign>
<msg timestamp="20200323 21:03:11.438" level="INFO">${length} = 10000</msg>
<status starttime="20200323 21:03:11.437" endtime="20200323 21:03:11.438" status="PASS"></status>
</kw>
<kw library="BuiltIn" name="Evaluate">
<doc>Evaluates the given expression in Python and returns the results.</doc>
<arguments>
<arg>min($array)</arg>
</arguments>
<assign>
<var>${min}</var>
</assign>
<msg timestamp="20200323 21:03:11.440" level="INFO">${min} = 2</msg>
<status starttime="20200323 21:03:11.438" endtime="20200323 21:03:11.440" status="PASS"></status>
</kw>
<kw library="BuiltIn" name="Evaluate">
<doc>Evaluates the given expression in Python and returns the results.</doc>
<arguments>
<arg>max($array)</arg>
</arguments>
<assign>
<var>${max}</var>
</assign>
<msg timestamp="20200323 21:03:11.442" level="INFO">${max} = 18</msg>
<status starttime="20200323 21:03:11.440" endtime="20200323 21:03:11.442" status="PASS"></status>
</kw>
<kw library="BuiltIn" name="Evaluate">
<doc>Evaluates the given expression in Python and returns the results.</doc>
<arguments>
<arg>$n * $p</arg>
</arguments>
<assign>
<var>${m_theory}</var>
</assign>
<msg timestamp="20200323 21:03:11.443" level="INFO">${m_theory} = 10.0</msg>
<status starttime="20200323 21:03:11.442" endtime="20200323 21:03:11.443" status="PASS"></status>
</kw>
<kw library="BuiltIn" name="Evaluate">
<doc>Evaluates the given expression in Python and returns the results.</doc>
<arguments>
<arg>$array.mean()</arg>
</arguments>
<assign>
<var>${m_practice}</var>
</assign>
<msg timestamp="20200323 21:03:11.444" level="INFO">${m_practice} = 9.9721</msg>
<status starttime="20200323 21:03:11.443" endtime="20200323 21:03:11.444" status="PASS"></status>
</kw>
<kw library="BuiltIn" name="Evaluate">
<doc>Evaluates the given expression in Python and returns the results.</doc>
<arguments>
<arg>($p * $n * (1-$p))</arg>
</arguments>
<assign>
<var>${d_theory}</var>
</assign>
<msg timestamp="20200323 21:03:11.445" level="INFO">${d_theory} = 5.0</msg>
<status starttime="20200323 21:03:11.444" endtime="20200323 21:03:11.445" status="PASS"></status>
</kw>
<kw name="Find deviation">
<arguments>
<arg>${array}</arg>
<arg>${m_theory}</arg>
</arguments>
<assign>
<var>${d_practice}</var>
</assign>
<kw library="BuiltIn" name="Evaluate">
<doc>Evaluates the given expression in Python and returns the results.</doc>
<arguments>
<arg>sum((xi - ${m_theory})**2 for xi in $array) / len($array)</arg>
</arguments>
<assign>
<var>${deviation}</var>
</assign>
<msg timestamp="20200323 21:03:11.476" level="INFO">${deviation} = 5.1347</msg>
<status starttime="20200323 21:03:11.446" endtime="20200323 21:03:11.477" status="PASS"></status>
</kw>
<msg timestamp="20200323 21:03:11.477" level="INFO">${d_practice} = 5.1347</msg>
<status starttime="20200323 21:03:11.445" endtime="20200323 21:03:11.477" status="PASS"></status>
</kw>
<kw library="BuiltIn" name="Should Be Equal">
<doc>Fails if the given objects are unequal.</doc>
<arguments>
<arg>${length}</arg>
<arg>${size}</arg>
</arguments>
<status starttime="20200323 21:03:11.477" endtime="20200323 21:03:11.477" status="PASS"></status>
</kw>
<kw library="BuiltIn" name="Should Be True">
<doc>Fails if the given condition is not true.</doc>
<arguments>
<arg>${min} &gt;= ${0}</arg>
</arguments>
<status starttime="20200323 21:03:11.478" endtime="20200323 21:03:11.478" status="PASS"></status>
</kw>
<kw library="BuiltIn" name="Should Be True">
<doc>Fails if the given condition is not true.</doc>
<arguments>
<arg>${max} &lt;= ${n}</arg>
</arguments>
<status starttime="20200323 21:03:11.478" endtime="20200323 21:03:11.478" status="PASS"></status>
</kw>
<kw library="BuiltIn" name="Should Be True">
<doc>Fails if the given condition is not true.</doc>
<arguments>
<arg>abs(${m_theory} - ${m_practice}) / max(${m_practice}, ${m_theory}) &lt;= ${e}</arg>
</arguments>
<status starttime="20200323 21:03:11.478" endtime="20200323 21:03:11.479" status="PASS"></status>
</kw>
<kw library="BuiltIn" name="Should Be True">
<doc>Fails if the given condition is not true.</doc>
<arguments>
<arg>abs(${d_theory} - ${d_practice}) / max(${d_practice}, ${d_theory}) &lt;= ${e}</arg>
</arguments>
<status starttime="20200323 21:03:11.479" endtime="20200323 21:03:11.480" status="PASS"></status>
</kw>
<doc>Binomial distribution test. Comparison of expectation and deviation.</doc>
<tags>
<tag>SimpleTest</tag>
</tags>
<status starttime="20200323 21:03:11.434" endtime="20200323 21:03:11.480" status="PASS" critical="yes"></status>
</test>
<test name="Generate valid geometric array" id="s1-s3-t3">
<kw library="libraries.Distributions" name="Generate geometric array">
<arguments>
<arg>${p}</arg>
<arg>${size}</arg>
</arguments>
<assign>
<var>${array}</var>
</assign>
<msg timestamp="20200323 21:03:11.482" level="INFO">${array} = [1 1 2 ... 1 8 1]</msg>
<status starttime="20200323 21:03:11.481" endtime="20200323 21:03:11.482" status="PASS"></status>
</kw>
<kw library="BuiltIn" name="Evaluate">
<doc>Evaluates the given expression in Python and returns the results.</doc>
<arguments>
<arg>len($array)</arg>
</arguments>
<assign>
<var>${length}</var>
</assign>
<msg timestamp="20200323 21:03:11.483" level="INFO">${length} = 10000</msg>
<status starttime="20200323 21:03:11.482" endtime="20200323 21:03:11.483" status="PASS"></status>
</kw>
<kw library="BuiltIn" name="Evaluate">
<doc>Evaluates the given expression in Python and returns the results.</doc>
<arguments>
<arg>min($array)</arg>
</arguments>
<assign>
<var>${min}</var>
</assign>
<msg timestamp="20200323 21:03:11.485" level="INFO">${min} = 1</msg>
<status starttime="20200323 21:03:11.483" endtime="20200323 21:03:11.485" status="PASS"></status>
</kw>
<kw library="BuiltIn" name="Evaluate">
<doc>Evaluates the given expression in Python and returns the results.</doc>
<arguments>
<arg>1/$p</arg>
</arguments>
<assign>
<var>${m_theory}</var>
</assign>
<msg timestamp="20200323 21:03:11.486" level="INFO">${m_theory} = 2.0</msg>
<status starttime="20200323 21:03:11.486" endtime="20200323 21:03:11.486" status="PASS"></status>
</kw>
<kw library="BuiltIn" name="Evaluate">
<doc>Evaluates the given expression in Python and returns the results.</doc>
<arguments>
<arg>$array.mean()</arg>
</arguments>
<assign>
<var>${m_practice}</var>
</assign>
<msg timestamp="20200323 21:03:11.487" level="INFO">${m_practice} = 2.0011</msg>
<status starttime="20200323 21:03:11.486" endtime="20200323 21:03:11.487" status="PASS"></status>
</kw>
<kw library="BuiltIn" name="Evaluate">
<doc>Evaluates the given expression in Python and returns the results.</doc>
<arguments>
<arg>(1-$p)/($p**2)</arg>
</arguments>
<assign>
<var>${d_theory}</var>
</assign>
<msg timestamp="20200323 21:03:11.488" level="INFO">${d_theory} = 2.0</msg>
<status starttime="20200323 21:03:11.487" endtime="20200323 21:03:11.488" status="PASS"></status>
</kw>
<kw name="Find deviation">
<arguments>
<arg>${array}</arg>
<arg>${m_theory}</arg>
</arguments>
<assign>
<var>${d_practice}</var>
</assign>
<kw library="BuiltIn" name="Evaluate">
<doc>Evaluates the given expression in Python and returns the results.</doc>
<arguments>
<arg>sum((xi - ${m_theory})**2 for xi in $array) / len($array)</arg>
</arguments>
<assign>
<var>${deviation}</var>
</assign>
<msg timestamp="20200323 21:03:11.521" level="INFO">${deviation} = 2.0063</msg>
<status starttime="20200323 21:03:11.489" endtime="20200323 21:03:11.521" status="PASS"></status>
</kw>
<msg timestamp="20200323 21:03:11.521" level="INFO">${d_practice} = 2.0063</msg>
<status starttime="20200323 21:03:11.488" endtime="20200323 21:03:11.521" status="PASS"></status>
</kw>
<kw library="BuiltIn" name="Should Be Equal">
<doc>Fails if the given objects are unequal.</doc>
<arguments>
<arg>${length}</arg>
<arg>${size}</arg>
</arguments>
<status starttime="20200323 21:03:11.522" endtime="20200323 21:03:11.522" status="PASS"></status>
</kw>
<kw library="BuiltIn" name="Should Be True">
<doc>Fails if the given condition is not true.</doc>
<arguments>
<arg>${min} &gt;= ${0}</arg>
</arguments>
<status starttime="20200323 21:03:11.522" endtime="20200323 21:03:11.523" status="PASS"></status>
</kw>
<kw library="BuiltIn" name="Should Be True">
<doc>Fails if the given condition is not true.</doc>
<arguments>
<arg>abs(${m_theory} - ${m_practice}) / max(${m_practice}, ${m_theory}) &lt;= ${e}</arg>
</arguments>
<status starttime="20200323 21:03:11.523" endtime="20200323 21:03:11.523" status="PASS"></status>
</kw>
<kw library="BuiltIn" name="Should Be True">
<doc>Fails if the given condition is not true.</doc>
<arguments>
<arg>abs(${d_theory} - ${d_practice}) / max(${d_practice}, ${d_theory}) &lt;= ${e}</arg>
</arguments>
<status starttime="20200323 21:03:11.523" endtime="20200323 21:03:11.524" status="PASS"></status>
</kw>
<doc>geometric distribution test. Comparison of expectation and deviation.</doc>
<tags>
<tag>SimpleTest</tag>
</tags>
<status starttime="20200323 21:03:11.480" endtime="20200323 21:03:11.524" status="PASS" critical="yes"></status>
</test>
<test name="Generate valid poisson array" id="s1-s3-t4">
<kw name="Generate poisson array with mu ${mu} and size ${size}">
<assign>
<var>${array}</var>
</assign>
<kw library="libraries.Distributions" name="Generate poisson array">
<arguments>
<arg>${mu}</arg>
<arg>${size}</arg>
</arguments>
<assign>
<var>${result}</var>
</assign>
<msg timestamp="20200323 21:03:11.529" level="INFO">${result} = [12  7 10 ...  7  8  8]</msg>
<status starttime="20200323 21:03:11.526" endtime="20200323 21:03:11.529" status="PASS"></status>
</kw>
<msg timestamp="20200323 21:03:11.529" level="INFO">${array} = [12  7 10 ...  7  8  8]</msg>
<status starttime="20200323 21:03:11.525" endtime="20200323 21:03:11.529" status="PASS"></status>
</kw>
<kw library="BuiltIn" name="Evaluate">
<doc>Evaluates the given expression in Python and returns the results.</doc>
<arguments>
<arg>len($array)</arg>
</arguments>
<assign>
<var>${length}</var>
</assign>
<msg timestamp="20200323 21:03:11.531" level="INFO">${length} = 10000</msg>
<status starttime="20200323 21:03:11.529" endtime="20200323 21:03:11.531" status="PASS"></status>
</kw>
<kw library="BuiltIn" name="Evaluate">
<doc>Evaluates the given expression in Python and returns the results.</doc>
<arguments>
<arg>min($array)</arg>
</arguments>
<assign>
<var>${min}</var>
</assign>
<msg timestamp="20200323 21:03:11.533" level="INFO">${min} = 1</msg>
<status starttime="20200323 21:03:11.531" endtime="20200323 21:03:11.533" status="PASS"></status>
</kw>
<kw library="BuiltIn" name="Evaluate">
<doc>Evaluates the given expression in Python and returns the results.</doc>
<arguments>
<arg>$mu</arg>
</arguments>
<assign>
<var>${m_theory}</var>
</assign>
<msg timestamp="20200323 21:03:11.534" level="INFO">${m_theory} = 10</msg>
<status starttime="20200323 21:03:11.533" endtime="20200323 21:03:11.534" status="PASS"></status>
</kw>
<kw library="BuiltIn" name="Evaluate">
<doc>Evaluates the given expression in Python and returns the results.</doc>
<arguments>
<arg>$array.mean()</arg>
</arguments>
<assign>
<var>${m_practice}</var>
</assign>
<msg timestamp="20200323 21:03:11.535" level="INFO">${m_practice} = 10.0159</msg>
<status starttime="20200323 21:03:11.534" endtime="20200323 21:03:11.535" status="PASS"></status>
</kw>
<kw library="BuiltIn" name="Evaluate">
<doc>Evaluates the given expression in Python and returns the results.</doc>
<arguments>
<arg>$mu</arg>
</arguments>
<assign>
<var>${d_theory}</var>
</assign>
<msg timestamp="20200323 21:03:11.536" level="INFO">${d_theory} = 10</msg>
<status starttime="20200323 21:03:11.535" endtime="20200323 21:03:11.536" status="PASS"></status>
</kw>
<kw name="Find deviation">
<arguments>
<arg>${array}</arg>
<arg>${m_theory}</arg>
</arguments>
<assign>
<var>${d_practice}</var>
</assign>
<kw library="BuiltIn" name="Evaluate">
<doc>Evaluates the given expression in Python and returns the results.</doc>
<arguments>
<arg>sum((xi - ${m_theory})**2 for xi in $array) / len($array)</arg>
</arguments>
<assign>
<var>${deviation}</var>
</assign>
<msg timestamp="20200323 21:03:11.545" level="INFO">${deviation} = 9.9507</msg>
<status starttime="20200323 21:03:11.537" endtime="20200323 21:03:11.545" status="PASS"></status>
</kw>
<msg timestamp="20200323 21:03:11.545" level="INFO">${d_practice} = 9.9507</msg>
<status starttime="20200323 21:03:11.536" endtime="20200323 21:03:11.545" status="PASS"></status>
</kw>
<kw library="BuiltIn" name="Should Be Equal">
<doc>Fails if the given objects are unequal.</doc>
<arguments>
<arg>${length}</arg>
<arg>${size}</arg>
</arguments>
<status starttime="20200323 21:03:11.546" endtime="20200323 21:03:11.546" status="PASS"></status>
</kw>
<kw library="BuiltIn" name="Should Be True">
<doc>Fails if the given condition is not true.</doc>
<arguments>
<arg>${min} &gt;= ${0}</arg>
</arguments>
<status starttime="20200323 21:03:11.546" endtime="20200323 21:03:11.546" status="PASS"></status>
</kw>
<kw library="BuiltIn" name="Should Be True">
<doc>Fails if the given condition is not true.</doc>
<arguments>
<arg>abs(${m_theory} - ${m_practice}) / max(${m_practice}, ${m_theory}) &lt;= ${e}</arg>
</arguments>
<status starttime="20200323 21:03:11.547" endtime="20200323 21:03:11.547" status="PASS"></status>
</kw>
<kw library="BuiltIn" name="Should Be True">
<doc>Fails if the given condition is not true.</doc>
<arguments>
<arg>abs(${d_theory} - ${d_practice}) / max(${d_practice}, ${d_theory}) &lt;= ${e}</arg>
</arguments>
<status starttime="20200323 21:03:11.547" endtime="20200323 21:03:11.548" status="PASS"></status>
</kw>
<doc>Poisson distribution test. Comparison of expectation and deviation.</doc>
<tags>
<tag>MiddleTest</tag>
</tags>
<status starttime="20200323 21:03:11.525" endtime="20200323 21:03:11.548" status="PASS" critical="yes"></status>
</test>
<doc>Discrete distribution and Robot Framework.</doc>
<status starttime="20200323 21:03:10.976" endtime="20200323 21:03:11.548" status="PASS"></status>
</suite>
<status starttime="20200323 21:03:10.914" endtime="20200323 21:03:11.550" status="PASS"></status>
</suite>
<statistics>
<total>
<stat pass="9" fail="0">Critical Tests</stat>
<stat pass="9" fail="0">All Tests</stat>
</total>
<tag>
<stat pass="1" fail="0">HardTest</stat>
<stat pass="2" fail="0">MiddleTest</stat>
<stat pass="6" fail="0">SimpleTest</stat>
</tag>
<suite>
<stat pass="9" name="Array Test &amp; Number Test &amp; Statistics Test" fail="0" id="s1">Array Test &amp; Number Test &amp; Statistics Test</stat>
<stat pass="3" name="Array Test" fail="0" id="s1-s1">Array Test &amp; Number Test &amp; Statistics Test.Array Test</stat>
<stat pass="2" name="Number Test" fail="0" id="s1-s2">Array Test &amp; Number Test &amp; Statistics Test.Number Test</stat>
<stat pass="4" name="Statistics Test" fail="0" id="s1-s3">Array Test &amp; Number Test &amp; Statistics Test.Statistics Test</stat>
</suite>
</statistics>
<errors>
</errors>
</robot>
