<?xml version="1.0" encoding="UTF-8"?>
<robot generator="Robot 3.1.2 (Python 3.7.4 on darwin)" generated="20200328 19:35:46.480" rpa="false">
<suite id="s1" name="Tests" source="/Users/georgy/Dell/jenkins/jenkins/tests">
<suite id="s1-s1" name="Array Test" source="/Users/georgy/Dell/jenkins/jenkins/tests/array_test.robot">
<test id="s1-s1-t1" name="Generatiing valid array.">
<kw name="Generate integer array">
<arguments>
<arg>${size}</arg>
<arg>${minimum}</arg>
<arg>${maximum}</arg>
</arguments>
<assign>
<var>${array}</var>
</assign>
<msg timestamp="20200328 19:35:46.507" level="FAIL">No keyword with name 'Generate integer array' found.</msg>
<status status="FAIL" starttime="20200328 19:35:46.507" endtime="20200328 19:35:46.508"></status>
</kw>
<tags>
<tag>SimpleTest</tag>
</tags>
<status status="FAIL" starttime="20200328 19:35:46.506" endtime="20200328 19:35:46.508" critical="yes">No keyword with name 'Generate integer array' found.</status>
</test>
<test id="s1-s1-t2" name="Generatiing valid array using decorator.">
<kw name="Generate 10 numbers, from 1 to 10">
<assign>
<var>${array}</var>
</assign>
<kw name="Generate integer array">
<arguments>
<arg>${n}</arg>
<arg>${from}</arg>
<arg>${to}</arg>
</arguments>
<assign>
<var>${result}</var>
</assign>
<msg timestamp="20200328 19:35:46.510" level="FAIL">No keyword with name 'Generate integer array' found.</msg>
<status status="FAIL" starttime="20200328 19:35:46.510" endtime="20200328 19:35:46.510"></status>
</kw>
<status status="FAIL" starttime="20200328 19:35:46.508" endtime="20200328 19:35:46.510"></status>
</kw>
<tags>
<tag>MiddleTest</tag>
</tags>
<status status="FAIL" starttime="20200328 19:35:46.508" endtime="20200328 19:35:46.510" critical="yes">No keyword with name 'Generate integer array' found.</status>
</test>
<test id="s1-s1-t3" name="Generating valid array and search even and odd numbers.">
<kw name="Create List" library="BuiltIn">
<doc>Returns a list containing given items.</doc>
<arguments>
<arg>even</arg>
<arg>odd</arg>
</arguments>
<assign>
<var>${types}</var>
</assign>
<msg timestamp="20200328 19:35:46.511" level="INFO">${types} = ['even', 'odd']</msg>
<status status="PASS" starttime="20200328 19:35:46.511" endtime="20200328 19:35:46.511"></status>
</kw>
<kw name="Generate 100 numbers, from 1 to 10">
<assign>
<var>${array}</var>
</assign>
<kw name="Generate integer array">
<arguments>
<arg>${n}</arg>
<arg>${from}</arg>
<arg>${to}</arg>
</arguments>
<assign>
<var>${result}</var>
</assign>
<msg timestamp="20200328 19:35:46.512" level="FAIL">No keyword with name 'Generate integer array' found.</msg>
<status status="FAIL" starttime="20200328 19:35:46.512" endtime="20200328 19:35:46.512"></status>
</kw>
<status status="FAIL" starttime="20200328 19:35:46.511" endtime="20200328 19:35:46.513"></status>
</kw>
<tags>
<tag>HardTest</tag>
</tags>
<status status="FAIL" starttime="20200328 19:35:46.510" endtime="20200328 19:35:46.513" critical="yes">No keyword with name 'Generate integer array' found.</status>
</test>
<doc>Python and Robot Framework.</doc>
<status status="FAIL" starttime="20200328 19:35:46.504" endtime="20200328 19:35:46.513"></status>
</suite>
<suite id="s1-s2" name="Number Test" source="/Users/georgy/Dell/jenkins/jenkins/tests/number_test.robot">
<test id="s1-s2-t1" name="Search for the minimum.">
<kw name="Find minimum">
<arguments>
<arg>${5}</arg>
<arg>${10}</arg>
</arguments>
<assign>
<var>${min}</var>
</assign>
<msg timestamp="20200328 19:35:46.517" level="FAIL">No keyword with name 'Find minimum' found.</msg>
<status status="FAIL" starttime="20200328 19:35:46.517" endtime="20200328 19:35:46.518"></status>
</kw>
<tags>
<tag>SimpleTest</tag>
</tags>
<status status="FAIL" starttime="20200328 19:35:46.516" endtime="20200328 19:35:46.518" critical="yes">No keyword with name 'Find minimum' found.</status>
</test>
<test id="s1-s2-t2" name="Search for the maximum.">
<kw name="Find maximum">
<arguments>
<arg>${5}</arg>
<arg>${10}</arg>
</arguments>
<assign>
<var>${min}</var>
</assign>
<msg timestamp="20200328 19:35:46.519" level="FAIL">No keyword with name 'Find maximum' found.</msg>
<status status="FAIL" starttime="20200328 19:35:46.519" endtime="20200328 19:35:46.519"></status>
</kw>
<tags>
<tag>SimpleTest</tag>
</tags>
<status status="FAIL" starttime="20200328 19:35:46.518" endtime="20200328 19:35:46.519" critical="yes">No keyword with name 'Find maximum' found.</status>
</test>
<doc>Robot Framework tests.</doc>
<status status="FAIL" starttime="20200328 19:35:46.514" endtime="20200328 19:35:46.520"></status>
</suite>
<suite id="s1-s3" name="Statistics Test" source="/Users/georgy/Dell/jenkins/jenkins/tests/statistics_test.robot">
<test id="s1-s3-t1" name="Generate valid uniform array">
<kw name="Generate uniform array">
<arguments>
<arg>${low}</arg>
<arg>${up}</arg>
<arg>${size}</arg>
</arguments>
<assign>
<var>${array}</var>
</assign>
<msg timestamp="20200328 19:35:46.525" level="FAIL">No keyword with name 'Generate uniform array' found.</msg>
<status status="FAIL" starttime="20200328 19:35:46.525" endtime="20200328 19:35:46.525"></status>
</kw>
<doc>Uniform distribution test.Comparison of expectation and deviation.</doc>
<tags>
<tag>SimpleTest</tag>
</tags>
<status status="FAIL" starttime="20200328 19:35:46.524" endtime="20200328 19:35:46.526" critical="yes">No keyword with name 'Generate uniform array' found.</status>
</test>
<test id="s1-s3-t2" name="Generate valid binomial array">
<kw name="Generate binomial array">
<arguments>
<arg>${p}</arg>
<arg>${n}</arg>
<arg>${size}</arg>
</arguments>
<assign>
<var>${array}</var>
</assign>
<msg timestamp="20200328 19:35:46.528" level="FAIL">No keyword with name 'Generate binomial array' found.</msg>
<status status="FAIL" starttime="20200328 19:35:46.527" endtime="20200328 19:35:46.528"></status>
</kw>
<doc>Binomial distribution test. Comparison of expectation and deviation.</doc>
<tags>
<tag>SimpleTest</tag>
</tags>
<status status="FAIL" starttime="20200328 19:35:46.526" endtime="20200328 19:35:46.528" critical="yes">No keyword with name 'Generate binomial array' found.</status>
</test>
<test id="s1-s3-t3" name="Generate valid geometric array">
<kw name="Generate geometric array">
<arguments>
<arg>${p}</arg>
<arg>${size}</arg>
</arguments>
<assign>
<var>${array}</var>
</assign>
<msg timestamp="20200328 19:35:46.530" level="FAIL">No keyword with name 'Generate geometric array' found.</msg>
<status status="FAIL" starttime="20200328 19:35:46.530" endtime="20200328 19:35:46.530"></status>
</kw>
<doc>geometric distribution test. Comparison of expectation and deviation.</doc>
<tags>
<tag>SimpleTest</tag>
</tags>
<status status="FAIL" starttime="20200328 19:35:46.528" endtime="20200328 19:35:46.530" critical="yes">No keyword with name 'Generate geometric array' found.</status>
</test>
<test id="s1-s3-t4" name="Generate valid poisson array">
<kw name="Generate poisson array with mu ${mu} and size ${size}">
<assign>
<var>${array}</var>
</assign>
<kw name="Generate poisson array">
<arguments>
<arg>${mu}</arg>
<arg>${size}</arg>
</arguments>
<assign>
<var>${result}</var>
</assign>
<msg timestamp="20200328 19:35:46.532" level="FAIL">No keyword with name 'Generate poisson array' found.</msg>
<status status="FAIL" starttime="20200328 19:35:46.532" endtime="20200328 19:35:46.532"></status>
</kw>
<status status="FAIL" starttime="20200328 19:35:46.530" endtime="20200328 19:35:46.532"></status>
</kw>
<doc>Poisson distribution test. Comparison of expectation and deviation.</doc>
<tags>
<tag>MiddleTest</tag>
</tags>
<status status="FAIL" starttime="20200328 19:35:46.530" endtime="20200328 19:35:46.532" critical="yes">No keyword with name 'Generate poisson array' found.</status>
</test>
<doc>Discrete distribution and Robot Framework.</doc>
<status status="FAIL" starttime="20200328 19:35:46.520" endtime="20200328 19:35:46.533"></status>
</suite>
<status status="FAIL" starttime="20200328 19:35:46.481" endtime="20200328 19:35:46.533"></status>
</suite>
<statistics>
<total>
<stat pass="0" fail="9">Critical Tests</stat>
<stat pass="0" fail="9">All Tests</stat>
</total>
<tag>
<stat pass="0" fail="1">HardTest</stat>
<stat pass="0" fail="2">MiddleTest</stat>
<stat pass="0" fail="6">SimpleTest</stat>
</tag>
<suite>
<stat pass="0" fail="9" id="s1" name="Tests">Tests</stat>
<stat pass="0" fail="3" id="s1-s1" name="Array Test">Tests.Array Test</stat>
<stat pass="0" fail="2" id="s1-s2" name="Number Test">Tests.Number Test</stat>
<stat pass="0" fail="4" id="s1-s3" name="Statistics Test">Tests.Statistics Test</stat>
</suite>
</statistics>
<errors>
<msg timestamp="20200328 19:35:46.468" level="ERROR">Error in file '/Users/georgy/Dell/jenkins/jenkins/tests/array_test.robot': Non-existing setting '|Library|'.</msg>
<msg timestamp="20200328 19:35:46.516" level="ERROR">Error in file '/Users/georgy/Dell/jenkins/jenkins/tests/number_test.robot': Importing test library './/libraries.ArrayGeneratorLibrary' failed: ModuleNotFoundError: No module named './/libraries'
Traceback (most recent call last):
  None
PYTHONPATH:
  /Users/georgy/Dell/jenkins/jenkins
  /Library/Frameworks/Python.framework/Versions/3.7/lib/python37.zip
  /Library/Frameworks/Python.framework/Versions/3.7/lib/python3.7
  /Library/Frameworks/Python.framework/Versions/3.7/lib/python3.7/lib-dynload
  /Users/georgy/Library/Python/3.7/lib/python/site-packages
  /Library/Frameworks/Python.framework/Versions/3.7/lib/python3.7/site-packages</msg>
<msg timestamp="20200328 19:35:46.523" level="ERROR">Error in file '/Users/georgy/Dell/jenkins/jenkins/tests/statistics_test.robot': Importing test library '../libraries.Distributions' failed: ModuleNotFoundError: No module named '.'
Traceback (most recent call last):
  None
PYTHONPATH:
  /Users/georgy/Dell/jenkins/jenkins
  /Library/Frameworks/Python.framework/Versions/3.7/lib/python37.zip
  /Library/Frameworks/Python.framework/Versions/3.7/lib/python3.7
  /Library/Frameworks/Python.framework/Versions/3.7/lib/python3.7/lib-dynload
  /Users/georgy/Library/Python/3.7/lib/python/site-packages
  /Library/Frameworks/Python.framework/Versions/3.7/lib/python3.7/site-packages</msg>
</errors>
</robot>
