<?xml version="1.0" encoding="UTF-8"?>
<robot generator="Robot 3.1.2 (Python 3.7.4 on darwin)" generated="20200328 19:50:43.276" rpa="false">
<suite id="s1" name="Jenkins" source="/Users/georgy/Dell/jenkins/jenkins">
<suite id="s1-s1" name="Array Test" source="/Users/georgy/Dell/jenkins/jenkins/array_test.robot">
<test id="s1-s1-t1" name="Generatiing valid array.">
<kw name="Generate integer array" library="libraries.ArrayGeneratorLibrary">
<arguments>
<arg>${size}</arg>
<arg>${minimum}</arg>
<arg>${maximum}</arg>
</arguments>
<assign>
<var>${array}</var>
</assign>
<msg timestamp="20200328 19:50:43.312" level="INFO">${array} = [2, 4, 1, 2, 5, 7, 7, 10, 3, 4, 3, 7, 3, 2, 7, 10, 4, 2, 9, 7, 8, 3, 8, 10, 7, 2, 2, 10, 4, 10, 6, 8, 9, 9, 3, 5, 5, 1, 10, 10, 7, 4, 9, 7, 5, 1, 3, 1, 10, 8, 5, 6, 3, 6, 3, 5, 9, 6, 5, 6, 10, 2, 2, 4...</msg>
<status status="PASS" starttime="20200328 19:50:43.311" endtime="20200328 19:50:43.312"></status>
</kw>
<kw name="Evaluate" library="BuiltIn">
<doc>Evaluates the given expression in Python and returns the results.</doc>
<arguments>
<arg>len($array)</arg>
</arguments>
<assign>
<var>${length}</var>
</assign>
<msg timestamp="20200328 19:50:43.316" level="INFO">${length} = 100</msg>
<status status="PASS" starttime="20200328 19:50:43.312" endtime="20200328 19:50:43.316"></status>
</kw>
<kw name="Evaluate" library="BuiltIn">
<doc>Evaluates the given expression in Python and returns the results.</doc>
<arguments>
<arg>min($array)</arg>
</arguments>
<assign>
<var>${min}</var>
</assign>
<msg timestamp="20200328 19:50:43.317" level="INFO">${min} = 1</msg>
<status status="PASS" starttime="20200328 19:50:43.317" endtime="20200328 19:50:43.317"></status>
</kw>
<kw name="Evaluate" library="BuiltIn">
<doc>Evaluates the given expression in Python and returns the results.</doc>
<arguments>
<arg>max($array)</arg>
</arguments>
<assign>
<var>${max}</var>
</assign>
<msg timestamp="20200328 19:50:43.318" level="INFO">${max} = 10</msg>
<status status="PASS" starttime="20200328 19:50:43.317" endtime="20200328 19:50:43.318"></status>
</kw>
<kw name="Should Be Equal" library="BuiltIn">
<doc>Fails if the given objects are unequal.</doc>
<arguments>
<arg>${length}</arg>
<arg>${size}</arg>
</arguments>
<status status="PASS" starttime="20200328 19:50:43.318" endtime="20200328 19:50:43.318"></status>
</kw>
<kw name="Should Be True" library="BuiltIn">
<doc>Fails if the given condition is not true.</doc>
<arguments>
<arg>${min} &gt;= ${minimum}</arg>
</arguments>
<status status="PASS" starttime="20200328 19:50:43.318" endtime="20200328 19:50:43.319"></status>
</kw>
<kw name="Should Be True" library="BuiltIn">
<doc>Fails if the given condition is not true.</doc>
<arguments>
<arg>${max} &lt;= ${maximum}</arg>
</arguments>
<status status="PASS" starttime="20200328 19:50:43.319" endtime="20200328 19:50:43.319"></status>
</kw>
<tags>
<tag>SimpleTest</tag>
</tags>
<status status="PASS" starttime="20200328 19:50:43.311" endtime="20200328 19:50:43.319" critical="yes"></status>
</test>
<test id="s1-s1-t2" name="Generatiing valid array using decorator.">
<kw name="Generate 10 numbers, from 1 to 10">
<assign>
<var>${array}</var>
</assign>
<kw name="Generate integer array" library="libraries.ArrayGeneratorLibrary">
<arguments>
<arg>${n}</arg>
<arg>${from}</arg>
<arg>${to}</arg>
</arguments>
<assign>
<var>${result}</var>
</assign>
<msg timestamp="20200328 19:50:43.320" level="INFO">${result} = [10, 2, 4, 10, 10, 2, 9, 7, 1, 4]</msg>
<status status="PASS" starttime="20200328 19:50:43.320" endtime="20200328 19:50:43.320"></status>
</kw>
<msg timestamp="20200328 19:50:43.320" level="INFO">${array} = [10, 2, 4, 10, 10, 2, 9, 7, 1, 4]</msg>
<status status="PASS" starttime="20200328 19:50:43.320" endtime="20200328 19:50:43.320"></status>
</kw>
<kw name="Evaluate" library="BuiltIn">
<doc>Evaluates the given expression in Python and returns the results.</doc>
<arguments>
<arg>len($array)</arg>
</arguments>
<assign>
<var>${length}</var>
</assign>
<msg timestamp="20200328 19:50:43.321" level="INFO">${length} = 10</msg>
<status status="PASS" starttime="20200328 19:50:43.321" endtime="20200328 19:50:43.321"></status>
</kw>
<kw name="Evaluate" library="BuiltIn">
<doc>Evaluates the given expression in Python and returns the results.</doc>
<arguments>
<arg>min($array)</arg>
</arguments>
<assign>
<var>${min}</var>
</assign>
<msg timestamp="20200328 19:50:43.322" level="INFO">${min} = 1</msg>
<status status="PASS" starttime="20200328 19:50:43.321" endtime="20200328 19:50:43.322"></status>
</kw>
<kw name="Evaluate" library="BuiltIn">
<doc>Evaluates the given expression in Python and returns the results.</doc>
<arguments>
<arg>max($array)</arg>
</arguments>
<assign>
<var>${max}</var>
</assign>
<msg timestamp="20200328 19:50:43.323" level="INFO">${max} = 10</msg>
<status status="PASS" starttime="20200328 19:50:43.322" endtime="20200328 19:50:43.323"></status>
</kw>
<kw name="Should Be Equal" library="BuiltIn">
<doc>Fails if the given objects are unequal.</doc>
<arguments>
<arg>${length}</arg>
<arg>${10}</arg>
</arguments>
<status status="PASS" starttime="20200328 19:50:43.323" endtime="20200328 19:50:43.323"></status>
</kw>
<kw name="Should Be True" library="BuiltIn">
<doc>Fails if the given condition is not true.</doc>
<arguments>
<arg>${min} &gt;= ${1}</arg>
</arguments>
<status status="PASS" starttime="20200328 19:50:43.323" endtime="20200328 19:50:43.324"></status>
</kw>
<kw name="Should Be True" library="BuiltIn">
<doc>Fails if the given condition is not true.</doc>
<arguments>
<arg>${max} &lt;= ${10}</arg>
</arguments>
<status status="PASS" starttime="20200328 19:50:43.324" endtime="20200328 19:50:43.324"></status>
</kw>
<tags>
<tag>MiddleTest</tag>
</tags>
<status status="PASS" starttime="20200328 19:50:43.319" endtime="20200328 19:50:43.324" critical="yes"></status>
</test>
<test id="s1-s1-t3" name="Generating valid array and search even and odd numbers.">
<kw name="Create List" library="BuiltIn">
<doc>Returns a list containing given items.</doc>
<arguments>
<arg>even</arg>
<arg>odd</arg>
</arguments>
<assign>
<var>${types}</var>
</assign>
<msg timestamp="20200328 19:50:43.325" level="INFO">${types} = ['even', 'odd']</msg>
<status status="PASS" starttime="20200328 19:50:43.325" endtime="20200328 19:50:43.325"></status>
</kw>
<kw name="Generate 100 numbers, from 1 to 10">
<assign>
<var>${array}</var>
</assign>
<kw name="Generate integer array" library="libraries.ArrayGeneratorLibrary">
<arguments>
<arg>${n}</arg>
<arg>${from}</arg>
<arg>${to}</arg>
</arguments>
<assign>
<var>${result}</var>
</assign>
<msg timestamp="20200328 19:50:43.326" level="INFO">${result} = [7, 3, 5, 2, 6, 4, 9, 5, 10, 4, 5, 2, 6, 5, 7, 1, 6, 8, 1, 7, 2, 2, 2, 5, 8, 2, 5, 5, 7, 6, 5, 10, 3, 2, 10, 10, 3, 1, 7, 9, 6, 8, 8, 2, 1, 6, 3, 6, 1, 8, 3, 7, 8, 1, 2, 2, 9, 6, 9, 6, 5, 2, 8, 4, 4, ...</msg>
<status status="PASS" starttime="20200328 19:50:43.325" endtime="20200328 19:50:43.326"></status>
</kw>
<msg timestamp="20200328 19:50:43.326" level="INFO">${array} = [7, 3, 5, 2, 6, 4, 9, 5, 10, 4, 5, 2, 6, 5, 7, 1, 6, 8, 1, 7, 2, 2, 2, 5, 8, 2, 5, 5, 7, 6, 5, 10, 3, 2, 10, 10, 3, 1, 7, 9, 6, 8, 8, 2, 1, 6, 3, 6, 1, 8, 3, 7, 8, 1, 2, 2, 9, 6, 9, 6, 5, 2, 8, 4, 4, ...</msg>
<status status="PASS" starttime="20200328 19:50:43.325" endtime="20200328 19:50:43.326"></status>
</kw>
<kw name="${type} IN [ @{types} ]" type="for">
<kw name="${type} = even" type="foritem">
<kw name="Run Keyword" library="BuiltIn">
<doc>Executes the given keyword with the given arguments.</doc>
<arguments>
<arg>Find ${type} number in the list</arg>
<arg>${array}</arg>
</arguments>
<assign>
<var>${numbers}</var>
</assign>
<kw name="Find even number in the list">
<arguments>
<arg>${array}</arg>
</arguments>
<kw name="Evaluate" library="BuiltIn">
<doc>Evaluates the given expression in Python and returns the results.</doc>
<arguments>
<arg>[i for i in $list if i % 2 == 0]</arg>
</arguments>
<assign>
<var>${evens}</var>
</assign>
<msg timestamp="20200328 19:50:43.328" level="INFO">${evens} = [2, 6, 4, 10, 4, 2, 6, 6, 8, 2, 2, 2, 8, 2, 6, 10, 2, 10, 10, 6, 8, 8, 2, 6, 6, 8, 8, 2, 2, 6, 6, 2, 8, 4, 4, 8, 4, 2, 6, 4, 4, 8, 2, 10, 4, 10, 10, 6, 6, 8, 10, 2, 4, 2, 4, 6, 2]</msg>
<status status="PASS" starttime="20200328 19:50:43.327" endtime="20200328 19:50:43.328"></status>
</kw>
<status status="PASS" starttime="20200328 19:50:43.326" endtime="20200328 19:50:43.328"></status>
</kw>
<msg timestamp="20200328 19:50:43.328" level="INFO">${numbers} = [2, 6, 4, 10, 4, 2, 6, 6, 8, 2, 2, 2, 8, 2, 6, 10, 2, 10, 10, 6, 8, 8, 2, 6, 6, 8, 8, 2, 2, 6, 6, 2, 8, 4, 4, 8, 4, 2, 6, 4, 4, 8, 2, 10, 4, 10, 10, 6, 6, 8, 10, 2, 4, 2, 4, 6, 2]</msg>
<status status="PASS" starttime="20200328 19:50:43.326" endtime="20200328 19:50:43.328"></status>
</kw>
<kw name="Evaluate" library="BuiltIn">
<doc>Evaluates the given expression in Python and returns the results.</doc>
<arguments>
<arg>len($numbers)</arg>
</arguments>
<assign>
<var>${length}</var>
</assign>
<msg timestamp="20200328 19:50:43.329" level="INFO">${length} = 57</msg>
<status status="PASS" starttime="20200328 19:50:43.328" endtime="20200328 19:50:43.329"></status>
</kw>
<kw name="Should Be True" library="BuiltIn">
<doc>Fails if the given condition is not true.</doc>
<arguments>
<arg>${length} &gt;= ${1}</arg>
</arguments>
<status status="PASS" starttime="20200328 19:50:43.329" endtime="20200328 19:50:43.329"></status>
</kw>
<status status="PASS" starttime="20200328 19:50:43.326" endtime="20200328 19:50:43.329"></status>
</kw>
<kw name="${type} = odd" type="foritem">
<kw name="Run Keyword" library="BuiltIn">
<doc>Executes the given keyword with the given arguments.</doc>
<arguments>
<arg>Find ${type} number in the list</arg>
<arg>${array}</arg>
</arguments>
<assign>
<var>${numbers}</var>
</assign>
<kw name="Find odd number in the list">
<arguments>
<arg>${array}</arg>
</arguments>
<kw name="Evaluate" library="BuiltIn">
<doc>Evaluates the given expression in Python and returns the results.</doc>
<arguments>
<arg>[i for i in $list if i % 2 != 0]</arg>
</arguments>
<assign>
<var>${odds}</var>
</assign>
<msg timestamp="20200328 19:50:43.330" level="INFO">${odds} = [7, 3, 5, 9, 5, 5, 5, 7, 1, 1, 7, 5, 5, 5, 7, 5, 3, 3, 1, 7, 9, 1, 3, 1, 3, 7, 1, 9, 9, 5, 9, 1, 1, 9, 1, 1, 7, 1, 3, 7, 9, 7, 7]</msg>
<status status="PASS" starttime="20200328 19:50:43.330" endtime="20200328 19:50:43.330"></status>
</kw>
<status status="PASS" starttime="20200328 19:50:43.329" endtime="20200328 19:50:43.330"></status>
</kw>
<msg timestamp="20200328 19:50:43.330" level="INFO">${numbers} = [7, 3, 5, 9, 5, 5, 5, 7, 1, 1, 7, 5, 5, 5, 7, 5, 3, 3, 1, 7, 9, 1, 3, 1, 3, 7, 1, 9, 9, 5, 9, 1, 1, 9, 1, 1, 7, 1, 3, 7, 9, 7, 7]</msg>
<status status="PASS" starttime="20200328 19:50:43.329" endtime="20200328 19:50:43.330"></status>
</kw>
<kw name="Evaluate" library="BuiltIn">
<doc>Evaluates the given expression in Python and returns the results.</doc>
<arguments>
<arg>len($numbers)</arg>
</arguments>
<assign>
<var>${length}</var>
</assign>
<msg timestamp="20200328 19:50:43.331" level="INFO">${length} = 43</msg>
<status status="PASS" starttime="20200328 19:50:43.331" endtime="20200328 19:50:43.331"></status>
</kw>
<kw name="Should Be True" library="BuiltIn">
<doc>Fails if the given condition is not true.</doc>
<arguments>
<arg>${length} &gt;= ${1}</arg>
</arguments>
<status status="PASS" starttime="20200328 19:50:43.331" endtime="20200328 19:50:43.332"></status>
</kw>
<status status="PASS" starttime="20200328 19:50:43.329" endtime="20200328 19:50:43.332"></status>
</kw>
<status status="PASS" starttime="20200328 19:50:43.326" endtime="20200328 19:50:43.332"></status>
</kw>
<tags>
<tag>HardTest</tag>
</tags>
<status status="PASS" starttime="20200328 19:50:43.324" endtime="20200328 19:50:43.332" critical="yes"></status>
</test>
<doc>Python and Robot Framework.</doc>
<status status="PASS" starttime="20200328 19:50:43.304" endtime="20200328 19:50:43.332"></status>
</suite>
<suite id="s1-s2" name="Number Test" source="/Users/georgy/Dell/jenkins/jenkins/number_test.robot">
<test id="s1-s2-t1" name="Search for the minimum.">
<kw name="Find minimum" library="libraries.ArrayGeneratorLibrary">
<arguments>
<arg>${5}</arg>
<arg>${10}</arg>
</arguments>
<assign>
<var>${min}</var>
</assign>
<msg timestamp="20200328 19:50:43.335" level="INFO">${min} = 5</msg>
<status status="PASS" starttime="20200328 19:50:43.334" endtime="20200328 19:50:43.335"></status>
</kw>
<kw name="Should Be Equal" library="BuiltIn">
<doc>Fails if the given objects are unequal.</doc>
<arguments>
<arg>${min}</arg>
<arg>${5}</arg>
</arguments>
<status status="PASS" starttime="20200328 19:50:43.335" endtime="20200328 19:50:43.335"></status>
</kw>
<kw name="Find minimum" library="libraries.ArrayGeneratorLibrary">
<arguments>
<arg>${0}</arg>
<arg>${-5}</arg>
</arguments>
<assign>
<var>${min}</var>
</assign>
<msg timestamp="20200328 19:50:43.335" level="INFO">${min} = -5</msg>
<status status="PASS" starttime="20200328 19:50:43.335" endtime="20200328 19:50:43.335"></status>
</kw>
<kw name="Should Be Equal" library="BuiltIn">
<doc>Fails if the given objects are unequal.</doc>
<arguments>
<arg>${min}</arg>
<arg>${-5}</arg>
</arguments>
<status status="PASS" starttime="20200328 19:50:43.335" endtime="20200328 19:50:43.336"></status>
</kw>
<kw name="Find minimum" library="libraries.ArrayGeneratorLibrary">
<arguments>
<arg>${5}</arg>
<arg>${5}</arg>
</arguments>
<assign>
<var>${min}</var>
</assign>
<msg timestamp="20200328 19:50:43.336" level="INFO">${min} = 5</msg>
<status status="PASS" starttime="20200328 19:50:43.336" endtime="20200328 19:50:43.336"></status>
</kw>
<kw name="Should Be Equal" library="BuiltIn">
<doc>Fails if the given objects are unequal.</doc>
<arguments>
<arg>${min}</arg>
<arg>${5}</arg>
</arguments>
<status status="PASS" starttime="20200328 19:50:43.336" endtime="20200328 19:50:43.336"></status>
</kw>
<tags>
<tag>SimpleTest</tag>
</tags>
<status status="PASS" starttime="20200328 19:50:43.334" endtime="20200328 19:50:43.336" critical="yes"></status>
</test>
<test id="s1-s2-t2" name="Search for the maximum.">
<kw name="Find maximum" library="libraries.ArrayGeneratorLibrary">
<arguments>
<arg>${5}</arg>
<arg>${10}</arg>
</arguments>
<assign>
<var>${min}</var>
</assign>
<msg timestamp="20200328 19:50:43.337" level="INFO">${min} = 10</msg>
<status status="PASS" starttime="20200328 19:50:43.337" endtime="20200328 19:50:43.337"></status>
</kw>
<kw name="Should Be Equal" library="BuiltIn">
<doc>Fails if the given objects are unequal.</doc>
<arguments>
<arg>${min}</arg>
<arg>${10}</arg>
</arguments>
<status status="PASS" starttime="20200328 19:50:43.337" endtime="20200328 19:50:43.338"></status>
</kw>
<kw name="Find maximum" library="libraries.ArrayGeneratorLibrary">
<arguments>
<arg>${0}</arg>
<arg>${-5}</arg>
</arguments>
<assign>
<var>${min}</var>
</assign>
<msg timestamp="20200328 19:50:43.338" level="INFO">${min} = 0</msg>
<status status="PASS" starttime="20200328 19:50:43.338" endtime="20200328 19:50:43.338"></status>
</kw>
<kw name="Should Be Equal" library="BuiltIn">
<doc>Fails if the given objects are unequal.</doc>
<arguments>
<arg>${min}</arg>
<arg>${0}</arg>
</arguments>
<status status="PASS" starttime="20200328 19:50:43.338" endtime="20200328 19:50:43.338"></status>
</kw>
<kw name="Find maximum" library="libraries.ArrayGeneratorLibrary">
<arguments>
<arg>${5}</arg>
<arg>${5}</arg>
</arguments>
<assign>
<var>${min}</var>
</assign>
<msg timestamp="20200328 19:50:43.339" level="INFO">${min} = 5</msg>
<status status="PASS" starttime="20200328 19:50:43.338" endtime="20200328 19:50:43.339"></status>
</kw>
<kw name="Should Be Equal" library="BuiltIn">
<doc>Fails if the given objects are unequal.</doc>
<arguments>
<arg>${min}</arg>
<arg>${5}</arg>
</arguments>
<status status="PASS" starttime="20200328 19:50:43.339" endtime="20200328 19:50:43.339"></status>
</kw>
<tags>
<tag>SimpleTest</tag>
</tags>
<status status="PASS" starttime="20200328 19:50:43.337" endtime="20200328 19:50:43.339" critical="yes"></status>
</test>
<doc>Robot Framework tests.</doc>
<status status="PASS" starttime="20200328 19:50:43.333" endtime="20200328 19:50:43.340"></status>
</suite>
<suite id="s1-s3" name="Statistics Test" source="/Users/georgy/Dell/jenkins/jenkins/statistics_test.robot">
<test id="s1-s3-t1" name="Generate valid uniform array">
<kw name="Generate uniform array" library="libraries.Distributions">
<arguments>
<arg>${low}</arg>
<arg>${up}</arg>
<arg>${size}</arg>
</arguments>
<assign>
<var>${array}</var>
</assign>
<msg timestamp="20200328 19:50:44.145" level="INFO">${array} = [26 89 52 ...  2  9 39]</msg>
<status status="PASS" starttime="20200328 19:50:44.145" endtime="20200328 19:50:44.145"></status>
</kw>
<kw name="Evaluate" library="BuiltIn">
<doc>Evaluates the given expression in Python and returns the results.</doc>
<arguments>
<arg>len($array)</arg>
</arguments>
<assign>
<var>${length}</var>
</assign>
<msg timestamp="20200328 19:50:44.146" level="INFO">${length} = 10000</msg>
<status status="PASS" starttime="20200328 19:50:44.145" endtime="20200328 19:50:44.146"></status>
</kw>
<kw name="Evaluate" library="BuiltIn">
<doc>Evaluates the given expression in Python and returns the results.</doc>
<arguments>
<arg>min($array)</arg>
</arguments>
<assign>
<var>${min}</var>
</assign>
<msg timestamp="20200328 19:50:44.148" level="INFO">${min} = 1</msg>
<status status="PASS" starttime="20200328 19:50:44.146" endtime="20200328 19:50:44.148"></status>
</kw>
<kw name="Evaluate" library="BuiltIn">
<doc>Evaluates the given expression in Python and returns the results.</doc>
<arguments>
<arg>max($array)</arg>
</arguments>
<assign>
<var>${max}</var>
</assign>
<msg timestamp="20200328 19:50:44.150" level="INFO">${max} = 99</msg>
<status status="PASS" starttime="20200328 19:50:44.148" endtime="20200328 19:50:44.150"></status>
</kw>
<kw name="Evaluate" library="BuiltIn">
<doc>Evaluates the given expression in Python and returns the results.</doc>
<arguments>
<arg>($up + $low) / 2</arg>
</arguments>
<assign>
<var>${m_theory}</var>
</assign>
<msg timestamp="20200328 19:50:44.151" level="INFO">${m_theory} = 50.5</msg>
<status status="PASS" starttime="20200328 19:50:44.150" endtime="20200328 19:50:44.151"></status>
</kw>
<kw name="Evaluate" library="BuiltIn">
<doc>Evaluates the given expression in Python and returns the results.</doc>
<arguments>
<arg>$array.mean()</arg>
</arguments>
<assign>
<var>${m_practice}</var>
</assign>
<msg timestamp="20200328 19:50:44.152" level="INFO">${m_practice} = 49.6651</msg>
<status status="PASS" starttime="20200328 19:50:44.151" endtime="20200328 19:50:44.152"></status>
</kw>
<kw name="Evaluate" library="BuiltIn">
<doc>Evaluates the given expression in Python and returns the results.</doc>
<arguments>
<arg>(($up - $low + 1)**2 - 1) / 12</arg>
</arguments>
<assign>
<var>${d_theory}</var>
</assign>
<msg timestamp="20200328 19:50:44.152" level="INFO">${d_theory} = 833.25</msg>
<status status="PASS" starttime="20200328 19:50:44.152" endtime="20200328 19:50:44.152"></status>
</kw>
<kw name="Find deviation">
<arguments>
<arg>${array}</arg>
<arg>${m_theory}</arg>
</arguments>
<assign>
<var>${d_practice}</var>
</assign>
<kw name="Evaluate" library="BuiltIn">
<doc>Evaluates the given expression in Python and returns the results.</doc>
<arguments>
<arg>sum((xi - ${m_theory})**2 for xi in $array) / len($array)</arg>
</arguments>
<assign>
<var>${deviation}</var>
</assign>
<msg timestamp="20200328 19:50:44.180" level="INFO">${deviation} = 822.9672</msg>
<status status="PASS" starttime="20200328 19:50:44.153" endtime="20200328 19:50:44.180"></status>
</kw>
<msg timestamp="20200328 19:50:44.180" level="INFO">${d_practice} = 822.9672</msg>
<status status="PASS" starttime="20200328 19:50:44.153" endtime="20200328 19:50:44.180"></status>
</kw>
<kw name="Should Be Equal" library="BuiltIn">
<doc>Fails if the given objects are unequal.</doc>
<arguments>
<arg>${length}</arg>
<arg>${size}</arg>
</arguments>
<status status="PASS" starttime="20200328 19:50:44.180" endtime="20200328 19:50:44.180"></status>
</kw>
<kw name="Should Be True" library="BuiltIn">
<doc>Fails if the given condition is not true.</doc>
<arguments>
<arg>${min} &gt;= ${low}</arg>
</arguments>
<status status="PASS" starttime="20200328 19:50:44.181" endtime="20200328 19:50:44.181"></status>
</kw>
<kw name="Should Be True" library="BuiltIn">
<doc>Fails if the given condition is not true.</doc>
<arguments>
<arg>${max} &lt;= ${up}</arg>
</arguments>
<status status="PASS" starttime="20200328 19:50:44.181" endtime="20200328 19:50:44.181"></status>
</kw>
<kw name="Should Be True" library="BuiltIn">
<doc>Fails if the given condition is not true.</doc>
<arguments>
<arg>abs(${m_theory} - ${m_practice}) / max(${m_practice}, ${m_theory}) &lt;= ${e}</arg>
</arguments>
<status status="PASS" starttime="20200328 19:50:44.181" endtime="20200328 19:50:44.182"></status>
</kw>
<kw name="Should Be True" library="BuiltIn">
<doc>Fails if the given condition is not true.</doc>
<arguments>
<arg>abs(${d_theory} - ${d_practice}) / max(${d_practice}, ${d_theory}) &lt;= ${e}</arg>
</arguments>
<status status="PASS" starttime="20200328 19:50:44.182" endtime="20200328 19:50:44.182"></status>
</kw>
<doc>Uniform distribution test.Comparison of expectation and deviation.</doc>
<tags>
<tag>SimpleTest</tag>
</tags>
<status status="PASS" starttime="20200328 19:50:44.144" endtime="20200328 19:50:44.183" critical="yes"></status>
</test>
<test id="s1-s3-t2" name="Generate valid binomial array">
<kw name="Generate binomial array" library="libraries.Distributions">
<arguments>
<arg>${p}</arg>
<arg>${n}</arg>
<arg>${size}</arg>
</arguments>
<assign>
<var>${array}</var>
</assign>
<msg timestamp="20200328 19:50:44.184" level="INFO">${array} = [12  8 14 ... 12 10  7]</msg>
<status status="PASS" starttime="20200328 19:50:44.183" endtime="20200328 19:50:44.184"></status>
</kw>
<kw name="Evaluate" library="BuiltIn">
<doc>Evaluates the given expression in Python and returns the results.</doc>
<arguments>
<arg>len($array)</arg>
</arguments>
<assign>
<var>${length}</var>
</assign>
<msg timestamp="20200328 19:50:44.185" level="INFO">${length} = 10000</msg>
<status status="PASS" starttime="20200328 19:50:44.184" endtime="20200328 19:50:44.185"></status>
</kw>
<kw name="Evaluate" library="BuiltIn">
<doc>Evaluates the given expression in Python and returns the results.</doc>
<arguments>
<arg>min($array)</arg>
</arguments>
<assign>
<var>${min}</var>
</assign>
<msg timestamp="20200328 19:50:44.186" level="INFO">${min} = 2</msg>
<status status="PASS" starttime="20200328 19:50:44.185" endtime="20200328 19:50:44.186"></status>
</kw>
<kw name="Evaluate" library="BuiltIn">
<doc>Evaluates the given expression in Python and returns the results.</doc>
<arguments>
<arg>max($array)</arg>
</arguments>
<assign>
<var>${max}</var>
</assign>
<msg timestamp="20200328 19:50:44.188" level="INFO">${max} = 18</msg>
<status status="PASS" starttime="20200328 19:50:44.187" endtime="20200328 19:50:44.188"></status>
</kw>
<kw name="Evaluate" library="BuiltIn">
<doc>Evaluates the given expression in Python and returns the results.</doc>
<arguments>
<arg>$n * $p</arg>
</arguments>
<assign>
<var>${m_theory}</var>
</assign>
<msg timestamp="20200328 19:50:44.189" level="INFO">${m_theory} = 10.0</msg>
<status status="PASS" starttime="20200328 19:50:44.188" endtime="20200328 19:50:44.189"></status>
</kw>
<kw name="Evaluate" library="BuiltIn">
<doc>Evaluates the given expression in Python and returns the results.</doc>
<arguments>
<arg>$array.mean()</arg>
</arguments>
<assign>
<var>${m_practice}</var>
</assign>
<msg timestamp="20200328 19:50:44.190" level="INFO">${m_practice} = 9.9906</msg>
<status status="PASS" starttime="20200328 19:50:44.189" endtime="20200328 19:50:44.190"></status>
</kw>
<kw name="Evaluate" library="BuiltIn">
<doc>Evaluates the given expression in Python and returns the results.</doc>
<arguments>
<arg>($p * $n * (1-$p))</arg>
</arguments>
<assign>
<var>${d_theory}</var>
</assign>
<msg timestamp="20200328 19:50:44.190" level="INFO">${d_theory} = 5.0</msg>
<status status="PASS" starttime="20200328 19:50:44.190" endtime="20200328 19:50:44.191"></status>
</kw>
<kw name="Find deviation">
<arguments>
<arg>${array}</arg>
<arg>${m_theory}</arg>
</arguments>
<assign>
<var>${d_practice}</var>
</assign>
<kw name="Evaluate" library="BuiltIn">
<doc>Evaluates the given expression in Python and returns the results.</doc>
<arguments>
<arg>sum((xi - ${m_theory})**2 for xi in $array) / len($array)</arg>
</arguments>
<assign>
<var>${deviation}</var>
</assign>
<msg timestamp="20200328 19:50:44.217" level="INFO">${deviation} = 4.9586</msg>
<status status="PASS" starttime="20200328 19:50:44.191" endtime="20200328 19:50:44.217"></status>
</kw>
<msg timestamp="20200328 19:50:44.217" level="INFO">${d_practice} = 4.9586</msg>
<status status="PASS" starttime="20200328 19:50:44.191" endtime="20200328 19:50:44.217"></status>
</kw>
<kw name="Should Be Equal" library="BuiltIn">
<doc>Fails if the given objects are unequal.</doc>
<arguments>
<arg>${length}</arg>
<arg>${size}</arg>
</arguments>
<status status="PASS" starttime="20200328 19:50:44.217" endtime="20200328 19:50:44.217"></status>
</kw>
<kw name="Should Be True" library="BuiltIn">
<doc>Fails if the given condition is not true.</doc>
<arguments>
<arg>${min} &gt;= ${0}</arg>
</arguments>
<status status="PASS" starttime="20200328 19:50:44.217" endtime="20200328 19:50:44.218"></status>
</kw>
<kw name="Should Be True" library="BuiltIn">
<doc>Fails if the given condition is not true.</doc>
<arguments>
<arg>${max} &lt;= ${n}</arg>
</arguments>
<status status="PASS" starttime="20200328 19:50:44.218" endtime="20200328 19:50:44.218"></status>
</kw>
<kw name="Should Be True" library="BuiltIn">
<doc>Fails if the given condition is not true.</doc>
<arguments>
<arg>abs(${m_theory} - ${m_practice}) / max(${m_practice}, ${m_theory}) &lt;= ${e}</arg>
</arguments>
<status status="PASS" starttime="20200328 19:50:44.218" endtime="20200328 19:50:44.218"></status>
</kw>
<kw name="Should Be True" library="BuiltIn">
<doc>Fails if the given condition is not true.</doc>
<arguments>
<arg>abs(${d_theory} - ${d_practice}) / max(${d_practice}, ${d_theory}) &lt;= ${e}</arg>
</arguments>
<status status="PASS" starttime="20200328 19:50:44.218" endtime="20200328 19:50:44.220"></status>
</kw>
<doc>Binomial distribution test. Comparison of expectation and deviation.</doc>
<tags>
<tag>SimpleTest</tag>
</tags>
<status status="PASS" starttime="20200328 19:50:44.183" endtime="20200328 19:50:44.220" critical="yes"></status>
</test>
<test id="s1-s3-t3" name="Generate valid geometric array">
<kw name="Generate geometric array" library="libraries.Distributions">
<arguments>
<arg>${p}</arg>
<arg>${size}</arg>
</arguments>
<assign>
<var>${array}</var>
</assign>
<msg timestamp="20200328 19:50:44.221" level="INFO">${array} = [2 2 3 ... 2 1 3]</msg>
<status status="PASS" starttime="20200328 19:50:44.220" endtime="20200328 19:50:44.221"></status>
</kw>
<kw name="Evaluate" library="BuiltIn">
<doc>Evaluates the given expression in Python and returns the results.</doc>
<arguments>
<arg>len($array)</arg>
</arguments>
<assign>
<var>${length}</var>
</assign>
<msg timestamp="20200328 19:50:44.222" level="INFO">${length} = 10000</msg>
<status status="PASS" starttime="20200328 19:50:44.221" endtime="20200328 19:50:44.222"></status>
</kw>
<kw name="Evaluate" library="BuiltIn">
<doc>Evaluates the given expression in Python and returns the results.</doc>
<arguments>
<arg>min($array)</arg>
</arguments>
<assign>
<var>${min}</var>
</assign>
<msg timestamp="20200328 19:50:44.223" level="INFO">${min} = 1</msg>
<status status="PASS" starttime="20200328 19:50:44.222" endtime="20200328 19:50:44.223"></status>
</kw>
<kw name="Evaluate" library="BuiltIn">
<doc>Evaluates the given expression in Python and returns the results.</doc>
<arguments>
<arg>1/$p</arg>
</arguments>
<assign>
<var>${m_theory}</var>
</assign>
<msg timestamp="20200328 19:50:44.224" level="INFO">${m_theory} = 2.0</msg>
<status status="PASS" starttime="20200328 19:50:44.223" endtime="20200328 19:50:44.224"></status>
</kw>
<kw name="Evaluate" library="BuiltIn">
<doc>Evaluates the given expression in Python and returns the results.</doc>
<arguments>
<arg>$array.mean()</arg>
</arguments>
<assign>
<var>${m_practice}</var>
</assign>
<msg timestamp="20200328 19:50:44.225" level="INFO">${m_practice} = 2.0138</msg>
<status status="PASS" starttime="20200328 19:50:44.224" endtime="20200328 19:50:44.225"></status>
</kw>
<kw name="Evaluate" library="BuiltIn">
<doc>Evaluates the given expression in Python and returns the results.</doc>
<arguments>
<arg>(1-$p)/($p**2)</arg>
</arguments>
<assign>
<var>${d_theory}</var>
</assign>
<msg timestamp="20200328 19:50:44.225" level="INFO">${d_theory} = 2.0</msg>
<status status="PASS" starttime="20200328 19:50:44.225" endtime="20200328 19:50:44.225"></status>
</kw>
<kw name="Find deviation">
<arguments>
<arg>${array}</arg>
<arg>${m_theory}</arg>
</arguments>
<assign>
<var>${d_practice}</var>
</assign>
<kw name="Evaluate" library="BuiltIn">
<doc>Evaluates the given expression in Python and returns the results.</doc>
<arguments>
<arg>sum((xi - ${m_theory})**2 for xi in $array) / len($array)</arg>
</arguments>
<assign>
<var>${deviation}</var>
</assign>
<msg timestamp="20200328 19:50:44.253" level="INFO">${deviation} = 2.0836</msg>
<status status="PASS" starttime="20200328 19:50:44.226" endtime="20200328 19:50:44.253"></status>
</kw>
<msg timestamp="20200328 19:50:44.253" level="INFO">${d_practice} = 2.0836</msg>
<status status="PASS" starttime="20200328 19:50:44.226" endtime="20200328 19:50:44.253"></status>
</kw>
<kw name="Should Be Equal" library="BuiltIn">
<doc>Fails if the given objects are unequal.</doc>
<arguments>
<arg>${length}</arg>
<arg>${size}</arg>
</arguments>
<status status="PASS" starttime="20200328 19:50:44.253" endtime="20200328 19:50:44.254"></status>
</kw>
<kw name="Should Be True" library="BuiltIn">
<doc>Fails if the given condition is not true.</doc>
<arguments>
<arg>${min} &gt;= ${0}</arg>
</arguments>
<status status="PASS" starttime="20200328 19:50:44.254" endtime="20200328 19:50:44.254"></status>
</kw>
<kw name="Should Be True" library="BuiltIn">
<doc>Fails if the given condition is not true.</doc>
<arguments>
<arg>abs(${m_theory} - ${m_practice}) / max(${m_practice}, ${m_theory}) &lt;= ${e}</arg>
</arguments>
<status status="PASS" starttime="20200328 19:50:44.254" endtime="20200328 19:50:44.255"></status>
</kw>
<kw name="Should Be True" library="BuiltIn">
<doc>Fails if the given condition is not true.</doc>
<arguments>
<arg>abs(${d_theory} - ${d_practice}) / max(${d_practice}, ${d_theory}) &lt;= ${e}</arg>
</arguments>
<status status="PASS" starttime="20200328 19:50:44.255" endtime="20200328 19:50:44.255"></status>
</kw>
<doc>geometric distribution test. Comparison of expectation and deviation.</doc>
<tags>
<tag>SimpleTest</tag>
</tags>
<status status="PASS" starttime="20200328 19:50:44.220" endtime="20200328 19:50:44.255" critical="yes"></status>
</test>
<test id="s1-s3-t4" name="Generate valid poisson array">
<kw name="Generate poisson array with mu ${mu} and size ${size}">
<assign>
<var>${array}</var>
</assign>
<kw name="Generate poisson array" library="libraries.Distributions">
<arguments>
<arg>${mu}</arg>
<arg>${size}</arg>
</arguments>
<assign>
<var>${result}</var>
</assign>
<msg timestamp="20200328 19:50:44.258" level="INFO">${result} = [10  8 16 ... 14 11 11]</msg>
<status status="PASS" starttime="20200328 19:50:44.256" endtime="20200328 19:50:44.258"></status>
</kw>
<msg timestamp="20200328 19:50:44.258" level="INFO">${array} = [10  8 16 ... 14 11 11]</msg>
<status status="PASS" starttime="20200328 19:50:44.256" endtime="20200328 19:50:44.258"></status>
</kw>
<kw name="Evaluate" library="BuiltIn">
<doc>Evaluates the given expression in Python and returns the results.</doc>
<arguments>
<arg>len($array)</arg>
</arguments>
<assign>
<var>${length}</var>
</assign>
<msg timestamp="20200328 19:50:44.259" level="INFO">${length} = 10000</msg>
<status status="PASS" starttime="20200328 19:50:44.258" endtime="20200328 19:50:44.259"></status>
</kw>
<kw name="Evaluate" library="BuiltIn">
<doc>Evaluates the given expression in Python and returns the results.</doc>
<arguments>
<arg>min($array)</arg>
</arguments>
<assign>
<var>${min}</var>
</assign>
<msg timestamp="20200328 19:50:44.261" level="INFO">${min} = 0</msg>
<status status="PASS" starttime="20200328 19:50:44.259" endtime="20200328 19:50:44.261"></status>
</kw>
<kw name="Evaluate" library="BuiltIn">
<doc>Evaluates the given expression in Python and returns the results.</doc>
<arguments>
<arg>$mu</arg>
</arguments>
<assign>
<var>${m_theory}</var>
</assign>
<msg timestamp="20200328 19:50:44.262" level="INFO">${m_theory} = 10</msg>
<status status="PASS" starttime="20200328 19:50:44.261" endtime="20200328 19:50:44.262"></status>
</kw>
<kw name="Evaluate" library="BuiltIn">
<doc>Evaluates the given expression in Python and returns the results.</doc>
<arguments>
<arg>$array.mean()</arg>
</arguments>
<assign>
<var>${m_practice}</var>
</assign>
<msg timestamp="20200328 19:50:44.262" level="INFO">${m_practice} = 9.985</msg>
<status status="PASS" starttime="20200328 19:50:44.262" endtime="20200328 19:50:44.262"></status>
</kw>
<kw name="Evaluate" library="BuiltIn">
<doc>Evaluates the given expression in Python and returns the results.</doc>
<arguments>
<arg>$mu</arg>
</arguments>
<assign>
<var>${d_theory}</var>
</assign>
<msg timestamp="20200328 19:50:44.263" level="INFO">${d_theory} = 10</msg>
<status status="PASS" starttime="20200328 19:50:44.262" endtime="20200328 19:50:44.263"></status>
</kw>
<kw name="Find deviation">
<arguments>
<arg>${array}</arg>
<arg>${m_theory}</arg>
</arguments>
<assign>
<var>${d_practice}</var>
</assign>
<kw name="Evaluate" library="BuiltIn">
<doc>Evaluates the given expression in Python and returns the results.</doc>
<arguments>
<arg>sum((xi - ${m_theory})**2 for xi in $array) / len($array)</arg>
</arguments>
<assign>
<var>${deviation}</var>
</assign>
<msg timestamp="20200328 19:50:44.270" level="INFO">${deviation} = 10.154</msg>
<status status="PASS" starttime="20200328 19:50:44.263" endtime="20200328 19:50:44.270"></status>
</kw>
<msg timestamp="20200328 19:50:44.270" level="INFO">${d_practice} = 10.154</msg>
<status status="PASS" starttime="20200328 19:50:44.263" endtime="20200328 19:50:44.270"></status>
</kw>
<kw name="Should Be Equal" library="BuiltIn">
<doc>Fails if the given objects are unequal.</doc>
<arguments>
<arg>${length}</arg>
<arg>${size}</arg>
</arguments>
<status status="PASS" starttime="20200328 19:50:44.270" endtime="20200328 19:50:44.271"></status>
</kw>
<kw name="Should Be True" library="BuiltIn">
<doc>Fails if the given condition is not true.</doc>
<arguments>
<arg>${min} &gt;= ${0}</arg>
</arguments>
<status status="PASS" starttime="20200328 19:50:44.271" endtime="20200328 19:50:44.271"></status>
</kw>
<kw name="Should Be True" library="BuiltIn">
<doc>Fails if the given condition is not true.</doc>
<arguments>
<arg>abs(${m_theory} - ${m_practice}) / max(${m_practice}, ${m_theory}) &lt;= ${e}</arg>
</arguments>
<status status="PASS" starttime="20200328 19:50:44.271" endtime="20200328 19:50:44.272"></status>
</kw>
<kw name="Should Be True" library="BuiltIn">
<doc>Fails if the given condition is not true.</doc>
<arguments>
<arg>abs(${d_theory} - ${d_practice}) / max(${d_practice}, ${d_theory}) &lt;= ${e}</arg>
</arguments>
<status status="PASS" starttime="20200328 19:50:44.272" endtime="20200328 19:50:44.272"></status>
</kw>
<doc>Poisson distribution test. Comparison of expectation and deviation.</doc>
<tags>
<tag>MiddleTest</tag>
</tags>
<status status="PASS" starttime="20200328 19:50:44.256" endtime="20200328 19:50:44.272" critical="yes"></status>
</test>
<doc>Discrete distribution and Robot Framework.</doc>
<status status="PASS" starttime="20200328 19:50:43.340" endtime="20200328 19:50:44.273"></status>
</suite>
<status status="PASS" starttime="20200328 19:50:43.278" endtime="20200328 19:50:44.273"></status>
</suite>
<statistics>
<total>
<stat pass="9" fail="0">Critical Tests</stat>
<stat pass="9" fail="0">All Tests</stat>
</total>
<tag>
<stat pass="1" fail="0">HardTest</stat>
<stat pass="2" fail="0">MiddleTest</stat>
<stat pass="6" fail="0">SimpleTest</stat>
</tag>
<suite>
<stat pass="9" fail="0" id="s1" name="Jenkins">Jenkins</stat>
<stat pass="3" fail="0" id="s1-s1" name="Array Test">Jenkins.Array Test</stat>
<stat pass="2" fail="0" id="s1-s2" name="Number Test">Jenkins.Number Test</stat>
<stat pass="4" fail="0" id="s1-s3" name="Statistics Test">Jenkins.Statistics Test</stat>
</suite>
</statistics>
<errors>
</errors>
</robot>
